[0.236s] DEBUG:colcon:Command line arguments: ['/usr/bin/colcon', 'build']
[0.236s] DEBUG:colcon:Parsed command line arguments: Namespace(log_base=None, log_level=None, verb_name='build', build_base='build', install_base='install', merge_install=False, symlink_install=False, test_result_base=None, continue_on_error=False, executor='parallel', parallel_workers=6, event_handlers=None, ignore_user_meta=False, metas=['./colcon.meta'], base_paths=['.'], packages_ignore=None, packages_ignore_regex=None, paths=None, packages_up_to=None, packages_up_to_regex=None, packages_above=None, packages_above_and_dependencies=None, packages_above_depth=None, packages_select_by_dep=None, packages_skip_by_dep=None, packages_skip_up_to=None, packages_select_build_failed=False, packages_skip_build_finished=False, packages_select_test_failures=False, packages_skip_test_passed=False, packages_select=None, packages_skip=None, packages_select_regex=None, packages_skip_regex=None, packages_start=None, packages_end=None, allow_overriding=[], cmake_args=None, cmake_target=None, cmake_target_skip_unavailable=False, cmake_clean_cache=False, cmake_clean_first=False, cmake_force_configure=False, ament_cmake_args=None, catkin_cmake_args=None, catkin_skip_building_tests=False, mixin_files=None, mixin=None, verb_parser=<colcon_mixin.mixin.mixin_argument.MixinArgumentDecorator object at 0xffffa298e8f0>, verb_extension=<colcon_core.verb.build.BuildVerb object at 0xffffa298e440>, main=<bound method BuildVerb.main of <colcon_core.verb.build.BuildVerb object at 0xffffa298e440>>, mixin_verb=('build',))
[0.650s] Level 1:colcon.colcon_core.package_discovery:discover_packages(colcon_meta) check parameters
[0.650s] Level 1:colcon.colcon_core.package_discovery:discover_packages(recursive) check parameters
[0.651s] Level 1:colcon.colcon_core.package_discovery:discover_packages(ignore) check parameters
[0.651s] Level 1:colcon.colcon_core.package_discovery:discover_packages(path) check parameters
[0.651s] Level 1:colcon.colcon_core.package_discovery:discover_packages(colcon_meta) discover
[0.651s] Level 1:colcon.colcon_core.package_discovery:discover_packages(recursive) discover
[0.651s] INFO:colcon.colcon_core.package_discovery:Crawling recursively for packages in '/home/umdloop/Downloads/ros2_ws'
[0.651s] Level 1:colcon.colcon_core.package_identification:_identify(.) by extensions ['ignore', 'ignore_ament_install']
[0.651s] Level 1:colcon.colcon_core.package_identification:_identify(.) by extension 'ignore'
[0.651s] Level 1:colcon.colcon_core.package_identification:_identify(.) by extension 'ignore_ament_install'
[0.652s] Level 1:colcon.colcon_core.package_identification:_identify(.) by extensions ['colcon_pkg']
[0.652s] Level 1:colcon.colcon_core.package_identification:_identify(.) by extension 'colcon_pkg'
[0.652s] Level 1:colcon.colcon_core.package_identification:_identify(.) by extensions ['colcon_meta']
[0.652s] Level 1:colcon.colcon_core.package_identification:_identify(.) by extension 'colcon_meta'
[0.652s] Level 1:colcon.colcon_core.package_identification:_identify(.) by extensions ['ros']
[0.652s] Level 1:colcon.colcon_core.package_identification:_identify(.) by extension 'ros'
[0.672s] Level 1:colcon.colcon_core.package_identification:_identify(.) by extensions ['cmake', 'python']
[0.672s] Level 1:colcon.colcon_core.package_identification:_identify(.) by extension 'cmake'
[0.672s] Level 1:colcon.colcon_core.package_identification:_identify(.) by extension 'python'
[0.672s] Level 1:colcon.colcon_core.package_identification:_identify(.) by extensions ['python_setup_py']
[0.672s] Level 1:colcon.colcon_core.package_identification:_identify(.) by extension 'python_setup_py'
[0.673s] Level 1:colcon.colcon_core.package_identification:_identify(build) by extensions ['ignore', 'ignore_ament_install']
[0.673s] Level 1:colcon.colcon_core.package_identification:_identify(build) by extension 'ignore'
[0.673s] Level 1:colcon.colcon_core.package_identification:_identify(build) ignored
[0.673s] Level 1:colcon.colcon_core.package_identification:_identify(install) by extensions ['ignore', 'ignore_ament_install']
[0.673s] Level 1:colcon.colcon_core.package_identification:_identify(install) by extension 'ignore'
[0.674s] Level 1:colcon.colcon_core.package_identification:_identify(install) ignored
[0.674s] Level 1:colcon.colcon_core.package_identification:_identify(log) by extensions ['ignore', 'ignore_ament_install']
[0.674s] Level 1:colcon.colcon_core.package_identification:_identify(log) by extension 'ignore'
[0.674s] Level 1:colcon.colcon_core.package_identification:_identify(log) ignored
[0.674s] Level 1:colcon.colcon_core.package_identification:_identify(src) by extensions ['ignore', 'ignore_ament_install']
[0.674s] Level 1:colcon.colcon_core.package_identification:_identify(src) by extension 'ignore'
[0.674s] Level 1:colcon.colcon_core.package_identification:_identify(src) by extension 'ignore_ament_install'
[0.675s] Level 1:colcon.colcon_core.package_identification:_identify(src) by extensions ['colcon_pkg']
[0.675s] Level 1:colcon.colcon_core.package_identification:_identify(src) by extension 'colcon_pkg'
[0.675s] Level 1:colcon.colcon_core.package_identification:_identify(src) by extensions ['colcon_meta']
[0.675s] Level 1:colcon.colcon_core.package_identification:_identify(src) by extension 'colcon_meta'
[0.675s] Level 1:colcon.colcon_core.package_identification:_identify(src) by extensions ['ros']
[0.675s] Level 1:colcon.colcon_core.package_identification:_identify(src) by extension 'ros'
[0.675s] Level 1:colcon.colcon_core.package_identification:_identify(src) by extensions ['cmake', 'python']
[0.675s] Level 1:colcon.colcon_core.package_identification:_identify(src) by extension 'cmake'
[0.675s] Level 1:colcon.colcon_core.package_identification:_identify(src) by extension 'python'
[0.675s] Level 1:colcon.colcon_core.package_identification:_identify(src) by extensions ['python_setup_py']
[0.675s] Level 1:colcon.colcon_core.package_identification:_identify(src) by extension 'python_setup_py'
[0.676s] Level 1:colcon.colcon_core.package_identification:_identify(src/my_package) by extensions ['ignore', 'ignore_ament_install']
[0.676s] Level 1:colcon.colcon_core.package_identification:_identify(src/my_package) by extension 'ignore'
[0.676s] Level 1:colcon.colcon_core.package_identification:_identify(src/my_package) by extension 'ignore_ament_install'
[0.676s] Level 1:colcon.colcon_core.package_identification:_identify(src/my_package) by extensions ['colcon_pkg']
[0.676s] Level 1:colcon.colcon_core.package_identification:_identify(src/my_package) by extension 'colcon_pkg'
[0.676s] Level 1:colcon.colcon_core.package_identification:_identify(src/my_package) by extensions ['colcon_meta']
[0.676s] Level 1:colcon.colcon_core.package_identification:_identify(src/my_package) by extension 'colcon_meta'
[0.676s] Level 1:colcon.colcon_core.package_identification:_identify(src/my_package) by extensions ['ros']
[0.676s] Level 1:colcon.colcon_core.package_identification:_identify(src/my_package) by extension 'ros'
[0.681s] DEBUG:colcon.colcon_core.package_identification:Package 'src/my_package' with type 'ros.ament_python' and name 'my_package'
[0.682s] Level 1:colcon.colcon_core.package_identification:_identify(src/zed-ros2-wrapper) by extensions ['ignore', 'ignore_ament_install']
[0.682s] Level 1:colcon.colcon_core.package_identification:_identify(src/zed-ros2-wrapper) by extension 'ignore'
[0.682s] Level 1:colcon.colcon_core.package_identification:_identify(src/zed-ros2-wrapper) by extension 'ignore_ament_install'
[0.682s] Level 1:colcon.colcon_core.package_identification:_identify(src/zed-ros2-wrapper) by extensions ['colcon_pkg']
[0.682s] Level 1:colcon.colcon_core.package_identification:_identify(src/zed-ros2-wrapper) by extension 'colcon_pkg'
[0.682s] Level 1:colcon.colcon_core.package_identification:_identify(src/zed-ros2-wrapper) by extensions ['colcon_meta']
[0.682s] Level 1:colcon.colcon_core.package_identification:_identify(src/zed-ros2-wrapper) by extension 'colcon_meta'
[0.683s] Level 1:colcon.colcon_core.package_identification:_identify(src/zed-ros2-wrapper) by extensions ['ros']
[0.683s] Level 1:colcon.colcon_core.package_identification:_identify(src/zed-ros2-wrapper) by extension 'ros'
[0.683s] Level 1:colcon.colcon_core.package_identification:_identify(src/zed-ros2-wrapper) by extensions ['cmake', 'python']
[0.683s] Level 1:colcon.colcon_core.package_identification:_identify(src/zed-ros2-wrapper) by extension 'cmake'
[0.683s] Level 1:colcon.colcon_core.package_identification:_identify(src/zed-ros2-wrapper) by extension 'python'
[0.683s] Level 1:colcon.colcon_core.package_identification:_identify(src/zed-ros2-wrapper) by extensions ['python_setup_py']
[0.683s] Level 1:colcon.colcon_core.package_identification:_identify(src/zed-ros2-wrapper) by extension 'python_setup_py'
[0.683s] Level 1:colcon.colcon_core.package_identification:_identify(src/zed-ros2-wrapper/docker) by extensions ['ignore', 'ignore_ament_install']
[0.684s] Level 1:colcon.colcon_core.package_identification:_identify(src/zed-ros2-wrapper/docker) by extension 'ignore'
[0.684s] Level 1:colcon.colcon_core.package_identification:_identify(src/zed-ros2-wrapper/docker) by extension 'ignore_ament_install'
[0.684s] Level 1:colcon.colcon_core.package_identification:_identify(src/zed-ros2-wrapper/docker) by extensions ['colcon_pkg']
[0.684s] Level 1:colcon.colcon_core.package_identification:_identify(src/zed-ros2-wrapper/docker) by extension 'colcon_pkg'
[0.684s] Level 1:colcon.colcon_core.package_identification:_identify(src/zed-ros2-wrapper/docker) by extensions ['colcon_meta']
[0.684s] Level 1:colcon.colcon_core.package_identification:_identify(src/zed-ros2-wrapper/docker) by extension 'colcon_meta'
[0.684s] Level 1:colcon.colcon_core.package_identification:_identify(src/zed-ros2-wrapper/docker) by extensions ['ros']
[0.684s] Level 1:colcon.colcon_core.package_identification:_identify(src/zed-ros2-wrapper/docker) by extension 'ros'
[0.684s] Level 1:colcon.colcon_core.package_identification:_identify(src/zed-ros2-wrapper/docker) by extensions ['cmake', 'python']
[0.684s] Level 1:colcon.colcon_core.package_identification:_identify(src/zed-ros2-wrapper/docker) by extension 'cmake'
[0.684s] Level 1:colcon.colcon_core.package_identification:_identify(src/zed-ros2-wrapper/docker) by extension 'python'
[0.685s] Level 1:colcon.colcon_core.package_identification:_identify(src/zed-ros2-wrapper/docker) by extensions ['python_setup_py']
[0.685s] Level 1:colcon.colcon_core.package_identification:_identify(src/zed-ros2-wrapper/docker) by extension 'python_setup_py'
[0.685s] Level 1:colcon.colcon_core.package_identification:_identify(src/zed-ros2-wrapper/images) by extensions ['ignore', 'ignore_ament_install']
[0.685s] Level 1:colcon.colcon_core.package_identification:_identify(src/zed-ros2-wrapper/images) by extension 'ignore'
[0.685s] Level 1:colcon.colcon_core.package_identification:_identify(src/zed-ros2-wrapper/images) by extension 'ignore_ament_install'
[0.685s] Level 1:colcon.colcon_core.package_identification:_identify(src/zed-ros2-wrapper/images) by extensions ['colcon_pkg']
[0.685s] Level 1:colcon.colcon_core.package_identification:_identify(src/zed-ros2-wrapper/images) by extension 'colcon_pkg'
[0.685s] Level 1:colcon.colcon_core.package_identification:_identify(src/zed-ros2-wrapper/images) by extensions ['colcon_meta']
[0.686s] Level 1:colcon.colcon_core.package_identification:_identify(src/zed-ros2-wrapper/images) by extension 'colcon_meta'
[0.686s] Level 1:colcon.colcon_core.package_identification:_identify(src/zed-ros2-wrapper/images) by extensions ['ros']
[0.686s] Level 1:colcon.colcon_core.package_identification:_identify(src/zed-ros2-wrapper/images) by extension 'ros'
[0.686s] Level 1:colcon.colcon_core.package_identification:_identify(src/zed-ros2-wrapper/images) by extensions ['cmake', 'python']
[0.686s] Level 1:colcon.colcon_core.package_identification:_identify(src/zed-ros2-wrapper/images) by extension 'cmake'
[0.686s] Level 1:colcon.colcon_core.package_identification:_identify(src/zed-ros2-wrapper/images) by extension 'python'
[0.686s] Level 1:colcon.colcon_core.package_identification:_identify(src/zed-ros2-wrapper/images) by extensions ['python_setup_py']
[0.686s] Level 1:colcon.colcon_core.package_identification:_identify(src/zed-ros2-wrapper/images) by extension 'python_setup_py'
[0.686s] Level 1:colcon.colcon_core.package_identification:_identify(src/zed-ros2-wrapper/zed_components) by extensions ['ignore', 'ignore_ament_install']
[0.687s] Level 1:colcon.colcon_core.package_identification:_identify(src/zed-ros2-wrapper/zed_components) by extension 'ignore'
[0.687s] Level 1:colcon.colcon_core.package_identification:_identify(src/zed-ros2-wrapper/zed_components) by extension 'ignore_ament_install'
[0.687s] Level 1:colcon.colcon_core.package_identification:_identify(src/zed-ros2-wrapper/zed_components) by extensions ['colcon_pkg']
[0.687s] Level 1:colcon.colcon_core.package_identification:_identify(src/zed-ros2-wrapper/zed_components) by extension 'colcon_pkg'
[0.687s] Level 1:colcon.colcon_core.package_identification:_identify(src/zed-ros2-wrapper/zed_components) by extensions ['colcon_meta']
[0.687s] Level 1:colcon.colcon_core.package_identification:_identify(src/zed-ros2-wrapper/zed_components) by extension 'colcon_meta'
[0.687s] Level 1:colcon.colcon_core.package_identification:_identify(src/zed-ros2-wrapper/zed_components) by extensions ['ros']
[0.687s] Level 1:colcon.colcon_core.package_identification:_identify(src/zed-ros2-wrapper/zed_components) by extension 'ros'
[0.689s] DEBUG:colcon.colcon_core.package_identification:Package 'src/zed-ros2-wrapper/zed_components' with type 'ros.ament_cmake' and name 'zed_components'
[0.690s] Level 1:colcon.colcon_core.package_identification:_identify(src/zed-ros2-wrapper/zed_ros2) by extensions ['ignore', 'ignore_ament_install']
[0.690s] Level 1:colcon.colcon_core.package_identification:_identify(src/zed-ros2-wrapper/zed_ros2) by extension 'ignore'
[0.690s] Level 1:colcon.colcon_core.package_identification:_identify(src/zed-ros2-wrapper/zed_ros2) by extension 'ignore_ament_install'
[0.690s] Level 1:colcon.colcon_core.package_identification:_identify(src/zed-ros2-wrapper/zed_ros2) by extensions ['colcon_pkg']
[0.690s] Level 1:colcon.colcon_core.package_identification:_identify(src/zed-ros2-wrapper/zed_ros2) by extension 'colcon_pkg'
[0.690s] Level 1:colcon.colcon_core.package_identification:_identify(src/zed-ros2-wrapper/zed_ros2) by extensions ['colcon_meta']
[0.690s] Level 1:colcon.colcon_core.package_identification:_identify(src/zed-ros2-wrapper/zed_ros2) by extension 'colcon_meta'
[0.691s] Level 1:colcon.colcon_core.package_identification:_identify(src/zed-ros2-wrapper/zed_ros2) by extensions ['ros']
[0.691s] Level 1:colcon.colcon_core.package_identification:_identify(src/zed-ros2-wrapper/zed_ros2) by extension 'ros'
[0.692s] DEBUG:colcon.colcon_core.package_identification:Package 'src/zed-ros2-wrapper/zed_ros2' with type 'ros.ament_cmake' and name 'zed_ros2'
[0.692s] Level 1:colcon.colcon_core.package_identification:_identify(src/zed-ros2-wrapper/zed_wrapper) by extensions ['ignore', 'ignore_ament_install']
[0.692s] Level 1:colcon.colcon_core.package_identification:_identify(src/zed-ros2-wrapper/zed_wrapper) by extension 'ignore'
[0.692s] Level 1:colcon.colcon_core.package_identification:_identify(src/zed-ros2-wrapper/zed_wrapper) by extension 'ignore_ament_install'
[0.692s] Level 1:colcon.colcon_core.package_identification:_identify(src/zed-ros2-wrapper/zed_wrapper) by extensions ['colcon_pkg']
[0.692s] Level 1:colcon.colcon_core.package_identification:_identify(src/zed-ros2-wrapper/zed_wrapper) by extension 'colcon_pkg'
[0.693s] Level 1:colcon.colcon_core.package_identification:_identify(src/zed-ros2-wrapper/zed_wrapper) by extensions ['colcon_meta']
[0.693s] Level 1:colcon.colcon_core.package_identification:_identify(src/zed-ros2-wrapper/zed_wrapper) by extension 'colcon_meta'
[0.693s] Level 1:colcon.colcon_core.package_identification:_identify(src/zed-ros2-wrapper/zed_wrapper) by extensions ['ros']
[0.693s] Level 1:colcon.colcon_core.package_identification:_identify(src/zed-ros2-wrapper/zed_wrapper) by extension 'ros'
[0.694s] DEBUG:colcon.colcon_core.package_identification:Package 'src/zed-ros2-wrapper/zed_wrapper' with type 'ros.ament_cmake' and name 'zed_wrapper'
[0.694s] Level 1:colcon.colcon_core.package_discovery:discover_packages(recursive) using defaults
[0.694s] Level 1:colcon.colcon_core.package_discovery:discover_packages(ignore) discover
[0.695s] Level 1:colcon.colcon_core.package_discovery:discover_packages(ignore) using defaults
[0.695s] Level 1:colcon.colcon_core.package_discovery:discover_packages(path) discover
[0.695s] Level 1:colcon.colcon_core.package_discovery:discover_packages(path) using defaults
[0.772s] Level 1:colcon.colcon_core.package_discovery:discover_packages(prefix_path) check parameters
[0.773s] Level 1:colcon.colcon_core.package_discovery:discover_packages(prefix_path) discover
[0.776s] DEBUG:colcon.colcon_installed_package_information.package_discovery:Found 4 installed packages in /home/umdloop/Downloads/ros2_ws/install
[0.777s] DEBUG:colcon.colcon_installed_package_information.package_discovery:Found 1 installed packages in /home/umdloop/Downloads/yolo_ws/install
[0.778s] DEBUG:colcon.colcon_installed_package_information.package_discovery:Found 1 installed packages in /home/umdloop/Downloads/yolo-ros2-main/install
[0.780s] DEBUG:colcon.colcon_installed_package_information.package_discovery:Found 300 installed packages in /opt/ros/humble
[0.782s] Level 1:colcon.colcon_core.package_discovery:discover_packages(prefix_path) using defaults
[0.856s] Level 5:colcon.colcon_core.verb:set package 'my_package' build argument 'cmake_args' from command line to 'None'
[0.856s] Level 5:colcon.colcon_core.verb:set package 'my_package' build argument 'cmake_target' from command line to 'None'
[0.856s] Level 5:colcon.colcon_core.verb:set package 'my_package' build argument 'cmake_target_skip_unavailable' from command line to 'False'
[0.856s] Level 5:colcon.colcon_core.verb:set package 'my_package' build argument 'cmake_clean_cache' from command line to 'False'
[0.856s] Level 5:colcon.colcon_core.verb:set package 'my_package' build argument 'cmake_clean_first' from command line to 'False'
[0.856s] Level 5:colcon.colcon_core.verb:set package 'my_package' build argument 'cmake_force_configure' from command line to 'False'
[0.856s] Level 5:colcon.colcon_core.verb:set package 'my_package' build argument 'ament_cmake_args' from command line to 'None'
[0.856s] Level 5:colcon.colcon_core.verb:set package 'my_package' build argument 'catkin_cmake_args' from command line to 'None'
[0.856s] Level 5:colcon.colcon_core.verb:set package 'my_package' build argument 'catkin_skip_building_tests' from command line to 'False'
[0.856s] DEBUG:colcon.colcon_core.verb:Building package 'my_package' with the following arguments: {'ament_cmake_args': None, 'build_base': '/home/umdloop/Downloads/ros2_ws/build/my_package', 'catkin_cmake_args': None, 'catkin_skip_building_tests': False, 'cmake_args': None, 'cmake_clean_cache': False, 'cmake_clean_first': False, 'cmake_force_configure': False, 'cmake_target': None, 'cmake_target_skip_unavailable': False, 'install_base': '/home/umdloop/Downloads/ros2_ws/install/my_package', 'merge_install': False, 'path': '/home/umdloop/Downloads/ros2_ws/src/my_package', 'symlink_install': False, 'test_result_base': None}
[0.857s] Level 5:colcon.colcon_core.verb:set package 'zed_components' build argument 'cmake_args' from command line to 'None'
[0.857s] Level 5:colcon.colcon_core.verb:set package 'zed_components' build argument 'cmake_target' from command line to 'None'
[0.857s] Level 5:colcon.colcon_core.verb:set package 'zed_components' build argument 'cmake_target_skip_unavailable' from command line to 'False'
[0.857s] Level 5:colcon.colcon_core.verb:set package 'zed_components' build argument 'cmake_clean_cache' from command line to 'False'
[0.857s] Level 5:colcon.colcon_core.verb:set package 'zed_components' build argument 'cmake_clean_first' from command line to 'False'
[0.857s] Level 5:colcon.colcon_core.verb:set package 'zed_components' build argument 'cmake_force_configure' from command line to 'False'
[0.857s] Level 5:colcon.colcon_core.verb:set package 'zed_components' build argument 'ament_cmake_args' from command line to 'None'
[0.857s] Level 5:colcon.colcon_core.verb:set package 'zed_components' build argument 'catkin_cmake_args' from command line to 'None'
[0.857s] Level 5:colcon.colcon_core.verb:set package 'zed_components' build argument 'catkin_skip_building_tests' from command line to 'False'
[0.857s] DEBUG:colcon.colcon_core.verb:Building package 'zed_components' with the following arguments: {'ament_cmake_args': None, 'build_base': '/home/umdloop/Downloads/ros2_ws/build/zed_components', 'catkin_cmake_args': None, 'catkin_skip_building_tests': False, 'cmake_args': None, 'cmake_clean_cache': False, 'cmake_clean_first': False, 'cmake_force_configure': False, 'cmake_target': None, 'cmake_target_skip_unavailable': False, 'install_base': '/home/umdloop/Downloads/ros2_ws/install/zed_components', 'merge_install': False, 'path': '/home/umdloop/Downloads/ros2_ws/src/zed-ros2-wrapper/zed_components', 'symlink_install': False, 'test_result_base': None}
[0.858s] Level 5:colcon.colcon_core.verb:set package 'zed_wrapper' build argument 'cmake_args' from command line to 'None'
[0.858s] Level 5:colcon.colcon_core.verb:set package 'zed_wrapper' build argument 'cmake_target' from command line to 'None'
[0.858s] Level 5:colcon.colcon_core.verb:set package 'zed_wrapper' build argument 'cmake_target_skip_unavailable' from command line to 'False'
[0.858s] Level 5:colcon.colcon_core.verb:set package 'zed_wrapper' build argument 'cmake_clean_cache' from command line to 'False'
[0.858s] Level 5:colcon.colcon_core.verb:set package 'zed_wrapper' build argument 'cmake_clean_first' from command line to 'False'
[0.858s] Level 5:colcon.colcon_core.verb:set package 'zed_wrapper' build argument 'cmake_force_configure' from command line to 'False'
[0.858s] Level 5:colcon.colcon_core.verb:set package 'zed_wrapper' build argument 'ament_cmake_args' from command line to 'None'
[0.858s] Level 5:colcon.colcon_core.verb:set package 'zed_wrapper' build argument 'catkin_cmake_args' from command line to 'None'
[0.858s] Level 5:colcon.colcon_core.verb:set package 'zed_wrapper' build argument 'catkin_skip_building_tests' from command line to 'False'
[0.859s] DEBUG:colcon.colcon_core.verb:Building package 'zed_wrapper' with the following arguments: {'ament_cmake_args': None, 'build_base': '/home/umdloop/Downloads/ros2_ws/build/zed_wrapper', 'catkin_cmake_args': None, 'catkin_skip_building_tests': False, 'cmake_args': None, 'cmake_clean_cache': False, 'cmake_clean_first': False, 'cmake_force_configure': False, 'cmake_target': None, 'cmake_target_skip_unavailable': False, 'install_base': '/home/umdloop/Downloads/ros2_ws/install/zed_wrapper', 'merge_install': False, 'path': '/home/umdloop/Downloads/ros2_ws/src/zed-ros2-wrapper/zed_wrapper', 'symlink_install': False, 'test_result_base': None}
[0.859s] Level 5:colcon.colcon_core.verb:set package 'zed_ros2' build argument 'cmake_args' from command line to 'None'
[0.859s] Level 5:colcon.colcon_core.verb:set package 'zed_ros2' build argument 'cmake_target' from command line to 'None'
[0.859s] Level 5:colcon.colcon_core.verb:set package 'zed_ros2' build argument 'cmake_target_skip_unavailable' from command line to 'False'
[0.859s] Level 5:colcon.colcon_core.verb:set package 'zed_ros2' build argument 'cmake_clean_cache' from command line to 'False'
[0.859s] Level 5:colcon.colcon_core.verb:set package 'zed_ros2' build argument 'cmake_clean_first' from command line to 'False'
[0.859s] Level 5:colcon.colcon_core.verb:set package 'zed_ros2' build argument 'cmake_force_configure' from command line to 'False'
[0.859s] Level 5:colcon.colcon_core.verb:set package 'zed_ros2' build argument 'ament_cmake_args' from command line to 'None'
[0.859s] Level 5:colcon.colcon_core.verb:set package 'zed_ros2' build argument 'catkin_cmake_args' from command line to 'None'
[0.859s] Level 5:colcon.colcon_core.verb:set package 'zed_ros2' build argument 'catkin_skip_building_tests' from command line to 'False'
[0.860s] DEBUG:colcon.colcon_core.verb:Building package 'zed_ros2' with the following arguments: {'ament_cmake_args': None, 'build_base': '/home/umdloop/Downloads/ros2_ws/build/zed_ros2', 'catkin_cmake_args': None, 'catkin_skip_building_tests': False, 'cmake_args': None, 'cmake_clean_cache': False, 'cmake_clean_first': False, 'cmake_force_configure': False, 'cmake_target': None, 'cmake_target_skip_unavailable': False, 'install_base': '/home/umdloop/Downloads/ros2_ws/install/zed_ros2', 'merge_install': False, 'path': '/home/umdloop/Downloads/ros2_ws/src/zed-ros2-wrapper/zed_ros2', 'symlink_install': False, 'test_result_base': None}
[0.860s] INFO:colcon.colcon_core.executor:Executing jobs using 'parallel' executor
[0.862s] DEBUG:colcon.colcon_parallel_executor.executor.parallel:run_until_complete
[0.863s] INFO:colcon.colcon_ros.task.ament_cmake.build:Building ROS package in '/home/umdloop/Downloads/ros2_ws/src/zed-ros2-wrapper/zed_components' with build type 'ament_cmake'
[0.863s] INFO:colcon.colcon_cmake.task.cmake.build:Building CMake package in '/home/umdloop/Downloads/ros2_ws/src/zed-ros2-wrapper/zed_components'
[0.867s] INFO:colcon.colcon_core.plugin_system:Skipping extension 'colcon_core.shell.bat': Not used on non-Windows systems
[0.868s] INFO:colcon.colcon_core.shell:Skip shell extension 'powershell' for command environment: Not usable outside of PowerShell
[0.868s] DEBUG:colcon.colcon_core.shell:Skip shell extension 'dsv' for command environment
[0.876s] INFO:colcon.colcon_ros.task.ament_python.build:Building ROS package in '/home/umdloop/Downloads/ros2_ws/src/my_package' with build type 'ament_python'
[0.876s] Level 1:colcon.colcon_core.shell:create_environment_hook('my_package', 'ament_prefix_path')
[0.877s] INFO:colcon.colcon_core.shell:Creating environment hook '/home/umdloop/Downloads/ros2_ws/install/my_package/share/my_package/hook/ament_prefix_path.ps1'
[0.879s] INFO:colcon.colcon_core.shell:Creating environment descriptor '/home/umdloop/Downloads/ros2_ws/install/my_package/share/my_package/hook/ament_prefix_path.dsv'
[0.880s] INFO:colcon.colcon_core.shell:Creating environment hook '/home/umdloop/Downloads/ros2_ws/install/my_package/share/my_package/hook/ament_prefix_path.sh'
[0.882s] INFO:colcon.colcon_core.shell:Skip shell extension 'powershell' for command environment: Not usable outside of PowerShell
[0.882s] DEBUG:colcon.colcon_core.shell:Skip shell extension 'dsv' for command environment
[0.903s] DEBUG:colcon.colcon_core.event_handler.log_command:Invoking command in '/home/umdloop/Downloads/ros2_ws/build/zed_components': CMAKE_PREFIX_PATH=/home/umdloop/Downloads/ros2_ws/install/my_package:/opt/ros/humble /usr/bin/cmake --build /home/umdloop/Downloads/ros2_ws/build/zed_components -- -j6 -l6
[1.457s] INFO:colcon.colcon_core.task.python.build:Building Python package in '/home/umdloop/Downloads/ros2_ws/src/my_package'
[1.457s] INFO:colcon.colcon_core.shell:Skip shell extension 'powershell' for command environment: Not usable outside of PowerShell
[1.458s] DEBUG:colcon.colcon_core.shell:Skip shell extension 'dsv' for command environment
[1.468s] DEBUG:colcon.colcon_core.event_handler.log_command:Invoked command in '/home/umdloop/Downloads/ros2_ws/build/zed_components' returned '0': CMAKE_PREFIX_PATH=/home/umdloop/Downloads/ros2_ws/install/my_package:/opt/ros/humble /usr/bin/cmake --build /home/umdloop/Downloads/ros2_ws/build/zed_components -- -j6 -l6
[1.488s] DEBUG:colcon.colcon_core.event_handler.log_command:Invoking command in '/home/umdloop/Downloads/ros2_ws/build/zed_components': CMAKE_PREFIX_PATH=/home/umdloop/Downloads/ros2_ws/install/my_package:/opt/ros/humble /usr/bin/cmake --install /home/umdloop/Downloads/ros2_ws/build/zed_components
[1.510s] Level 1:colcon.colcon_core.environment:create_environment_scripts_only(zed_components)
[1.511s] DEBUG:colcon.colcon_core.event_handler.log_command:Invoked command in '/home/umdloop/Downloads/ros2_ws/build/zed_components' returned '0': CMAKE_PREFIX_PATH=/home/umdloop/Downloads/ros2_ws/install/my_package:/opt/ros/humble /usr/bin/cmake --install /home/umdloop/Downloads/ros2_ws/build/zed_components
[1.516s] Level 1:colcon.colcon_core.environment:checking '/home/umdloop/Downloads/ros2_ws/install/zed_components' for CMake module files
[1.516s] Level 1:colcon.colcon_core.environment:checking '/home/umdloop/Downloads/ros2_ws/install/zed_components' for CMake config files
[1.517s] Level 1:colcon.colcon_core.shell:create_environment_hook('zed_components', 'cmake_prefix_path')
[1.517s] INFO:colcon.colcon_core.shell:Creating environment hook '/home/umdloop/Downloads/ros2_ws/install/zed_components/share/zed_components/hook/cmake_prefix_path.ps1'
[1.519s] INFO:colcon.colcon_core.shell:Creating environment descriptor '/home/umdloop/Downloads/ros2_ws/install/zed_components/share/zed_components/hook/cmake_prefix_path.dsv'
[1.520s] INFO:colcon.colcon_core.shell:Creating environment hook '/home/umdloop/Downloads/ros2_ws/install/zed_components/share/zed_components/hook/cmake_prefix_path.sh'
[1.521s] Level 1:colcon.colcon_core.environment:checking '/home/umdloop/Downloads/ros2_ws/install/zed_components/lib'
[1.521s] Level 1:colcon.colcon_core.shell:create_environment_hook('zed_components', 'ld_library_path_lib')
[1.522s] INFO:colcon.colcon_core.shell:Creating environment hook '/home/umdloop/Downloads/ros2_ws/install/zed_components/share/zed_components/hook/ld_library_path_lib.ps1'
[1.523s] INFO:colcon.colcon_core.shell:Creating environment descriptor '/home/umdloop/Downloads/ros2_ws/install/zed_components/share/zed_components/hook/ld_library_path_lib.dsv'
[1.523s] INFO:colcon.colcon_core.shell:Creating environment hook '/home/umdloop/Downloads/ros2_ws/install/zed_components/share/zed_components/hook/ld_library_path_lib.sh'
[1.524s] Level 1:colcon.colcon_core.environment:checking '/home/umdloop/Downloads/ros2_ws/install/zed_components/bin'
[1.524s] Level 1:colcon.colcon_core.environment:checking '/home/umdloop/Downloads/ros2_ws/install/zed_components/lib/pkgconfig/zed_components.pc'
[1.525s] Level 1:colcon.colcon_core.environment:checking '/home/umdloop/Downloads/ros2_ws/install/zed_components/lib/python3.10/site-packages'
[1.525s] Level 1:colcon.colcon_core.environment:checking '/home/umdloop/Downloads/ros2_ws/install/zed_components/bin'
[1.526s] INFO:colcon.colcon_core.shell:Creating package script '/home/umdloop/Downloads/ros2_ws/install/zed_components/share/zed_components/package.ps1'
[1.527s] INFO:colcon.colcon_core.shell:Creating package descriptor '/home/umdloop/Downloads/ros2_ws/install/zed_components/share/zed_components/package.dsv'
[1.529s] INFO:colcon.colcon_core.shell:Creating package script '/home/umdloop/Downloads/ros2_ws/install/zed_components/share/zed_components/package.sh'
[1.530s] INFO:colcon.colcon_core.shell:Creating package script '/home/umdloop/Downloads/ros2_ws/install/zed_components/share/zed_components/package.bash'
[1.532s] INFO:colcon.colcon_core.shell:Creating package script '/home/umdloop/Downloads/ros2_ws/install/zed_components/share/zed_components/package.zsh'
[1.533s] Level 1:colcon.colcon_core.environment:create_file_with_runtime_dependencies(/home/umdloop/Downloads/ros2_ws/install/zed_components/share/colcon-core/packages/zed_components)
[1.534s] Level 1:colcon.colcon_core.environment:create_environment_scripts_only(zed_components)
[1.535s] Level 1:colcon.colcon_core.environment:checking '/home/umdloop/Downloads/ros2_ws/install/zed_components' for CMake module files
[1.536s] Level 1:colcon.colcon_core.environment:checking '/home/umdloop/Downloads/ros2_ws/install/zed_components' for CMake config files
[1.536s] Level 1:colcon.colcon_core.shell:create_environment_hook('zed_components', 'cmake_prefix_path')
[1.536s] INFO:colcon.colcon_core.shell:Creating environment hook '/home/umdloop/Downloads/ros2_ws/install/zed_components/share/zed_components/hook/cmake_prefix_path.ps1'
[1.537s] INFO:colcon.colcon_core.shell:Creating environment descriptor '/home/umdloop/Downloads/ros2_ws/install/zed_components/share/zed_components/hook/cmake_prefix_path.dsv'
[1.538s] INFO:colcon.colcon_core.shell:Creating environment hook '/home/umdloop/Downloads/ros2_ws/install/zed_components/share/zed_components/hook/cmake_prefix_path.sh'
[1.539s] Level 1:colcon.colcon_core.environment:checking '/home/umdloop/Downloads/ros2_ws/install/zed_components/lib'
[1.539s] Level 1:colcon.colcon_core.shell:create_environment_hook('zed_components', 'ld_library_path_lib')
[1.539s] INFO:colcon.colcon_core.shell:Creating environment hook '/home/umdloop/Downloads/ros2_ws/install/zed_components/share/zed_components/hook/ld_library_path_lib.ps1'
[1.540s] INFO:colcon.colcon_core.shell:Creating environment descriptor '/home/umdloop/Downloads/ros2_ws/install/zed_components/share/zed_components/hook/ld_library_path_lib.dsv'
[1.541s] INFO:colcon.colcon_core.shell:Creating environment hook '/home/umdloop/Downloads/ros2_ws/install/zed_components/share/zed_components/hook/ld_library_path_lib.sh'
[1.541s] Level 1:colcon.colcon_core.environment:checking '/home/umdloop/Downloads/ros2_ws/install/zed_components/bin'
[1.541s] Level 1:colcon.colcon_core.environment:checking '/home/umdloop/Downloads/ros2_ws/install/zed_components/lib/pkgconfig/zed_components.pc'
[1.542s] Level 1:colcon.colcon_core.environment:checking '/home/umdloop/Downloads/ros2_ws/install/zed_components/lib/python3.10/site-packages'
[1.542s] Level 1:colcon.colcon_core.environment:checking '/home/umdloop/Downloads/ros2_ws/install/zed_components/bin'
[1.543s] INFO:colcon.colcon_core.shell:Creating package script '/home/umdloop/Downloads/ros2_ws/install/zed_components/share/zed_components/package.ps1'
[1.544s] INFO:colcon.colcon_core.shell:Creating package descriptor '/home/umdloop/Downloads/ros2_ws/install/zed_components/share/zed_components/package.dsv'
[1.545s] INFO:colcon.colcon_core.shell:Creating package script '/home/umdloop/Downloads/ros2_ws/install/zed_components/share/zed_components/package.sh'
[1.545s] INFO:colcon.colcon_core.shell:Creating package script '/home/umdloop/Downloads/ros2_ws/install/zed_components/share/zed_components/package.bash'
[1.546s] INFO:colcon.colcon_core.shell:Creating package script '/home/umdloop/Downloads/ros2_ws/install/zed_components/share/zed_components/package.zsh'
[1.547s] Level 1:colcon.colcon_core.environment:create_file_with_runtime_dependencies(/home/umdloop/Downloads/ros2_ws/install/zed_components/share/colcon-core/packages/zed_components)
[1.548s] INFO:colcon.colcon_ros.task.ament_cmake.build:Building ROS package in '/home/umdloop/Downloads/ros2_ws/src/zed-ros2-wrapper/zed_wrapper' with build type 'ament_cmake'
[1.548s] INFO:colcon.colcon_cmake.task.cmake.build:Building CMake package in '/home/umdloop/Downloads/ros2_ws/src/zed-ros2-wrapper/zed_wrapper'
[1.548s] INFO:colcon.colcon_core.shell:Skip shell extension 'powershell' for command environment: Not usable outside of PowerShell
[1.549s] DEBUG:colcon.colcon_core.shell:Skip shell extension 'dsv' for command environment
[1.570s] DEBUG:colcon.colcon_core.event_handler.log_command:Invoking command in '/home/umdloop/Downloads/ros2_ws/build/zed_wrapper': AMENT_PREFIX_PATH=/home/umdloop/Downloads/ros2_ws/install/zed_components:${AMENT_PREFIX_PATH} CMAKE_PREFIX_PATH=/home/umdloop/Downloads/ros2_ws/install/zed_components:/home/umdloop/Downloads/ros2_ws/install/my_package:/opt/ros/humble LD_LIBRARY_PATH=/home/umdloop/Downloads/ros2_ws/install/zed_components/lib:${LD_LIBRARY_PATH} /usr/bin/cmake --build /home/umdloop/Downloads/ros2_ws/build/zed_wrapper -- -j6 -l6
[1.659s] DEBUG:colcon.colcon_core.event_handler.log_command:Invoked command in '/home/umdloop/Downloads/ros2_ws/build/zed_wrapper' returned '0': AMENT_PREFIX_PATH=/home/umdloop/Downloads/ros2_ws/install/zed_components:${AMENT_PREFIX_PATH} CMAKE_PREFIX_PATH=/home/umdloop/Downloads/ros2_ws/install/zed_components:/home/umdloop/Downloads/ros2_ws/install/my_package:/opt/ros/humble LD_LIBRARY_PATH=/home/umdloop/Downloads/ros2_ws/install/zed_components/lib:${LD_LIBRARY_PATH} /usr/bin/cmake --build /home/umdloop/Downloads/ros2_ws/build/zed_wrapper -- -j6 -l6
[1.662s] DEBUG:colcon.colcon_core.event_handler.log_command:Invoking command in '/home/umdloop/Downloads/ros2_ws/build/zed_wrapper': AMENT_PREFIX_PATH=/home/umdloop/Downloads/ros2_ws/install/zed_components:${AMENT_PREFIX_PATH} CMAKE_PREFIX_PATH=/home/umdloop/Downloads/ros2_ws/install/zed_components:/home/umdloop/Downloads/ros2_ws/install/my_package:/opt/ros/humble LD_LIBRARY_PATH=/home/umdloop/Downloads/ros2_ws/install/zed_components/lib:${LD_LIBRARY_PATH} /usr/bin/cmake --install /home/umdloop/Downloads/ros2_ws/build/zed_wrapper
[1.682s] Level 1:colcon.colcon_core.environment:create_environment_scripts_only(zed_wrapper)
[1.683s] Level 1:colcon.colcon_core.environment:checking '/home/umdloop/Downloads/ros2_ws/install/zed_wrapper' for CMake module files
[1.684s] DEBUG:colcon.colcon_core.event_handler.log_command:Invoked command in '/home/umdloop/Downloads/ros2_ws/build/zed_wrapper' returned '0': AMENT_PREFIX_PATH=/home/umdloop/Downloads/ros2_ws/install/zed_components:${AMENT_PREFIX_PATH} CMAKE_PREFIX_PATH=/home/umdloop/Downloads/ros2_ws/install/zed_components:/home/umdloop/Downloads/ros2_ws/install/my_package:/opt/ros/humble LD_LIBRARY_PATH=/home/umdloop/Downloads/ros2_ws/install/zed_components/lib:${LD_LIBRARY_PATH} /usr/bin/cmake --install /home/umdloop/Downloads/ros2_ws/build/zed_wrapper
[1.685s] Level 1:colcon.colcon_core.environment:checking '/home/umdloop/Downloads/ros2_ws/install/zed_wrapper' for CMake config files
[1.685s] Level 1:colcon.colcon_core.shell:create_environment_hook('zed_wrapper', 'cmake_prefix_path')
[1.686s] INFO:colcon.colcon_core.shell:Creating environment hook '/home/umdloop/Downloads/ros2_ws/install/zed_wrapper/share/zed_wrapper/hook/cmake_prefix_path.ps1'
[1.687s] INFO:colcon.colcon_core.shell:Creating environment descriptor '/home/umdloop/Downloads/ros2_ws/install/zed_wrapper/share/zed_wrapper/hook/cmake_prefix_path.dsv'
[1.688s] INFO:colcon.colcon_core.shell:Creating environment hook '/home/umdloop/Downloads/ros2_ws/install/zed_wrapper/share/zed_wrapper/hook/cmake_prefix_path.sh'
[1.689s] Level 1:colcon.colcon_core.environment:checking '/home/umdloop/Downloads/ros2_ws/install/zed_wrapper/bin'
[1.690s] Level 1:colcon.colcon_core.environment:checking '/home/umdloop/Downloads/ros2_ws/install/zed_wrapper/lib/pkgconfig/zed_wrapper.pc'
[1.690s] Level 1:colcon.colcon_core.environment:checking '/home/umdloop/Downloads/ros2_ws/install/zed_wrapper/lib/python3.10/site-packages'
[1.690s] Level 1:colcon.colcon_core.environment:checking '/home/umdloop/Downloads/ros2_ws/install/zed_wrapper/bin'
[1.691s] INFO:colcon.colcon_core.shell:Creating package script '/home/umdloop/Downloads/ros2_ws/install/zed_wrapper/share/zed_wrapper/package.ps1'
[1.692s] INFO:colcon.colcon_core.shell:Creating package descriptor '/home/umdloop/Downloads/ros2_ws/install/zed_wrapper/share/zed_wrapper/package.dsv'
[1.693s] INFO:colcon.colcon_core.shell:Creating package script '/home/umdloop/Downloads/ros2_ws/install/zed_wrapper/share/zed_wrapper/package.sh'
[1.693s] INFO:colcon.colcon_core.shell:Creating package script '/home/umdloop/Downloads/ros2_ws/install/zed_wrapper/share/zed_wrapper/package.bash'
[1.694s] INFO:colcon.colcon_core.shell:Creating package script '/home/umdloop/Downloads/ros2_ws/install/zed_wrapper/share/zed_wrapper/package.zsh'
[1.695s] Level 1:colcon.colcon_core.environment:create_file_with_runtime_dependencies(/home/umdloop/Downloads/ros2_ws/install/zed_wrapper/share/colcon-core/packages/zed_wrapper)
[1.696s] Level 1:colcon.colcon_core.environment:create_environment_scripts_only(zed_wrapper)
[1.696s] Level 1:colcon.colcon_core.environment:checking '/home/umdloop/Downloads/ros2_ws/install/zed_wrapper' for CMake module files
[1.697s] Level 1:colcon.colcon_core.environment:checking '/home/umdloop/Downloads/ros2_ws/install/zed_wrapper' for CMake config files
[1.698s] Level 1:colcon.colcon_core.shell:create_environment_hook('zed_wrapper', 'cmake_prefix_path')
[1.698s] INFO:colcon.colcon_core.shell:Creating environment hook '/home/umdloop/Downloads/ros2_ws/install/zed_wrapper/share/zed_wrapper/hook/cmake_prefix_path.ps1'
[1.699s] INFO:colcon.colcon_core.shell:Creating environment descriptor '/home/umdloop/Downloads/ros2_ws/install/zed_wrapper/share/zed_wrapper/hook/cmake_prefix_path.dsv'
[1.700s] INFO:colcon.colcon_core.shell:Creating environment hook '/home/umdloop/Downloads/ros2_ws/install/zed_wrapper/share/zed_wrapper/hook/cmake_prefix_path.sh'
[1.701s] Level 1:colcon.colcon_core.environment:checking '/home/umdloop/Downloads/ros2_ws/install/zed_wrapper/bin'
[1.701s] Level 1:colcon.colcon_core.environment:checking '/home/umdloop/Downloads/ros2_ws/install/zed_wrapper/lib/pkgconfig/zed_wrapper.pc'
[1.702s] Level 1:colcon.colcon_core.environment:checking '/home/umdloop/Downloads/ros2_ws/install/zed_wrapper/lib/python3.10/site-packages'
[1.702s] Level 1:colcon.colcon_core.environment:checking '/home/umdloop/Downloads/ros2_ws/install/zed_wrapper/bin'
[1.703s] INFO:colcon.colcon_core.shell:Creating package script '/home/umdloop/Downloads/ros2_ws/install/zed_wrapper/share/zed_wrapper/package.ps1'
[1.704s] INFO:colcon.colcon_core.shell:Creating package descriptor '/home/umdloop/Downloads/ros2_ws/install/zed_wrapper/share/zed_wrapper/package.dsv'
[1.704s] INFO:colcon.colcon_core.shell:Creating package script '/home/umdloop/Downloads/ros2_ws/install/zed_wrapper/share/zed_wrapper/package.sh'
[1.705s] INFO:colcon.colcon_core.shell:Creating package script '/home/umdloop/Downloads/ros2_ws/install/zed_wrapper/share/zed_wrapper/package.bash'
[1.706s] INFO:colcon.colcon_core.shell:Creating package script '/home/umdloop/Downloads/ros2_ws/install/zed_wrapper/share/zed_wrapper/package.zsh'
[1.707s] Level 1:colcon.colcon_core.environment:create_file_with_runtime_dependencies(/home/umdloop/Downloads/ros2_ws/install/zed_wrapper/share/colcon-core/packages/zed_wrapper)
[1.708s] INFO:colcon.colcon_ros.task.ament_cmake.build:Building ROS package in '/home/umdloop/Downloads/ros2_ws/src/zed-ros2-wrapper/zed_ros2' with build type 'ament_cmake'
[1.708s] INFO:colcon.colcon_cmake.task.cmake.build:Building CMake package in '/home/umdloop/Downloads/ros2_ws/src/zed-ros2-wrapper/zed_ros2'
[1.709s] INFO:colcon.colcon_core.shell:Skip shell extension 'powershell' for command environment: Not usable outside of PowerShell
[1.709s] DEBUG:colcon.colcon_core.shell:Skip shell extension 'dsv' for command environment
[1.734s] DEBUG:colcon.colcon_core.event_handler.log_command:Invoking command in '/home/umdloop/Downloads/ros2_ws/build/zed_ros2': AMENT_PREFIX_PATH=/home/umdloop/Downloads/ros2_ws/install/zed_wrapper:/home/umdloop/Downloads/ros2_ws/install/zed_components:${AMENT_PREFIX_PATH} CMAKE_PREFIX_PATH=/home/umdloop/Downloads/ros2_ws/install/zed_wrapper:/home/umdloop/Downloads/ros2_ws/install/zed_components:/home/umdloop/Downloads/ros2_ws/install/my_package:/opt/ros/humble LD_LIBRARY_PATH=/home/umdloop/Downloads/ros2_ws/install/zed_components/lib:${LD_LIBRARY_PATH} /usr/bin/cmake --build /home/umdloop/Downloads/ros2_ws/build/zed_ros2 -- -j6 -l6
[1.814s] DEBUG:colcon.colcon_core.event_handler.log_command:Invoked command in '/home/umdloop/Downloads/ros2_ws/build/zed_ros2' returned '0': AMENT_PREFIX_PATH=/home/umdloop/Downloads/ros2_ws/install/zed_wrapper:/home/umdloop/Downloads/ros2_ws/install/zed_components:${AMENT_PREFIX_PATH} CMAKE_PREFIX_PATH=/home/umdloop/Downloads/ros2_ws/install/zed_wrapper:/home/umdloop/Downloads/ros2_ws/install/zed_components:/home/umdloop/Downloads/ros2_ws/install/my_package:/opt/ros/humble LD_LIBRARY_PATH=/home/umdloop/Downloads/ros2_ws/install/zed_components/lib:${LD_LIBRARY_PATH} /usr/bin/cmake --build /home/umdloop/Downloads/ros2_ws/build/zed_ros2 -- -j6 -l6
[1.817s] DEBUG:colcon.colcon_core.event_handler.log_command:Invoking command in '/home/umdloop/Downloads/ros2_ws/build/zed_ros2': AMENT_PREFIX_PATH=/home/umdloop/Downloads/ros2_ws/install/zed_wrapper:/home/umdloop/Downloads/ros2_ws/install/zed_components:${AMENT_PREFIX_PATH} CMAKE_PREFIX_PATH=/home/umdloop/Downloads/ros2_ws/install/zed_wrapper:/home/umdloop/Downloads/ros2_ws/install/zed_components:/home/umdloop/Downloads/ros2_ws/install/my_package:/opt/ros/humble LD_LIBRARY_PATH=/home/umdloop/Downloads/ros2_ws/install/zed_components/lib:${LD_LIBRARY_PATH} /usr/bin/cmake --install /home/umdloop/Downloads/ros2_ws/build/zed_ros2
[1.835s] Level 1:colcon.colcon_core.environment:create_environment_scripts_only(zed_ros2)
[1.836s] Level 1:colcon.colcon_core.environment:checking '/home/umdloop/Downloads/ros2_ws/install/zed_ros2' for CMake module files
[1.837s] DEBUG:colcon.colcon_core.event_handler.log_command:Invoked command in '/home/umdloop/Downloads/ros2_ws/build/zed_ros2' returned '0': AMENT_PREFIX_PATH=/home/umdloop/Downloads/ros2_ws/install/zed_wrapper:/home/umdloop/Downloads/ros2_ws/install/zed_components:${AMENT_PREFIX_PATH} CMAKE_PREFIX_PATH=/home/umdloop/Downloads/ros2_ws/install/zed_wrapper:/home/umdloop/Downloads/ros2_ws/install/zed_components:/home/umdloop/Downloads/ros2_ws/install/my_package:/opt/ros/humble LD_LIBRARY_PATH=/home/umdloop/Downloads/ros2_ws/install/zed_components/lib:${LD_LIBRARY_PATH} /usr/bin/cmake --install /home/umdloop/Downloads/ros2_ws/build/zed_ros2
[1.837s] Level 1:colcon.colcon_core.environment:checking '/home/umdloop/Downloads/ros2_ws/install/zed_ros2' for CMake config files
[1.838s] Level 1:colcon.colcon_core.shell:create_environment_hook('zed_ros2', 'cmake_prefix_path')
[1.838s] INFO:colcon.colcon_core.shell:Creating environment hook '/home/umdloop/Downloads/ros2_ws/install/zed_ros2/share/zed_ros2/hook/cmake_prefix_path.ps1'
[1.839s] INFO:colcon.colcon_core.shell:Creating environment descriptor '/home/umdloop/Downloads/ros2_ws/install/zed_ros2/share/zed_ros2/hook/cmake_prefix_path.dsv'
[1.840s] INFO:colcon.colcon_core.shell:Creating environment hook '/home/umdloop/Downloads/ros2_ws/install/zed_ros2/share/zed_ros2/hook/cmake_prefix_path.sh'
[1.841s] Level 1:colcon.colcon_core.environment:checking '/home/umdloop/Downloads/ros2_ws/install/zed_ros2/bin'
[1.841s] Level 1:colcon.colcon_core.environment:checking '/home/umdloop/Downloads/ros2_ws/install/zed_ros2/lib/pkgconfig/zed_ros2.pc'
[1.842s] Level 1:colcon.colcon_core.environment:checking '/home/umdloop/Downloads/ros2_ws/install/zed_ros2/lib/python3.10/site-packages'
[1.842s] Level 1:colcon.colcon_core.environment:checking '/home/umdloop/Downloads/ros2_ws/install/zed_ros2/bin'
[1.843s] INFO:colcon.colcon_core.shell:Creating package script '/home/umdloop/Downloads/ros2_ws/install/zed_ros2/share/zed_ros2/package.ps1'
[1.844s] INFO:colcon.colcon_core.shell:Creating package descriptor '/home/umdloop/Downloads/ros2_ws/install/zed_ros2/share/zed_ros2/package.dsv'
[1.844s] INFO:colcon.colcon_core.shell:Creating package script '/home/umdloop/Downloads/ros2_ws/install/zed_ros2/share/zed_ros2/package.sh'
[1.845s] INFO:colcon.colcon_core.shell:Creating package script '/home/umdloop/Downloads/ros2_ws/install/zed_ros2/share/zed_ros2/package.bash'
[1.846s] INFO:colcon.colcon_core.shell:Creating package script '/home/umdloop/Downloads/ros2_ws/install/zed_ros2/share/zed_ros2/package.zsh'
[1.847s] Level 1:colcon.colcon_core.environment:create_file_with_runtime_dependencies(/home/umdloop/Downloads/ros2_ws/install/zed_ros2/share/colcon-core/packages/zed_ros2)
[1.848s] Level 1:colcon.colcon_core.environment:create_environment_scripts_only(zed_ros2)
[1.848s] Level 1:colcon.colcon_core.environment:checking '/home/umdloop/Downloads/ros2_ws/install/zed_ros2' for CMake module files
[1.849s] Level 1:colcon.colcon_core.environment:checking '/home/umdloop/Downloads/ros2_ws/install/zed_ros2' for CMake config files
[1.849s] Level 1:colcon.colcon_core.shell:create_environment_hook('zed_ros2', 'cmake_prefix_path')
[1.850s] INFO:colcon.colcon_core.shell:Creating environment hook '/home/umdloop/Downloads/ros2_ws/install/zed_ros2/share/zed_ros2/hook/cmake_prefix_path.ps1'
[1.850s] INFO:colcon.colcon_core.shell:Creating environment descriptor '/home/umdloop/Downloads/ros2_ws/install/zed_ros2/share/zed_ros2/hook/cmake_prefix_path.dsv'
[1.851s] INFO:colcon.colcon_core.shell:Creating environment hook '/home/umdloop/Downloads/ros2_ws/install/zed_ros2/share/zed_ros2/hook/cmake_prefix_path.sh'
[1.852s] Level 1:colcon.colcon_core.environment:checking '/home/umdloop/Downloads/ros2_ws/install/zed_ros2/bin'
[1.852s] Level 1:colcon.colcon_core.environment:checking '/home/umdloop/Downloads/ros2_ws/install/zed_ros2/lib/pkgconfig/zed_ros2.pc'
[1.853s] Level 1:colcon.colcon_core.environment:checking '/home/umdloop/Downloads/ros2_ws/install/zed_ros2/lib/python3.10/site-packages'
[1.853s] Level 1:colcon.colcon_core.environment:checking '/home/umdloop/Downloads/ros2_ws/install/zed_ros2/bin'
[1.854s] INFO:colcon.colcon_core.shell:Creating package script '/home/umdloop/Downloads/ros2_ws/install/zed_ros2/share/zed_ros2/package.ps1'
[1.855s] INFO:colcon.colcon_core.shell:Creating package descriptor '/home/umdloop/Downloads/ros2_ws/install/zed_ros2/share/zed_ros2/package.dsv'
[1.855s] INFO:colcon.colcon_core.shell:Creating package script '/home/umdloop/Downloads/ros2_ws/install/zed_ros2/share/zed_ros2/package.sh'
[1.856s] INFO:colcon.colcon_core.shell:Creating package script '/home/umdloop/Downloads/ros2_ws/install/zed_ros2/share/zed_ros2/package.bash'
[1.857s] INFO:colcon.colcon_core.shell:Creating package script '/home/umdloop/Downloads/ros2_ws/install/zed_ros2/share/zed_ros2/package.zsh'
[1.858s] Level 1:colcon.colcon_core.environment:create_file_with_runtime_dependencies(/home/umdloop/Downloads/ros2_ws/install/zed_ros2/share/colcon-core/packages/zed_ros2)
[2.306s] DEBUG:colcon.colcon_core.event_handler.log_command:Invoking command in '/home/umdloop/Downloads/ros2_ws/src/my_package': PYTHONPATH=/home/umdloop/Downloads/ros2_ws/build/my_package/prefix_override:/usr/lib/python3/dist-packages/colcon_core/task/python/colcon_distutils_commands:/home/umdloop/Downloads/ros2_ws/install/my_package/lib/python3.10/site-packages:${PYTHONPATH} /usr/bin/python3 -W ignore:setup.py install is deprecated -W ignore:easy_install command is deprecated setup.py egg_info --egg-base ../../build/my_package build --build-base /home/umdloop/Downloads/ros2_ws/build/my_package/build install --record /home/umdloop/Downloads/ros2_ws/build/my_package/install.log --single-version-externally-managed install_data
[2.909s] Level 1:colcon.colcon_core.environment:checking '/home/umdloop/Downloads/ros2_ws/install/my_package' for CMake module files
[2.911s] DEBUG:colcon.colcon_core.event_handler.log_command:Invoked command in '/home/umdloop/Downloads/ros2_ws/src/my_package' returned '0': PYTHONPATH=/home/umdloop/Downloads/ros2_ws/build/my_package/prefix_override:/usr/lib/python3/dist-packages/colcon_core/task/python/colcon_distutils_commands:/home/umdloop/Downloads/ros2_ws/install/my_package/lib/python3.10/site-packages:${PYTHONPATH} /usr/bin/python3 -W ignore:setup.py install is deprecated -W ignore:easy_install command is deprecated setup.py egg_info --egg-base ../../build/my_package build --build-base /home/umdloop/Downloads/ros2_ws/build/my_package/build install --record /home/umdloop/Downloads/ros2_ws/build/my_package/install.log --single-version-externally-managed install_data
[2.913s] Level 1:colcon.colcon_core.environment:checking '/home/umdloop/Downloads/ros2_ws/install/my_package' for CMake config files
[2.914s] Level 1:colcon.colcon_core.environment:checking '/home/umdloop/Downloads/ros2_ws/install/my_package/lib'
[2.914s] Level 1:colcon.colcon_core.environment:checking '/home/umdloop/Downloads/ros2_ws/install/my_package/bin'
[2.914s] Level 1:colcon.colcon_core.environment:checking '/home/umdloop/Downloads/ros2_ws/install/my_package/lib/pkgconfig/my_package.pc'
[2.915s] Level 1:colcon.colcon_core.environment:checking '/home/umdloop/Downloads/ros2_ws/install/my_package/lib/python3.10/site-packages'
[2.915s] Level 1:colcon.colcon_core.shell:create_environment_hook('my_package', 'pythonpath')
[2.915s] INFO:colcon.colcon_core.shell:Creating environment hook '/home/umdloop/Downloads/ros2_ws/install/my_package/share/my_package/hook/pythonpath.ps1'
[2.917s] INFO:colcon.colcon_core.shell:Creating environment descriptor '/home/umdloop/Downloads/ros2_ws/install/my_package/share/my_package/hook/pythonpath.dsv'
[2.918s] INFO:colcon.colcon_core.shell:Creating environment hook '/home/umdloop/Downloads/ros2_ws/install/my_package/share/my_package/hook/pythonpath.sh'
[2.919s] Level 1:colcon.colcon_core.environment:checking '/home/umdloop/Downloads/ros2_ws/install/my_package/bin'
[2.919s] Level 1:colcon.colcon_core.environment:create_environment_scripts_only(my_package)
[2.920s] INFO:colcon.colcon_core.shell:Creating package script '/home/umdloop/Downloads/ros2_ws/install/my_package/share/my_package/package.ps1'
[2.921s] INFO:colcon.colcon_core.shell:Creating package descriptor '/home/umdloop/Downloads/ros2_ws/install/my_package/share/my_package/package.dsv'
[2.922s] INFO:colcon.colcon_core.shell:Creating package script '/home/umdloop/Downloads/ros2_ws/install/my_package/share/my_package/package.sh'
[2.923s] INFO:colcon.colcon_core.shell:Creating package script '/home/umdloop/Downloads/ros2_ws/install/my_package/share/my_package/package.bash'
[2.924s] INFO:colcon.colcon_core.shell:Creating package script '/home/umdloop/Downloads/ros2_ws/install/my_package/share/my_package/package.zsh'
[2.925s] Level 1:colcon.colcon_core.environment:create_file_with_runtime_dependencies(/home/umdloop/Downloads/ros2_ws/install/my_package/share/colcon-core/packages/my_package)
[2.925s] DEBUG:colcon.colcon_parallel_executor.executor.parallel:closing loop
[2.926s] DEBUG:colcon.colcon_parallel_executor.executor.parallel:loop closed
[2.926s] DEBUG:colcon.colcon_parallel_executor.executor.parallel:run_until_complete finished with '0'
[2.926s] DEBUG:colcon.colcon_core.event_reactor:joining thread
[2.946s] INFO:colcon.colcon_core.plugin_system:Skipping extension 'colcon_notification.desktop_notification.terminal_notifier': Not used on non-Darwin systems
[2.946s] INFO:colcon.colcon_core.plugin_system:Skipping extension 'colcon_notification.desktop_notification.win32': Not used on non-Windows systems
[2.947s] INFO:colcon.colcon_notification.desktop_notification:Sending desktop notification using 'notify2'
[3.010s] DEBUG:colcon.colcon_core.event_reactor:joined thread
[3.011s] INFO:colcon.colcon_core.shell:Creating prefix script '/home/umdloop/Downloads/ros2_ws/install/local_setup.ps1'
[3.013s] INFO:colcon.colcon_core.shell:Creating prefix util module '/home/umdloop/Downloads/ros2_ws/install/_local_setup_util_ps1.py'
[3.016s] INFO:colcon.colcon_core.shell:Creating prefix chain script '/home/umdloop/Downloads/ros2_ws/install/setup.ps1'
[3.018s] INFO:colcon.colcon_core.shell:Creating prefix script '/home/umdloop/Downloads/ros2_ws/install/local_setup.sh'
[3.019s] INFO:colcon.colcon_core.shell:Creating prefix util module '/home/umdloop/Downloads/ros2_ws/install/_local_setup_util_sh.py'
[3.022s] INFO:colcon.colcon_core.shell:Creating prefix chain script '/home/umdloop/Downloads/ros2_ws/install/setup.sh'
[3.029s] INFO:colcon.colcon_core.shell:Creating prefix script '/home/umdloop/Downloads/ros2_ws/install/local_setup.bash'
[3.031s] INFO:colcon.colcon_core.shell:Creating prefix chain script '/home/umdloop/Downloads/ros2_ws/install/setup.bash'
[3.038s] INFO:colcon.colcon_core.shell:Creating prefix script '/home/umdloop/Downloads/ros2_ws/install/local_setup.zsh'
[3.040s] INFO:colcon.colcon_core.shell:Creating prefix chain script '/home/umdloop/Downloads/ros2_ws/install/setup.zsh'
