[1.388s] Invoking command in '/home/umdloop/Downloads/ros2_ws/src/my_package': PYTHONPATH=/home/umdloop/Downloads/ros2_ws/build/my_package/prefix_override:/usr/lib/python3/dist-packages/colcon_core/task/python/colcon_distutils_commands:/home/umdloop/Downloads/ros2_ws/install/my_package/lib/python3.10/site-packages:${PYTHONPATH} /usr/bin/python3 -W ignore:setup.py install is deprecated -W ignore:easy_install command is deprecated setup.py egg_info --egg-base ../../build/my_package build --build-base /home/umdloop/Downloads/ros2_ws/build/my_package/build install --record /home/umdloop/Downloads/ros2_ws/build/my_package/install.log --single-version-externally-managed install_data
[1.862s] running egg_info
[1.863s] writing ../../build/my_package/my_package.egg-info/PKG-INFO
[1.864s] writing dependency_links to ../../build/my_package/my_package.egg-info/dependency_links.txt
[1.864s] writing entry points to ../../build/my_package/my_package.egg-info/entry_points.txt
[1.864s] writing requirements to ../../build/my_package/my_package.egg-info/requires.txt
[1.864s] writing top-level names to ../../build/my_package/my_package.egg-info/top_level.txt
[1.868s] reading manifest file '../../build/my_package/my_package.egg-info/SOURCES.txt'
[1.870s] writing manifest file '../../build/my_package/my_package.egg-info/SOURCES.txt'
[1.870s] running build
[1.870s] running build_py
[1.871s] running install
[1.871s] running install_lib
[1.873s] running install_data
[1.874s] copying package.xml -> /home/umdloop/Downloads/ros2_ws/install/my_package/share/my_package
[1.874s] running install_egg_info
[1.877s] removing '/home/umdloop/Downloads/ros2_ws/install/my_package/lib/python3.10/site-packages/my_package-0.0.0-py3.10.egg-info' (and everything under it)
[1.878s] Copying ../../build/my_package/my_package.egg-info to /home/umdloop/Downloads/ros2_ws/install/my_package/lib/python3.10/site-packages/my_package-0.0.0-py3.10.egg-info
[1.880s] running install_scripts
[1.918s] Installing inference script to /home/umdloop/Downloads/ros2_ws/install/my_package/lib/my_package
[1.918s] Installing my_node script to /home/umdloop/Downloads/ros2_ws/install/my_package/lib/my_package
[1.918s] Installing yolo_ros script to /home/umdloop/Downloads/ros2_ws/install/my_package/lib/my_package
[1.920s] writing list of installed files to '/home/umdloop/Downloads/ros2_ws/build/my_package/install.log'
[1.986s] Invoked command in '/home/umdloop/Downloads/ros2_ws/src/my_package' returned '0': PYTHONPATH=/home/umdloop/Downloads/ros2_ws/build/my_package/prefix_override:/usr/lib/python3/dist-packages/colcon_core/task/python/colcon_distutils_commands:/home/umdloop/Downloads/ros2_ws/install/my_package/lib/python3.10/site-packages:${PYTHONPATH} /usr/bin/python3 -W ignore:setup.py install is deprecated -W ignore:easy_install command is deprecated setup.py egg_info --egg-base ../../build/my_package build --build-base /home/umdloop/Downloads/ros2_ws/build/my_package/build install --record /home/umdloop/Downloads/ros2_ws/build/my_package/install.log --single-version-externally-managed install_data
