[0.210s] DEBUG:colcon:Command line arguments: ['/usr/bin/colcon', 'build']
[0.210s] DEBUG:colcon:Parsed command line arguments: Namespace(log_base=None, log_level=None, verb_name='build', build_base='build', install_base='install', merge_install=False, symlink_install=False, test_result_base=None, continue_on_error=False, executor='parallel', parallel_workers=6, event_handlers=None, ignore_user_meta=False, metas=['./colcon.meta'], base_paths=['.'], packages_ignore=None, packages_ignore_regex=None, paths=None, packages_up_to=None, packages_up_to_regex=None, packages_above=None, packages_above_and_dependencies=None, packages_above_depth=None, packages_select_by_dep=None, packages_skip_by_dep=None, packages_skip_up_to=None, packages_select_build_failed=False, packages_skip_build_finished=False, packages_select_test_failures=False, packages_skip_test_passed=False, packages_select=None, packages_skip=None, packages_select_regex=None, packages_skip_regex=None, packages_start=None, packages_end=None, allow_overriding=[], cmake_args=None, cmake_target=None, cmake_target_skip_unavailable=False, cmake_clean_cache=False, cmake_clean_first=False, cmake_force_configure=False, ament_cmake_args=None, catkin_cmake_args=None, catkin_skip_building_tests=False, mixin_files=None, mixin=None, verb_parser=<colcon_mixin.mixin.mixin_argument.MixinArgumentDecorator object at 0xffff8f6ce8f0>, verb_extension=<colcon_core.verb.build.BuildVerb object at 0xffff8f6ce440>, main=<bound method BuildVerb.main of <colcon_core.verb.build.BuildVerb object at 0xffff8f6ce440>>, mixin_verb=('build',))
[0.543s] Level 1:colcon.colcon_core.package_discovery:discover_packages(colcon_meta) check parameters
[0.543s] Level 1:colcon.colcon_core.package_discovery:discover_packages(recursive) check parameters
[0.543s] Level 1:colcon.colcon_core.package_discovery:discover_packages(ignore) check parameters
[0.543s] Level 1:colcon.colcon_core.package_discovery:discover_packages(path) check parameters
[0.544s] Level 1:colcon.colcon_core.package_discovery:discover_packages(colcon_meta) discover
[0.544s] Level 1:colcon.colcon_core.package_discovery:discover_packages(recursive) discover
[0.544s] INFO:colcon.colcon_core.package_discovery:Crawling recursively for packages in '/home/umdloop/Downloads/ros2_ws'
[0.544s] Level 1:colcon.colcon_core.package_identification:_identify(.) by extensions ['ignore', 'ignore_ament_install']
[0.544s] Level 1:colcon.colcon_core.package_identification:_identify(.) by extension 'ignore'
[0.544s] Level 1:colcon.colcon_core.package_identification:_identify(.) by extension 'ignore_ament_install'
[0.545s] Level 1:colcon.colcon_core.package_identification:_identify(.) by extensions ['colcon_pkg']
[0.545s] Level 1:colcon.colcon_core.package_identification:_identify(.) by extension 'colcon_pkg'
[0.545s] Level 1:colcon.colcon_core.package_identification:_identify(.) by extensions ['colcon_meta']
[0.545s] Level 1:colcon.colcon_core.package_identification:_identify(.) by extension 'colcon_meta'
[0.545s] Level 1:colcon.colcon_core.package_identification:_identify(.) by extensions ['ros']
[0.545s] Level 1:colcon.colcon_core.package_identification:_identify(.) by extension 'ros'
[0.565s] Level 1:colcon.colcon_core.package_identification:_identify(.) by extensions ['cmake', 'python']
[0.565s] Level 1:colcon.colcon_core.package_identification:_identify(.) by extension 'cmake'
[0.565s] Level 1:colcon.colcon_core.package_identification:_identify(.) by extension 'python'
[0.566s] Level 1:colcon.colcon_core.package_identification:_identify(.) by extensions ['python_setup_py']
[0.566s] Level 1:colcon.colcon_core.package_identification:_identify(.) by extension 'python_setup_py'
[0.566s] Level 1:colcon.colcon_core.package_identification:_identify(build) by extensions ['ignore', 'ignore_ament_install']
[0.566s] Level 1:colcon.colcon_core.package_identification:_identify(build) by extension 'ignore'
[0.566s] Level 1:colcon.colcon_core.package_identification:_identify(build) ignored
[0.567s] Level 1:colcon.colcon_core.package_identification:_identify(install) by extensions ['ignore', 'ignore_ament_install']
[0.567s] Level 1:colcon.colcon_core.package_identification:_identify(install) by extension 'ignore'
[0.567s] Level 1:colcon.colcon_core.package_identification:_identify(install) ignored
[0.567s] Level 1:colcon.colcon_core.package_identification:_identify(log) by extensions ['ignore', 'ignore_ament_install']
[0.567s] Level 1:colcon.colcon_core.package_identification:_identify(log) by extension 'ignore'
[0.567s] Level 1:colcon.colcon_core.package_identification:_identify(log) ignored
[0.568s] Level 1:colcon.colcon_core.package_identification:_identify(src) by extensions ['ignore', 'ignore_ament_install']
[0.568s] Level 1:colcon.colcon_core.package_identification:_identify(src) by extension 'ignore'
[0.568s] Level 1:colcon.colcon_core.package_identification:_identify(src) by extension 'ignore_ament_install'
[0.568s] Level 1:colcon.colcon_core.package_identification:_identify(src) by extensions ['colcon_pkg']
[0.568s] Level 1:colcon.colcon_core.package_identification:_identify(src) by extension 'colcon_pkg'
[0.568s] Level 1:colcon.colcon_core.package_identification:_identify(src) by extensions ['colcon_meta']
[0.568s] Level 1:colcon.colcon_core.package_identification:_identify(src) by extension 'colcon_meta'
[0.568s] Level 1:colcon.colcon_core.package_identification:_identify(src) by extensions ['ros']
[0.568s] Level 1:colcon.colcon_core.package_identification:_identify(src) by extension 'ros'
[0.568s] Level 1:colcon.colcon_core.package_identification:_identify(src) by extensions ['cmake', 'python']
[0.569s] Level 1:colcon.colcon_core.package_identification:_identify(src) by extension 'cmake'
[0.569s] Level 1:colcon.colcon_core.package_identification:_identify(src) by extension 'python'
[0.569s] Level 1:colcon.colcon_core.package_identification:_identify(src) by extensions ['python_setup_py']
[0.569s] Level 1:colcon.colcon_core.package_identification:_identify(src) by extension 'python_setup_py'
[0.569s] Level 1:colcon.colcon_core.package_identification:_identify(src/my_package) by extensions ['ignore', 'ignore_ament_install']
[0.569s] Level 1:colcon.colcon_core.package_identification:_identify(src/my_package) by extension 'ignore'
[0.569s] Level 1:colcon.colcon_core.package_identification:_identify(src/my_package) by extension 'ignore_ament_install'
[0.569s] Level 1:colcon.colcon_core.package_identification:_identify(src/my_package) by extensions ['colcon_pkg']
[0.569s] Level 1:colcon.colcon_core.package_identification:_identify(src/my_package) by extension 'colcon_pkg'
[0.569s] Level 1:colcon.colcon_core.package_identification:_identify(src/my_package) by extensions ['colcon_meta']
[0.570s] Level 1:colcon.colcon_core.package_identification:_identify(src/my_package) by extension 'colcon_meta'
[0.570s] Level 1:colcon.colcon_core.package_identification:_identify(src/my_package) by extensions ['ros']
[0.570s] Level 1:colcon.colcon_core.package_identification:_identify(src/my_package) by extension 'ros'
[0.575s] DEBUG:colcon.colcon_core.package_identification:Package 'src/my_package' with type 'ros.ament_python' and name 'my_package'
[0.575s] Level 1:colcon.colcon_core.package_identification:_identify(src/zed-ros2-wrapper) by extensions ['ignore', 'ignore_ament_install']
[0.575s] Level 1:colcon.colcon_core.package_identification:_identify(src/zed-ros2-wrapper) by extension 'ignore'
[0.575s] Level 1:colcon.colcon_core.package_identification:_identify(src/zed-ros2-wrapper) by extension 'ignore_ament_install'
[0.575s] Level 1:colcon.colcon_core.package_identification:_identify(src/zed-ros2-wrapper) by extensions ['colcon_pkg']
[0.576s] Level 1:colcon.colcon_core.package_identification:_identify(src/zed-ros2-wrapper) by extension 'colcon_pkg'
[0.576s] Level 1:colcon.colcon_core.package_identification:_identify(src/zed-ros2-wrapper) by extensions ['colcon_meta']
[0.576s] Level 1:colcon.colcon_core.package_identification:_identify(src/zed-ros2-wrapper) by extension 'colcon_meta'
[0.576s] Level 1:colcon.colcon_core.package_identification:_identify(src/zed-ros2-wrapper) by extensions ['ros']
[0.576s] Level 1:colcon.colcon_core.package_identification:_identify(src/zed-ros2-wrapper) by extension 'ros'
[0.576s] Level 1:colcon.colcon_core.package_identification:_identify(src/zed-ros2-wrapper) by extensions ['cmake', 'python']
[0.576s] Level 1:colcon.colcon_core.package_identification:_identify(src/zed-ros2-wrapper) by extension 'cmake'
[0.576s] Level 1:colcon.colcon_core.package_identification:_identify(src/zed-ros2-wrapper) by extension 'python'
[0.576s] Level 1:colcon.colcon_core.package_identification:_identify(src/zed-ros2-wrapper) by extensions ['python_setup_py']
[0.576s] Level 1:colcon.colcon_core.package_identification:_identify(src/zed-ros2-wrapper) by extension 'python_setup_py'
[0.577s] Level 1:colcon.colcon_core.package_identification:_identify(src/zed-ros2-wrapper/docker) by extensions ['ignore', 'ignore_ament_install']
[0.577s] Level 1:colcon.colcon_core.package_identification:_identify(src/zed-ros2-wrapper/docker) by extension 'ignore'
[0.577s] Level 1:colcon.colcon_core.package_identification:_identify(src/zed-ros2-wrapper/docker) by extension 'ignore_ament_install'
[0.577s] Level 1:colcon.colcon_core.package_identification:_identify(src/zed-ros2-wrapper/docker) by extensions ['colcon_pkg']
[0.577s] Level 1:colcon.colcon_core.package_identification:_identify(src/zed-ros2-wrapper/docker) by extension 'colcon_pkg'
[0.577s] Level 1:colcon.colcon_core.package_identification:_identify(src/zed-ros2-wrapper/docker) by extensions ['colcon_meta']
[0.577s] Level 1:colcon.colcon_core.package_identification:_identify(src/zed-ros2-wrapper/docker) by extension 'colcon_meta'
[0.577s] Level 1:colcon.colcon_core.package_identification:_identify(src/zed-ros2-wrapper/docker) by extensions ['ros']
[0.577s] Level 1:colcon.colcon_core.package_identification:_identify(src/zed-ros2-wrapper/docker) by extension 'ros'
[0.578s] Level 1:colcon.colcon_core.package_identification:_identify(src/zed-ros2-wrapper/docker) by extensions ['cmake', 'python']
[0.578s] Level 1:colcon.colcon_core.package_identification:_identify(src/zed-ros2-wrapper/docker) by extension 'cmake'
[0.578s] Level 1:colcon.colcon_core.package_identification:_identify(src/zed-ros2-wrapper/docker) by extension 'python'
[0.578s] Level 1:colcon.colcon_core.package_identification:_identify(src/zed-ros2-wrapper/docker) by extensions ['python_setup_py']
[0.578s] Level 1:colcon.colcon_core.package_identification:_identify(src/zed-ros2-wrapper/docker) by extension 'python_setup_py'
[0.578s] Level 1:colcon.colcon_core.package_identification:_identify(src/zed-ros2-wrapper/images) by extensions ['ignore', 'ignore_ament_install']
[0.578s] Level 1:colcon.colcon_core.package_identification:_identify(src/zed-ros2-wrapper/images) by extension 'ignore'
[0.578s] Level 1:colcon.colcon_core.package_identification:_identify(src/zed-ros2-wrapper/images) by extension 'ignore_ament_install'
[0.579s] Level 1:colcon.colcon_core.package_identification:_identify(src/zed-ros2-wrapper/images) by extensions ['colcon_pkg']
[0.579s] Level 1:colcon.colcon_core.package_identification:_identify(src/zed-ros2-wrapper/images) by extension 'colcon_pkg'
[0.579s] Level 1:colcon.colcon_core.package_identification:_identify(src/zed-ros2-wrapper/images) by extensions ['colcon_meta']
[0.579s] Level 1:colcon.colcon_core.package_identification:_identify(src/zed-ros2-wrapper/images) by extension 'colcon_meta'
[0.579s] Level 1:colcon.colcon_core.package_identification:_identify(src/zed-ros2-wrapper/images) by extensions ['ros']
[0.579s] Level 1:colcon.colcon_core.package_identification:_identify(src/zed-ros2-wrapper/images) by extension 'ros'
[0.579s] Level 1:colcon.colcon_core.package_identification:_identify(src/zed-ros2-wrapper/images) by extensions ['cmake', 'python']
[0.579s] Level 1:colcon.colcon_core.package_identification:_identify(src/zed-ros2-wrapper/images) by extension 'cmake'
[0.579s] Level 1:colcon.colcon_core.package_identification:_identify(src/zed-ros2-wrapper/images) by extension 'python'
[0.579s] Level 1:colcon.colcon_core.package_identification:_identify(src/zed-ros2-wrapper/images) by extensions ['python_setup_py']
[0.579s] Level 1:colcon.colcon_core.package_identification:_identify(src/zed-ros2-wrapper/images) by extension 'python_setup_py'
[0.580s] Level 1:colcon.colcon_core.package_identification:_identify(src/zed-ros2-wrapper/zed_components) by extensions ['ignore', 'ignore_ament_install']
[0.580s] Level 1:colcon.colcon_core.package_identification:_identify(src/zed-ros2-wrapper/zed_components) by extension 'ignore'
[0.580s] Level 1:colcon.colcon_core.package_identification:_identify(src/zed-ros2-wrapper/zed_components) by extension 'ignore_ament_install'
[0.580s] Level 1:colcon.colcon_core.package_identification:_identify(src/zed-ros2-wrapper/zed_components) by extensions ['colcon_pkg']
[0.580s] Level 1:colcon.colcon_core.package_identification:_identify(src/zed-ros2-wrapper/zed_components) by extension 'colcon_pkg'
[0.580s] Level 1:colcon.colcon_core.package_identification:_identify(src/zed-ros2-wrapper/zed_components) by extensions ['colcon_meta']
[0.580s] Level 1:colcon.colcon_core.package_identification:_identify(src/zed-ros2-wrapper/zed_components) by extension 'colcon_meta'
[0.580s] Level 1:colcon.colcon_core.package_identification:_identify(src/zed-ros2-wrapper/zed_components) by extensions ['ros']
[0.580s] Level 1:colcon.colcon_core.package_identification:_identify(src/zed-ros2-wrapper/zed_components) by extension 'ros'
[0.583s] DEBUG:colcon.colcon_core.package_identification:Package 'src/zed-ros2-wrapper/zed_components' with type 'ros.ament_cmake' and name 'zed_components'
[0.583s] Level 1:colcon.colcon_core.package_identification:_identify(src/zed-ros2-wrapper/zed_ros2) by extensions ['ignore', 'ignore_ament_install']
[0.583s] Level 1:colcon.colcon_core.package_identification:_identify(src/zed-ros2-wrapper/zed_ros2) by extension 'ignore'
[0.583s] Level 1:colcon.colcon_core.package_identification:_identify(src/zed-ros2-wrapper/zed_ros2) by extension 'ignore_ament_install'
[0.583s] Level 1:colcon.colcon_core.package_identification:_identify(src/zed-ros2-wrapper/zed_ros2) by extensions ['colcon_pkg']
[0.583s] Level 1:colcon.colcon_core.package_identification:_identify(src/zed-ros2-wrapper/zed_ros2) by extension 'colcon_pkg'
[0.584s] Level 1:colcon.colcon_core.package_identification:_identify(src/zed-ros2-wrapper/zed_ros2) by extensions ['colcon_meta']
[0.584s] Level 1:colcon.colcon_core.package_identification:_identify(src/zed-ros2-wrapper/zed_ros2) by extension 'colcon_meta'
[0.584s] Level 1:colcon.colcon_core.package_identification:_identify(src/zed-ros2-wrapper/zed_ros2) by extensions ['ros']
[0.584s] Level 1:colcon.colcon_core.package_identification:_identify(src/zed-ros2-wrapper/zed_ros2) by extension 'ros'
[0.585s] DEBUG:colcon.colcon_core.package_identification:Package 'src/zed-ros2-wrapper/zed_ros2' with type 'ros.ament_cmake' and name 'zed_ros2'
[0.585s] Level 1:colcon.colcon_core.package_identification:_identify(src/zed-ros2-wrapper/zed_wrapper) by extensions ['ignore', 'ignore_ament_install']
[0.585s] Level 1:colcon.colcon_core.package_identification:_identify(src/zed-ros2-wrapper/zed_wrapper) by extension 'ignore'
[0.585s] Level 1:colcon.colcon_core.package_identification:_identify(src/zed-ros2-wrapper/zed_wrapper) by extension 'ignore_ament_install'
[0.586s] Level 1:colcon.colcon_core.package_identification:_identify(src/zed-ros2-wrapper/zed_wrapper) by extensions ['colcon_pkg']
[0.586s] Level 1:colcon.colcon_core.package_identification:_identify(src/zed-ros2-wrapper/zed_wrapper) by extension 'colcon_pkg'
[0.586s] Level 1:colcon.colcon_core.package_identification:_identify(src/zed-ros2-wrapper/zed_wrapper) by extensions ['colcon_meta']
[0.586s] Level 1:colcon.colcon_core.package_identification:_identify(src/zed-ros2-wrapper/zed_wrapper) by extension 'colcon_meta'
[0.586s] Level 1:colcon.colcon_core.package_identification:_identify(src/zed-ros2-wrapper/zed_wrapper) by extensions ['ros']
[0.586s] Level 1:colcon.colcon_core.package_identification:_identify(src/zed-ros2-wrapper/zed_wrapper) by extension 'ros'
[0.587s] DEBUG:colcon.colcon_core.package_identification:Package 'src/zed-ros2-wrapper/zed_wrapper' with type 'ros.ament_cmake' and name 'zed_wrapper'
[0.588s] Level 1:colcon.colcon_core.package_discovery:discover_packages(recursive) using defaults
[0.588s] Level 1:colcon.colcon_core.package_discovery:discover_packages(ignore) discover
[0.588s] Level 1:colcon.colcon_core.package_discovery:discover_packages(ignore) using defaults
[0.588s] Level 1:colcon.colcon_core.package_discovery:discover_packages(path) discover
[0.588s] Level 1:colcon.colcon_core.package_discovery:discover_packages(path) using defaults
[0.656s] Level 1:colcon.colcon_core.package_discovery:discover_packages(prefix_path) check parameters
[0.656s] Level 1:colcon.colcon_core.package_discovery:discover_packages(prefix_path) discover
[0.660s] DEBUG:colcon.colcon_installed_package_information.package_discovery:Found 1 installed packages in /home/umdloop/Downloads/ros2_ws/install
[0.660s] DEBUG:colcon.colcon_installed_package_information.package_discovery:Found 1 installed packages in /home/umdloop/Downloads/yolo_ws/install
[0.661s] DEBUG:colcon.colcon_installed_package_information.package_discovery:Found 1 installed packages in /home/umdloop/Downloads/yolo-ros2-main/install
[0.663s] DEBUG:colcon.colcon_installed_package_information.package_discovery:Found 300 installed packages in /opt/ros/humble
[0.666s] Level 1:colcon.colcon_core.package_discovery:discover_packages(prefix_path) using defaults
[0.738s] Level 5:colcon.colcon_core.verb:set package 'my_package' build argument 'cmake_args' from command line to 'None'
[0.738s] Level 5:colcon.colcon_core.verb:set package 'my_package' build argument 'cmake_target' from command line to 'None'
[0.738s] Level 5:colcon.colcon_core.verb:set package 'my_package' build argument 'cmake_target_skip_unavailable' from command line to 'False'
[0.738s] Level 5:colcon.colcon_core.verb:set package 'my_package' build argument 'cmake_clean_cache' from command line to 'False'
[0.738s] Level 5:colcon.colcon_core.verb:set package 'my_package' build argument 'cmake_clean_first' from command line to 'False'
[0.738s] Level 5:colcon.colcon_core.verb:set package 'my_package' build argument 'cmake_force_configure' from command line to 'False'
[0.738s] Level 5:colcon.colcon_core.verb:set package 'my_package' build argument 'ament_cmake_args' from command line to 'None'
[0.738s] Level 5:colcon.colcon_core.verb:set package 'my_package' build argument 'catkin_cmake_args' from command line to 'None'
[0.738s] Level 5:colcon.colcon_core.verb:set package 'my_package' build argument 'catkin_skip_building_tests' from command line to 'False'
[0.738s] DEBUG:colcon.colcon_core.verb:Building package 'my_package' with the following arguments: {'ament_cmake_args': None, 'build_base': '/home/umdloop/Downloads/ros2_ws/build/my_package', 'catkin_cmake_args': None, 'catkin_skip_building_tests': False, 'cmake_args': None, 'cmake_clean_cache': False, 'cmake_clean_first': False, 'cmake_force_configure': False, 'cmake_target': None, 'cmake_target_skip_unavailable': False, 'install_base': '/home/umdloop/Downloads/ros2_ws/install/my_package', 'merge_install': False, 'path': '/home/umdloop/Downloads/ros2_ws/src/my_package', 'symlink_install': False, 'test_result_base': None}
[0.739s] Level 5:colcon.colcon_core.verb:set package 'zed_components' build argument 'cmake_args' from command line to 'None'
[0.739s] Level 5:colcon.colcon_core.verb:set package 'zed_components' build argument 'cmake_target' from command line to 'None'
[0.739s] Level 5:colcon.colcon_core.verb:set package 'zed_components' build argument 'cmake_target_skip_unavailable' from command line to 'False'
[0.739s] Level 5:colcon.colcon_core.verb:set package 'zed_components' build argument 'cmake_clean_cache' from command line to 'False'
[0.739s] Level 5:colcon.colcon_core.verb:set package 'zed_components' build argument 'cmake_clean_first' from command line to 'False'
[0.739s] Level 5:colcon.colcon_core.verb:set package 'zed_components' build argument 'cmake_force_configure' from command line to 'False'
[0.739s] Level 5:colcon.colcon_core.verb:set package 'zed_components' build argument 'ament_cmake_args' from command line to 'None'
[0.739s] Level 5:colcon.colcon_core.verb:set package 'zed_components' build argument 'catkin_cmake_args' from command line to 'None'
[0.739s] Level 5:colcon.colcon_core.verb:set package 'zed_components' build argument 'catkin_skip_building_tests' from command line to 'False'
[0.739s] DEBUG:colcon.colcon_core.verb:Building package 'zed_components' with the following arguments: {'ament_cmake_args': None, 'build_base': '/home/umdloop/Downloads/ros2_ws/build/zed_components', 'catkin_cmake_args': None, 'catkin_skip_building_tests': False, 'cmake_args': None, 'cmake_clean_cache': False, 'cmake_clean_first': False, 'cmake_force_configure': False, 'cmake_target': None, 'cmake_target_skip_unavailable': False, 'install_base': '/home/umdloop/Downloads/ros2_ws/install/zed_components', 'merge_install': False, 'path': '/home/umdloop/Downloads/ros2_ws/src/zed-ros2-wrapper/zed_components', 'symlink_install': False, 'test_result_base': None}
[0.740s] Level 5:colcon.colcon_core.verb:set package 'zed_wrapper' build argument 'cmake_args' from command line to 'None'
[0.740s] Level 5:colcon.colcon_core.verb:set package 'zed_wrapper' build argument 'cmake_target' from command line to 'None'
[0.740s] Level 5:colcon.colcon_core.verb:set package 'zed_wrapper' build argument 'cmake_target_skip_unavailable' from command line to 'False'
[0.740s] Level 5:colcon.colcon_core.verb:set package 'zed_wrapper' build argument 'cmake_clean_cache' from command line to 'False'
[0.740s] Level 5:colcon.colcon_core.verb:set package 'zed_wrapper' build argument 'cmake_clean_first' from command line to 'False'
[0.740s] Level 5:colcon.colcon_core.verb:set package 'zed_wrapper' build argument 'cmake_force_configure' from command line to 'False'
[0.740s] Level 5:colcon.colcon_core.verb:set package 'zed_wrapper' build argument 'ament_cmake_args' from command line to 'None'
[0.740s] Level 5:colcon.colcon_core.verb:set package 'zed_wrapper' build argument 'catkin_cmake_args' from command line to 'None'
[0.740s] Level 5:colcon.colcon_core.verb:set package 'zed_wrapper' build argument 'catkin_skip_building_tests' from command line to 'False'
[0.740s] DEBUG:colcon.colcon_core.verb:Building package 'zed_wrapper' with the following arguments: {'ament_cmake_args': None, 'build_base': '/home/umdloop/Downloads/ros2_ws/build/zed_wrapper', 'catkin_cmake_args': None, 'catkin_skip_building_tests': False, 'cmake_args': None, 'cmake_clean_cache': False, 'cmake_clean_first': False, 'cmake_force_configure': False, 'cmake_target': None, 'cmake_target_skip_unavailable': False, 'install_base': '/home/umdloop/Downloads/ros2_ws/install/zed_wrapper', 'merge_install': False, 'path': '/home/umdloop/Downloads/ros2_ws/src/zed-ros2-wrapper/zed_wrapper', 'symlink_install': False, 'test_result_base': None}
[0.741s] Level 5:colcon.colcon_core.verb:set package 'zed_ros2' build argument 'cmake_args' from command line to 'None'
[0.741s] Level 5:colcon.colcon_core.verb:set package 'zed_ros2' build argument 'cmake_target' from command line to 'None'
[0.741s] Level 5:colcon.colcon_core.verb:set package 'zed_ros2' build argument 'cmake_target_skip_unavailable' from command line to 'False'
[0.741s] Level 5:colcon.colcon_core.verb:set package 'zed_ros2' build argument 'cmake_clean_cache' from command line to 'False'
[0.741s] Level 5:colcon.colcon_core.verb:set package 'zed_ros2' build argument 'cmake_clean_first' from command line to 'False'
[0.741s] Level 5:colcon.colcon_core.verb:set package 'zed_ros2' build argument 'cmake_force_configure' from command line to 'False'
[0.741s] Level 5:colcon.colcon_core.verb:set package 'zed_ros2' build argument 'ament_cmake_args' from command line to 'None'
[0.741s] Level 5:colcon.colcon_core.verb:set package 'zed_ros2' build argument 'catkin_cmake_args' from command line to 'None'
[0.741s] Level 5:colcon.colcon_core.verb:set package 'zed_ros2' build argument 'catkin_skip_building_tests' from command line to 'False'
[0.741s] DEBUG:colcon.colcon_core.verb:Building package 'zed_ros2' with the following arguments: {'ament_cmake_args': None, 'build_base': '/home/umdloop/Downloads/ros2_ws/build/zed_ros2', 'catkin_cmake_args': None, 'catkin_skip_building_tests': False, 'cmake_args': None, 'cmake_clean_cache': False, 'cmake_clean_first': False, 'cmake_force_configure': False, 'cmake_target': None, 'cmake_target_skip_unavailable': False, 'install_base': '/home/umdloop/Downloads/ros2_ws/install/zed_ros2', 'merge_install': False, 'path': '/home/umdloop/Downloads/ros2_ws/src/zed-ros2-wrapper/zed_ros2', 'symlink_install': False, 'test_result_base': None}
[0.742s] INFO:colcon.colcon_core.executor:Executing jobs using 'parallel' executor
[0.744s] DEBUG:colcon.colcon_parallel_executor.executor.parallel:run_until_complete
[0.745s] INFO:colcon.colcon_ros.task.ament_cmake.build:Building ROS package in '/home/umdloop/Downloads/ros2_ws/src/zed-ros2-wrapper/zed_components' with build type 'ament_cmake'
[0.745s] INFO:colcon.colcon_cmake.task.cmake.build:Building CMake package in '/home/umdloop/Downloads/ros2_ws/src/zed-ros2-wrapper/zed_components'
[0.749s] INFO:colcon.colcon_core.plugin_system:Skipping extension 'colcon_core.shell.bat': Not used on non-Windows systems
[0.749s] INFO:colcon.colcon_core.shell:Skip shell extension 'powershell' for command environment: Not usable outside of PowerShell
[0.749s] DEBUG:colcon.colcon_core.shell:Skip shell extension 'dsv' for command environment
[0.756s] INFO:colcon.colcon_ros.task.ament_python.build:Building ROS package in '/home/umdloop/Downloads/ros2_ws/src/my_package' with build type 'ament_python'
[0.757s] Level 1:colcon.colcon_core.shell:create_environment_hook('my_package', 'ament_prefix_path')
[0.757s] INFO:colcon.colcon_core.shell:Creating environment hook '/home/umdloop/Downloads/ros2_ws/install/my_package/share/my_package/hook/ament_prefix_path.ps1'
[0.759s] INFO:colcon.colcon_core.shell:Creating environment descriptor '/home/umdloop/Downloads/ros2_ws/install/my_package/share/my_package/hook/ament_prefix_path.dsv'
[0.760s] INFO:colcon.colcon_core.shell:Creating environment hook '/home/umdloop/Downloads/ros2_ws/install/my_package/share/my_package/hook/ament_prefix_path.sh'
[0.761s] INFO:colcon.colcon_core.shell:Skip shell extension 'powershell' for command environment: Not usable outside of PowerShell
[0.761s] DEBUG:colcon.colcon_core.shell:Skip shell extension 'dsv' for command environment
[0.782s] DEBUG:colcon.colcon_core.event_handler.log_command:Invoking command in '/home/umdloop/Downloads/ros2_ws/build/zed_components': CMAKE_PREFIX_PATH=/home/umdloop/Downloads/ros2_ws/install/my_package:/opt/ros/humble /usr/bin/cmake /home/umdloop/Downloads/ros2_ws/src/zed-ros2-wrapper/zed_components -DCMAKE_INSTALL_PREFIX=/home/umdloop/Downloads/ros2_ws/install/zed_components
[1.365s] INFO:colcon.colcon_core.task.python.build:Building Python package in '/home/umdloop/Downloads/ros2_ws/src/my_package'
[1.366s] INFO:colcon.colcon_core.shell:Skip shell extension 'powershell' for command environment: Not usable outside of PowerShell
[1.366s] DEBUG:colcon.colcon_core.shell:Skip shell extension 'dsv' for command environment
[2.175s] DEBUG:colcon.colcon_core.event_handler.log_command:Invoking command in '/home/umdloop/Downloads/ros2_ws/src/my_package': PYTHONPATH=/home/umdloop/Downloads/ros2_ws/build/my_package/prefix_override:/usr/lib/python3/dist-packages/colcon_core/task/python/colcon_distutils_commands:/home/umdloop/Downloads/ros2_ws/install/my_package/lib/python3.10/site-packages:${PYTHONPATH} /usr/bin/python3 -W ignore:setup.py install is deprecated -W ignore:easy_install command is deprecated setup.py egg_info --egg-base ../../build/my_package build --build-base /home/umdloop/Downloads/ros2_ws/build/my_package/build install --record /home/umdloop/Downloads/ros2_ws/build/my_package/install.log --single-version-externally-managed install_data
[2.815s] DEBUG:colcon.colcon_core.event_handler.log_command:Invoked command in '/home/umdloop/Downloads/ros2_ws/src/my_package' returned '0': PYTHONPATH=/home/umdloop/Downloads/ros2_ws/build/my_package/prefix_override:/usr/lib/python3/dist-packages/colcon_core/task/python/colcon_distutils_commands:/home/umdloop/Downloads/ros2_ws/install/my_package/lib/python3.10/site-packages:${PYTHONPATH} /usr/bin/python3 -W ignore:setup.py install is deprecated -W ignore:easy_install command is deprecated setup.py egg_info --egg-base ../../build/my_package build --build-base /home/umdloop/Downloads/ros2_ws/build/my_package/build install --record /home/umdloop/Downloads/ros2_ws/build/my_package/install.log --single-version-externally-managed install_data
[2.821s] Level 1:colcon.colcon_core.environment:checking '/home/umdloop/Downloads/ros2_ws/install/my_package' for CMake module files
[2.823s] Level 1:colcon.colcon_core.environment:checking '/home/umdloop/Downloads/ros2_ws/install/my_package' for CMake config files
[2.825s] Level 1:colcon.colcon_core.environment:checking '/home/umdloop/Downloads/ros2_ws/install/my_package/lib'
[2.826s] Level 1:colcon.colcon_core.environment:checking '/home/umdloop/Downloads/ros2_ws/install/my_package/bin'
[2.826s] Level 1:colcon.colcon_core.environment:checking '/home/umdloop/Downloads/ros2_ws/install/my_package/lib/pkgconfig/my_package.pc'
[2.827s] Level 1:colcon.colcon_core.environment:checking '/home/umdloop/Downloads/ros2_ws/install/my_package/lib/python3.10/site-packages'
[2.827s] Level 1:colcon.colcon_core.shell:create_environment_hook('my_package', 'pythonpath')
[2.828s] INFO:colcon.colcon_core.shell:Creating environment hook '/home/umdloop/Downloads/ros2_ws/install/my_package/share/my_package/hook/pythonpath.ps1'
[2.829s] INFO:colcon.colcon_core.shell:Creating environment descriptor '/home/umdloop/Downloads/ros2_ws/install/my_package/share/my_package/hook/pythonpath.dsv'
[2.831s] INFO:colcon.colcon_core.shell:Creating environment hook '/home/umdloop/Downloads/ros2_ws/install/my_package/share/my_package/hook/pythonpath.sh'
[2.832s] Level 1:colcon.colcon_core.environment:checking '/home/umdloop/Downloads/ros2_ws/install/my_package/bin'
[2.833s] Level 1:colcon.colcon_core.environment:create_environment_scripts_only(my_package)
[2.833s] INFO:colcon.colcon_core.shell:Creating package script '/home/umdloop/Downloads/ros2_ws/install/my_package/share/my_package/package.ps1'
[2.835s] INFO:colcon.colcon_core.shell:Creating package descriptor '/home/umdloop/Downloads/ros2_ws/install/my_package/share/my_package/package.dsv'
[2.837s] INFO:colcon.colcon_core.shell:Creating package script '/home/umdloop/Downloads/ros2_ws/install/my_package/share/my_package/package.sh'
[2.840s] INFO:colcon.colcon_core.shell:Creating package script '/home/umdloop/Downloads/ros2_ws/install/my_package/share/my_package/package.bash'
[2.841s] INFO:colcon.colcon_core.shell:Creating package script '/home/umdloop/Downloads/ros2_ws/install/my_package/share/my_package/package.zsh'
[2.844s] Level 1:colcon.colcon_core.environment:create_file_with_runtime_dependencies(/home/umdloop/Downloads/ros2_ws/install/my_package/share/colcon-core/packages/my_package)
[6.144s] DEBUG:colcon.colcon_core.event_handler.log_command:Invoked command in '/home/umdloop/Downloads/ros2_ws/build/zed_components' returned '0': CMAKE_PREFIX_PATH=/home/umdloop/Downloads/ros2_ws/install/my_package:/opt/ros/humble /usr/bin/cmake /home/umdloop/Downloads/ros2_ws/src/zed-ros2-wrapper/zed_components -DCMAKE_INSTALL_PREFIX=/home/umdloop/Downloads/ros2_ws/install/zed_components
[6.151s] DEBUG:colcon.colcon_core.event_handler.log_command:Invoking command in '/home/umdloop/Downloads/ros2_ws/build/zed_components': CMAKE_PREFIX_PATH=/home/umdloop/Downloads/ros2_ws/install/my_package:/opt/ros/humble /usr/bin/cmake --build /home/umdloop/Downloads/ros2_ws/build/zed_components -- -j6 -l6
[166.203s] DEBUG:colcon.colcon_core.event_handler.log_command:Invoked command in '/home/umdloop/Downloads/ros2_ws/build/zed_components' returned '0': CMAKE_PREFIX_PATH=/home/umdloop/Downloads/ros2_ws/install/my_package:/opt/ros/humble /usr/bin/cmake --build /home/umdloop/Downloads/ros2_ws/build/zed_components -- -j6 -l6
[166.224s] DEBUG:colcon.colcon_core.event_handler.log_command:Invoking command in '/home/umdloop/Downloads/ros2_ws/build/zed_components': CMAKE_PREFIX_PATH=/home/umdloop/Downloads/ros2_ws/install/my_package:/opt/ros/humble /usr/bin/cmake --install /home/umdloop/Downloads/ros2_ws/build/zed_components
[166.331s] Level 1:colcon.colcon_core.environment:create_environment_scripts_only(zed_components)
[166.332s] Level 1:colcon.colcon_core.environment:checking '/home/umdloop/Downloads/ros2_ws/install/zed_components' for CMake module files
[166.333s] DEBUG:colcon.colcon_core.event_handler.log_command:Invoked command in '/home/umdloop/Downloads/ros2_ws/build/zed_components' returned '0': CMAKE_PREFIX_PATH=/home/umdloop/Downloads/ros2_ws/install/my_package:/opt/ros/humble /usr/bin/cmake --install /home/umdloop/Downloads/ros2_ws/build/zed_components
[166.335s] Level 1:colcon.colcon_core.environment:checking '/home/umdloop/Downloads/ros2_ws/install/zed_components' for CMake config files
[166.335s] Level 1:colcon.colcon_core.shell:create_environment_hook('zed_components', 'cmake_prefix_path')
[166.336s] INFO:colcon.colcon_core.shell:Creating environment hook '/home/umdloop/Downloads/ros2_ws/install/zed_components/share/zed_components/hook/cmake_prefix_path.ps1'
[166.338s] INFO:colcon.colcon_core.shell:Creating environment descriptor '/home/umdloop/Downloads/ros2_ws/install/zed_components/share/zed_components/hook/cmake_prefix_path.dsv'
[166.338s] INFO:colcon.colcon_core.shell:Creating environment hook '/home/umdloop/Downloads/ros2_ws/install/zed_components/share/zed_components/hook/cmake_prefix_path.sh'
[166.340s] Level 1:colcon.colcon_core.environment:checking '/home/umdloop/Downloads/ros2_ws/install/zed_components/lib'
[166.340s] Level 1:colcon.colcon_core.shell:create_environment_hook('zed_components', 'ld_library_path_lib')
[166.340s] INFO:colcon.colcon_core.shell:Creating environment hook '/home/umdloop/Downloads/ros2_ws/install/zed_components/share/zed_components/hook/ld_library_path_lib.ps1'
[166.341s] INFO:colcon.colcon_core.shell:Creating environment descriptor '/home/umdloop/Downloads/ros2_ws/install/zed_components/share/zed_components/hook/ld_library_path_lib.dsv'
[166.342s] INFO:colcon.colcon_core.shell:Creating environment hook '/home/umdloop/Downloads/ros2_ws/install/zed_components/share/zed_components/hook/ld_library_path_lib.sh'
[166.343s] Level 1:colcon.colcon_core.environment:checking '/home/umdloop/Downloads/ros2_ws/install/zed_components/bin'
[166.343s] Level 1:colcon.colcon_core.environment:checking '/home/umdloop/Downloads/ros2_ws/install/zed_components/lib/pkgconfig/zed_components.pc'
[166.343s] Level 1:colcon.colcon_core.environment:checking '/home/umdloop/Downloads/ros2_ws/install/zed_components/lib/python3.10/site-packages'
[166.344s] Level 1:colcon.colcon_core.environment:checking '/home/umdloop/Downloads/ros2_ws/install/zed_components/bin'
[166.345s] INFO:colcon.colcon_core.shell:Creating package script '/home/umdloop/Downloads/ros2_ws/install/zed_components/share/zed_components/package.ps1'
[166.348s] INFO:colcon.colcon_core.shell:Creating package descriptor '/home/umdloop/Downloads/ros2_ws/install/zed_components/share/zed_components/package.dsv'
[166.350s] INFO:colcon.colcon_core.shell:Creating package script '/home/umdloop/Downloads/ros2_ws/install/zed_components/share/zed_components/package.sh'
[166.352s] INFO:colcon.colcon_core.shell:Creating package script '/home/umdloop/Downloads/ros2_ws/install/zed_components/share/zed_components/package.bash'
[166.353s] INFO:colcon.colcon_core.shell:Creating package script '/home/umdloop/Downloads/ros2_ws/install/zed_components/share/zed_components/package.zsh'
[166.355s] Level 1:colcon.colcon_core.environment:create_file_with_runtime_dependencies(/home/umdloop/Downloads/ros2_ws/install/zed_components/share/colcon-core/packages/zed_components)
[166.358s] Level 1:colcon.colcon_core.environment:create_environment_scripts_only(zed_components)
[166.359s] Level 1:colcon.colcon_core.environment:checking '/home/umdloop/Downloads/ros2_ws/install/zed_components' for CMake module files
[166.361s] Level 1:colcon.colcon_core.environment:checking '/home/umdloop/Downloads/ros2_ws/install/zed_components' for CMake config files
[166.361s] Level 1:colcon.colcon_core.shell:create_environment_hook('zed_components', 'cmake_prefix_path')
[166.362s] INFO:colcon.colcon_core.shell:Creating environment hook '/home/umdloop/Downloads/ros2_ws/install/zed_components/share/zed_components/hook/cmake_prefix_path.ps1'
[166.363s] INFO:colcon.colcon_core.shell:Creating environment descriptor '/home/umdloop/Downloads/ros2_ws/install/zed_components/share/zed_components/hook/cmake_prefix_path.dsv'
[166.364s] INFO:colcon.colcon_core.shell:Creating environment hook '/home/umdloop/Downloads/ros2_ws/install/zed_components/share/zed_components/hook/cmake_prefix_path.sh'
[166.365s] Level 1:colcon.colcon_core.environment:checking '/home/umdloop/Downloads/ros2_ws/install/zed_components/lib'
[166.365s] Level 1:colcon.colcon_core.shell:create_environment_hook('zed_components', 'ld_library_path_lib')
[166.365s] INFO:colcon.colcon_core.shell:Creating environment hook '/home/umdloop/Downloads/ros2_ws/install/zed_components/share/zed_components/hook/ld_library_path_lib.ps1'
[166.366s] INFO:colcon.colcon_core.shell:Creating environment descriptor '/home/umdloop/Downloads/ros2_ws/install/zed_components/share/zed_components/hook/ld_library_path_lib.dsv'
[166.367s] INFO:colcon.colcon_core.shell:Creating environment hook '/home/umdloop/Downloads/ros2_ws/install/zed_components/share/zed_components/hook/ld_library_path_lib.sh'
[166.368s] Level 1:colcon.colcon_core.environment:checking '/home/umdloop/Downloads/ros2_ws/install/zed_components/bin'
[166.368s] Level 1:colcon.colcon_core.environment:checking '/home/umdloop/Downloads/ros2_ws/install/zed_components/lib/pkgconfig/zed_components.pc'
[166.369s] Level 1:colcon.colcon_core.environment:checking '/home/umdloop/Downloads/ros2_ws/install/zed_components/lib/python3.10/site-packages'
[166.369s] Level 1:colcon.colcon_core.environment:checking '/home/umdloop/Downloads/ros2_ws/install/zed_components/bin'
[166.370s] INFO:colcon.colcon_core.shell:Creating package script '/home/umdloop/Downloads/ros2_ws/install/zed_components/share/zed_components/package.ps1'
[166.372s] INFO:colcon.colcon_core.shell:Creating package descriptor '/home/umdloop/Downloads/ros2_ws/install/zed_components/share/zed_components/package.dsv'
[166.373s] INFO:colcon.colcon_core.shell:Creating package script '/home/umdloop/Downloads/ros2_ws/install/zed_components/share/zed_components/package.sh'
[166.374s] INFO:colcon.colcon_core.shell:Creating package script '/home/umdloop/Downloads/ros2_ws/install/zed_components/share/zed_components/package.bash'
[166.375s] INFO:colcon.colcon_core.shell:Creating package script '/home/umdloop/Downloads/ros2_ws/install/zed_components/share/zed_components/package.zsh'
[166.376s] Level 1:colcon.colcon_core.environment:create_file_with_runtime_dependencies(/home/umdloop/Downloads/ros2_ws/install/zed_components/share/colcon-core/packages/zed_components)
[166.377s] INFO:colcon.colcon_ros.task.ament_cmake.build:Building ROS package in '/home/umdloop/Downloads/ros2_ws/src/zed-ros2-wrapper/zed_wrapper' with build type 'ament_cmake'
[166.378s] INFO:colcon.colcon_cmake.task.cmake.build:Building CMake package in '/home/umdloop/Downloads/ros2_ws/src/zed-ros2-wrapper/zed_wrapper'
[166.379s] INFO:colcon.colcon_core.shell:Skip shell extension 'powershell' for command environment: Not usable outside of PowerShell
[166.379s] DEBUG:colcon.colcon_core.shell:Skip shell extension 'dsv' for command environment
[166.413s] DEBUG:colcon.colcon_core.event_handler.log_command:Invoking command in '/home/umdloop/Downloads/ros2_ws/build/zed_wrapper': AMENT_PREFIX_PATH=/home/umdloop/Downloads/ros2_ws/install/zed_components:${AMENT_PREFIX_PATH} CMAKE_PREFIX_PATH=/home/umdloop/Downloads/ros2_ws/install/zed_components:/home/umdloop/Downloads/ros2_ws/install/my_package:/opt/ros/humble LD_LIBRARY_PATH=/home/umdloop/Downloads/ros2_ws/install/zed_components/lib:${LD_LIBRARY_PATH} /usr/bin/cmake /home/umdloop/Downloads/ros2_ws/src/zed-ros2-wrapper/zed_wrapper -DCMAKE_INSTALL_PREFIX=/home/umdloop/Downloads/ros2_ws/install/zed_wrapper
[169.807s] DEBUG:colcon.colcon_core.event_handler.log_command:Invoked command in '/home/umdloop/Downloads/ros2_ws/build/zed_wrapper' returned '0': AMENT_PREFIX_PATH=/home/umdloop/Downloads/ros2_ws/install/zed_components:${AMENT_PREFIX_PATH} CMAKE_PREFIX_PATH=/home/umdloop/Downloads/ros2_ws/install/zed_components:/home/umdloop/Downloads/ros2_ws/install/my_package:/opt/ros/humble LD_LIBRARY_PATH=/home/umdloop/Downloads/ros2_ws/install/zed_components/lib:${LD_LIBRARY_PATH} /usr/bin/cmake /home/umdloop/Downloads/ros2_ws/src/zed-ros2-wrapper/zed_wrapper -DCMAKE_INSTALL_PREFIX=/home/umdloop/Downloads/ros2_ws/install/zed_wrapper
[169.812s] DEBUG:colcon.colcon_core.event_handler.log_command:Invoking command in '/home/umdloop/Downloads/ros2_ws/build/zed_wrapper': AMENT_PREFIX_PATH=/home/umdloop/Downloads/ros2_ws/install/zed_components:${AMENT_PREFIX_PATH} CMAKE_PREFIX_PATH=/home/umdloop/Downloads/ros2_ws/install/zed_components:/home/umdloop/Downloads/ros2_ws/install/my_package:/opt/ros/humble LD_LIBRARY_PATH=/home/umdloop/Downloads/ros2_ws/install/zed_components/lib:${LD_LIBRARY_PATH} /usr/bin/cmake --build /home/umdloop/Downloads/ros2_ws/build/zed_wrapper -- -j6 -l6
[169.909s] DEBUG:colcon.colcon_core.event_handler.log_command:Invoked command in '/home/umdloop/Downloads/ros2_ws/build/zed_wrapper' returned '0': AMENT_PREFIX_PATH=/home/umdloop/Downloads/ros2_ws/install/zed_components:${AMENT_PREFIX_PATH} CMAKE_PREFIX_PATH=/home/umdloop/Downloads/ros2_ws/install/zed_components:/home/umdloop/Downloads/ros2_ws/install/my_package:/opt/ros/humble LD_LIBRARY_PATH=/home/umdloop/Downloads/ros2_ws/install/zed_components/lib:${LD_LIBRARY_PATH} /usr/bin/cmake --build /home/umdloop/Downloads/ros2_ws/build/zed_wrapper -- -j6 -l6
[169.915s] DEBUG:colcon.colcon_core.event_handler.log_command:Invoking command in '/home/umdloop/Downloads/ros2_ws/build/zed_wrapper': AMENT_PREFIX_PATH=/home/umdloop/Downloads/ros2_ws/install/zed_components:${AMENT_PREFIX_PATH} CMAKE_PREFIX_PATH=/home/umdloop/Downloads/ros2_ws/install/zed_components:/home/umdloop/Downloads/ros2_ws/install/my_package:/opt/ros/humble LD_LIBRARY_PATH=/home/umdloop/Downloads/ros2_ws/install/zed_components/lib:${LD_LIBRARY_PATH} /usr/bin/cmake --install /home/umdloop/Downloads/ros2_ws/build/zed_wrapper
[169.954s] Level 1:colcon.colcon_core.environment:create_environment_scripts_only(zed_wrapper)
[169.955s] Level 1:colcon.colcon_core.environment:checking '/home/umdloop/Downloads/ros2_ws/install/zed_wrapper' for CMake module files
[169.956s] DEBUG:colcon.colcon_core.event_handler.log_command:Invoked command in '/home/umdloop/Downloads/ros2_ws/build/zed_wrapper' returned '0': AMENT_PREFIX_PATH=/home/umdloop/Downloads/ros2_ws/install/zed_components:${AMENT_PREFIX_PATH} CMAKE_PREFIX_PATH=/home/umdloop/Downloads/ros2_ws/install/zed_components:/home/umdloop/Downloads/ros2_ws/install/my_package:/opt/ros/humble LD_LIBRARY_PATH=/home/umdloop/Downloads/ros2_ws/install/zed_components/lib:${LD_LIBRARY_PATH} /usr/bin/cmake --install /home/umdloop/Downloads/ros2_ws/build/zed_wrapper
[169.957s] Level 1:colcon.colcon_core.environment:checking '/home/umdloop/Downloads/ros2_ws/install/zed_wrapper' for CMake config files
[169.957s] Level 1:colcon.colcon_core.shell:create_environment_hook('zed_wrapper', 'cmake_prefix_path')
[169.958s] INFO:colcon.colcon_core.shell:Creating environment hook '/home/umdloop/Downloads/ros2_ws/install/zed_wrapper/share/zed_wrapper/hook/cmake_prefix_path.ps1'
[169.959s] INFO:colcon.colcon_core.shell:Creating environment descriptor '/home/umdloop/Downloads/ros2_ws/install/zed_wrapper/share/zed_wrapper/hook/cmake_prefix_path.dsv'
[169.960s] INFO:colcon.colcon_core.shell:Creating environment hook '/home/umdloop/Downloads/ros2_ws/install/zed_wrapper/share/zed_wrapper/hook/cmake_prefix_path.sh'
[169.961s] Level 1:colcon.colcon_core.environment:checking '/home/umdloop/Downloads/ros2_ws/install/zed_wrapper/bin'
[169.962s] Level 1:colcon.colcon_core.environment:checking '/home/umdloop/Downloads/ros2_ws/install/zed_wrapper/lib/pkgconfig/zed_wrapper.pc'
[169.963s] Level 1:colcon.colcon_core.environment:checking '/home/umdloop/Downloads/ros2_ws/install/zed_wrapper/lib/python3.10/site-packages'
[169.964s] Level 1:colcon.colcon_core.environment:checking '/home/umdloop/Downloads/ros2_ws/install/zed_wrapper/bin'
[169.965s] INFO:colcon.colcon_core.shell:Creating package script '/home/umdloop/Downloads/ros2_ws/install/zed_wrapper/share/zed_wrapper/package.ps1'
[169.966s] INFO:colcon.colcon_core.shell:Creating package descriptor '/home/umdloop/Downloads/ros2_ws/install/zed_wrapper/share/zed_wrapper/package.dsv'
[169.967s] INFO:colcon.colcon_core.shell:Creating package script '/home/umdloop/Downloads/ros2_ws/install/zed_wrapper/share/zed_wrapper/package.sh'
[169.968s] INFO:colcon.colcon_core.shell:Creating package script '/home/umdloop/Downloads/ros2_ws/install/zed_wrapper/share/zed_wrapper/package.bash'
[169.969s] INFO:colcon.colcon_core.shell:Creating package script '/home/umdloop/Downloads/ros2_ws/install/zed_wrapper/share/zed_wrapper/package.zsh'
[169.970s] Level 1:colcon.colcon_core.environment:create_file_with_runtime_dependencies(/home/umdloop/Downloads/ros2_ws/install/zed_wrapper/share/colcon-core/packages/zed_wrapper)
[169.972s] Level 1:colcon.colcon_core.environment:create_environment_scripts_only(zed_wrapper)
[169.972s] Level 1:colcon.colcon_core.environment:checking '/home/umdloop/Downloads/ros2_ws/install/zed_wrapper' for CMake module files
[169.973s] Level 1:colcon.colcon_core.environment:checking '/home/umdloop/Downloads/ros2_ws/install/zed_wrapper' for CMake config files
[169.974s] Level 1:colcon.colcon_core.shell:create_environment_hook('zed_wrapper', 'cmake_prefix_path')
[169.974s] INFO:colcon.colcon_core.shell:Creating environment hook '/home/umdloop/Downloads/ros2_ws/install/zed_wrapper/share/zed_wrapper/hook/cmake_prefix_path.ps1'
[169.976s] INFO:colcon.colcon_core.shell:Creating environment descriptor '/home/umdloop/Downloads/ros2_ws/install/zed_wrapper/share/zed_wrapper/hook/cmake_prefix_path.dsv'
[169.977s] INFO:colcon.colcon_core.shell:Creating environment hook '/home/umdloop/Downloads/ros2_ws/install/zed_wrapper/share/zed_wrapper/hook/cmake_prefix_path.sh'
[169.978s] Level 1:colcon.colcon_core.environment:checking '/home/umdloop/Downloads/ros2_ws/install/zed_wrapper/bin'
[169.978s] Level 1:colcon.colcon_core.environment:checking '/home/umdloop/Downloads/ros2_ws/install/zed_wrapper/lib/pkgconfig/zed_wrapper.pc'
[169.979s] Level 1:colcon.colcon_core.environment:checking '/home/umdloop/Downloads/ros2_ws/install/zed_wrapper/lib/python3.10/site-packages'
[169.980s] Level 1:colcon.colcon_core.environment:checking '/home/umdloop/Downloads/ros2_ws/install/zed_wrapper/bin'
[169.981s] INFO:colcon.colcon_core.shell:Creating package script '/home/umdloop/Downloads/ros2_ws/install/zed_wrapper/share/zed_wrapper/package.ps1'
[169.983s] INFO:colcon.colcon_core.shell:Creating package descriptor '/home/umdloop/Downloads/ros2_ws/install/zed_wrapper/share/zed_wrapper/package.dsv'
[169.983s] INFO:colcon.colcon_core.shell:Creating package script '/home/umdloop/Downloads/ros2_ws/install/zed_wrapper/share/zed_wrapper/package.sh'
[169.984s] INFO:colcon.colcon_core.shell:Creating package script '/home/umdloop/Downloads/ros2_ws/install/zed_wrapper/share/zed_wrapper/package.bash'
[169.985s] INFO:colcon.colcon_core.shell:Creating package script '/home/umdloop/Downloads/ros2_ws/install/zed_wrapper/share/zed_wrapper/package.zsh'
[169.986s] Level 1:colcon.colcon_core.environment:create_file_with_runtime_dependencies(/home/umdloop/Downloads/ros2_ws/install/zed_wrapper/share/colcon-core/packages/zed_wrapper)
[169.987s] INFO:colcon.colcon_ros.task.ament_cmake.build:Building ROS package in '/home/umdloop/Downloads/ros2_ws/src/zed-ros2-wrapper/zed_ros2' with build type 'ament_cmake'
[169.988s] INFO:colcon.colcon_cmake.task.cmake.build:Building CMake package in '/home/umdloop/Downloads/ros2_ws/src/zed-ros2-wrapper/zed_ros2'
[169.989s] INFO:colcon.colcon_core.shell:Skip shell extension 'powershell' for command environment: Not usable outside of PowerShell
[169.989s] DEBUG:colcon.colcon_core.shell:Skip shell extension 'dsv' for command environment
[170.024s] DEBUG:colcon.colcon_core.event_handler.log_command:Invoking command in '/home/umdloop/Downloads/ros2_ws/build/zed_ros2': AMENT_PREFIX_PATH=/home/umdloop/Downloads/ros2_ws/install/zed_wrapper:/home/umdloop/Downloads/ros2_ws/install/zed_components:${AMENT_PREFIX_PATH} CMAKE_PREFIX_PATH=/home/umdloop/Downloads/ros2_ws/install/zed_wrapper:/home/umdloop/Downloads/ros2_ws/install/zed_components:/home/umdloop/Downloads/ros2_ws/install/my_package:/opt/ros/humble LD_LIBRARY_PATH=/home/umdloop/Downloads/ros2_ws/install/zed_components/lib:${LD_LIBRARY_PATH} /usr/bin/cmake /home/umdloop/Downloads/ros2_ws/src/zed-ros2-wrapper/zed_ros2 -DCMAKE_INSTALL_PREFIX=/home/umdloop/Downloads/ros2_ws/install/zed_ros2
[170.834s] DEBUG:colcon.colcon_core.event_handler.log_command:Invoked command in '/home/umdloop/Downloads/ros2_ws/build/zed_ros2' returned '0': AMENT_PREFIX_PATH=/home/umdloop/Downloads/ros2_ws/install/zed_wrapper:/home/umdloop/Downloads/ros2_ws/install/zed_components:${AMENT_PREFIX_PATH} CMAKE_PREFIX_PATH=/home/umdloop/Downloads/ros2_ws/install/zed_wrapper:/home/umdloop/Downloads/ros2_ws/install/zed_components:/home/umdloop/Downloads/ros2_ws/install/my_package:/opt/ros/humble LD_LIBRARY_PATH=/home/umdloop/Downloads/ros2_ws/install/zed_components/lib:${LD_LIBRARY_PATH} /usr/bin/cmake /home/umdloop/Downloads/ros2_ws/src/zed-ros2-wrapper/zed_ros2 -DCMAKE_INSTALL_PREFIX=/home/umdloop/Downloads/ros2_ws/install/zed_ros2
[170.838s] DEBUG:colcon.colcon_core.event_handler.log_command:Invoking command in '/home/umdloop/Downloads/ros2_ws/build/zed_ros2': AMENT_PREFIX_PATH=/home/umdloop/Downloads/ros2_ws/install/zed_wrapper:/home/umdloop/Downloads/ros2_ws/install/zed_components:${AMENT_PREFIX_PATH} CMAKE_PREFIX_PATH=/home/umdloop/Downloads/ros2_ws/install/zed_wrapper:/home/umdloop/Downloads/ros2_ws/install/zed_components:/home/umdloop/Downloads/ros2_ws/install/my_package:/opt/ros/humble LD_LIBRARY_PATH=/home/umdloop/Downloads/ros2_ws/install/zed_components/lib:${LD_LIBRARY_PATH} /usr/bin/cmake --build /home/umdloop/Downloads/ros2_ws/build/zed_ros2 -- -j6 -l6
[170.924s] DEBUG:colcon.colcon_core.event_handler.log_command:Invoked command in '/home/umdloop/Downloads/ros2_ws/build/zed_ros2' returned '0': AMENT_PREFIX_PATH=/home/umdloop/Downloads/ros2_ws/install/zed_wrapper:/home/umdloop/Downloads/ros2_ws/install/zed_components:${AMENT_PREFIX_PATH} CMAKE_PREFIX_PATH=/home/umdloop/Downloads/ros2_ws/install/zed_wrapper:/home/umdloop/Downloads/ros2_ws/install/zed_components:/home/umdloop/Downloads/ros2_ws/install/my_package:/opt/ros/humble LD_LIBRARY_PATH=/home/umdloop/Downloads/ros2_ws/install/zed_components/lib:${LD_LIBRARY_PATH} /usr/bin/cmake --build /home/umdloop/Downloads/ros2_ws/build/zed_ros2 -- -j6 -l6
[170.928s] DEBUG:colcon.colcon_core.event_handler.log_command:Invoking command in '/home/umdloop/Downloads/ros2_ws/build/zed_ros2': AMENT_PREFIX_PATH=/home/umdloop/Downloads/ros2_ws/install/zed_wrapper:/home/umdloop/Downloads/ros2_ws/install/zed_components:${AMENT_PREFIX_PATH} CMAKE_PREFIX_PATH=/home/umdloop/Downloads/ros2_ws/install/zed_wrapper:/home/umdloop/Downloads/ros2_ws/install/zed_components:/home/umdloop/Downloads/ros2_ws/install/my_package:/opt/ros/humble LD_LIBRARY_PATH=/home/umdloop/Downloads/ros2_ws/install/zed_components/lib:${LD_LIBRARY_PATH} /usr/bin/cmake --install /home/umdloop/Downloads/ros2_ws/build/zed_ros2
[170.953s] Level 1:colcon.colcon_core.environment:create_environment_scripts_only(zed_ros2)
[170.954s] Level 1:colcon.colcon_core.environment:checking '/home/umdloop/Downloads/ros2_ws/install/zed_ros2' for CMake module files
[170.955s] DEBUG:colcon.colcon_core.event_handler.log_command:Invoked command in '/home/umdloop/Downloads/ros2_ws/build/zed_ros2' returned '0': AMENT_PREFIX_PATH=/home/umdloop/Downloads/ros2_ws/install/zed_wrapper:/home/umdloop/Downloads/ros2_ws/install/zed_components:${AMENT_PREFIX_PATH} CMAKE_PREFIX_PATH=/home/umdloop/Downloads/ros2_ws/install/zed_wrapper:/home/umdloop/Downloads/ros2_ws/install/zed_components:/home/umdloop/Downloads/ros2_ws/install/my_package:/opt/ros/humble LD_LIBRARY_PATH=/home/umdloop/Downloads/ros2_ws/install/zed_components/lib:${LD_LIBRARY_PATH} /usr/bin/cmake --install /home/umdloop/Downloads/ros2_ws/build/zed_ros2
[170.956s] Level 1:colcon.colcon_core.environment:checking '/home/umdloop/Downloads/ros2_ws/install/zed_ros2' for CMake config files
[170.957s] Level 1:colcon.colcon_core.shell:create_environment_hook('zed_ros2', 'cmake_prefix_path')
[170.957s] INFO:colcon.colcon_core.shell:Creating environment hook '/home/umdloop/Downloads/ros2_ws/install/zed_ros2/share/zed_ros2/hook/cmake_prefix_path.ps1'
[170.960s] INFO:colcon.colcon_core.shell:Creating environment descriptor '/home/umdloop/Downloads/ros2_ws/install/zed_ros2/share/zed_ros2/hook/cmake_prefix_path.dsv'
[170.961s] INFO:colcon.colcon_core.shell:Creating environment hook '/home/umdloop/Downloads/ros2_ws/install/zed_ros2/share/zed_ros2/hook/cmake_prefix_path.sh'
[170.962s] Level 1:colcon.colcon_core.environment:checking '/home/umdloop/Downloads/ros2_ws/install/zed_ros2/bin'
[170.962s] Level 1:colcon.colcon_core.environment:checking '/home/umdloop/Downloads/ros2_ws/install/zed_ros2/lib/pkgconfig/zed_ros2.pc'
[170.962s] Level 1:colcon.colcon_core.environment:checking '/home/umdloop/Downloads/ros2_ws/install/zed_ros2/lib/python3.10/site-packages'
[170.963s] Level 1:colcon.colcon_core.environment:checking '/home/umdloop/Downloads/ros2_ws/install/zed_ros2/bin'
[170.963s] INFO:colcon.colcon_core.shell:Creating package script '/home/umdloop/Downloads/ros2_ws/install/zed_ros2/share/zed_ros2/package.ps1'
[170.964s] INFO:colcon.colcon_core.shell:Creating package descriptor '/home/umdloop/Downloads/ros2_ws/install/zed_ros2/share/zed_ros2/package.dsv'
[170.965s] INFO:colcon.colcon_core.shell:Creating package script '/home/umdloop/Downloads/ros2_ws/install/zed_ros2/share/zed_ros2/package.sh'
[170.966s] INFO:colcon.colcon_core.shell:Creating package script '/home/umdloop/Downloads/ros2_ws/install/zed_ros2/share/zed_ros2/package.bash'
[170.968s] INFO:colcon.colcon_core.shell:Creating package script '/home/umdloop/Downloads/ros2_ws/install/zed_ros2/share/zed_ros2/package.zsh'
[170.969s] Level 1:colcon.colcon_core.environment:create_file_with_runtime_dependencies(/home/umdloop/Downloads/ros2_ws/install/zed_ros2/share/colcon-core/packages/zed_ros2)
[170.971s] Level 1:colcon.colcon_core.environment:create_environment_scripts_only(zed_ros2)
[170.972s] Level 1:colcon.colcon_core.environment:checking '/home/umdloop/Downloads/ros2_ws/install/zed_ros2' for CMake module files
[170.974s] Level 1:colcon.colcon_core.environment:checking '/home/umdloop/Downloads/ros2_ws/install/zed_ros2' for CMake config files
[170.974s] Level 1:colcon.colcon_core.shell:create_environment_hook('zed_ros2', 'cmake_prefix_path')
[170.975s] INFO:colcon.colcon_core.shell:Creating environment hook '/home/umdloop/Downloads/ros2_ws/install/zed_ros2/share/zed_ros2/hook/cmake_prefix_path.ps1'
[170.976s] INFO:colcon.colcon_core.shell:Creating environment descriptor '/home/umdloop/Downloads/ros2_ws/install/zed_ros2/share/zed_ros2/hook/cmake_prefix_path.dsv'
[170.977s] INFO:colcon.colcon_core.shell:Creating environment hook '/home/umdloop/Downloads/ros2_ws/install/zed_ros2/share/zed_ros2/hook/cmake_prefix_path.sh'
[170.979s] Level 1:colcon.colcon_core.environment:checking '/home/umdloop/Downloads/ros2_ws/install/zed_ros2/bin'
[170.979s] Level 1:colcon.colcon_core.environment:checking '/home/umdloop/Downloads/ros2_ws/install/zed_ros2/lib/pkgconfig/zed_ros2.pc'
[170.980s] Level 1:colcon.colcon_core.environment:checking '/home/umdloop/Downloads/ros2_ws/install/zed_ros2/lib/python3.10/site-packages'
[170.980s] Level 1:colcon.colcon_core.environment:checking '/home/umdloop/Downloads/ros2_ws/install/zed_ros2/bin'
[170.981s] INFO:colcon.colcon_core.shell:Creating package script '/home/umdloop/Downloads/ros2_ws/install/zed_ros2/share/zed_ros2/package.ps1'
[170.982s] INFO:colcon.colcon_core.shell:Creating package descriptor '/home/umdloop/Downloads/ros2_ws/install/zed_ros2/share/zed_ros2/package.dsv'
[170.983s] INFO:colcon.colcon_core.shell:Creating package script '/home/umdloop/Downloads/ros2_ws/install/zed_ros2/share/zed_ros2/package.sh'
[170.984s] INFO:colcon.colcon_core.shell:Creating package script '/home/umdloop/Downloads/ros2_ws/install/zed_ros2/share/zed_ros2/package.bash'
[170.985s] INFO:colcon.colcon_core.shell:Creating package script '/home/umdloop/Downloads/ros2_ws/install/zed_ros2/share/zed_ros2/package.zsh'
[170.986s] Level 1:colcon.colcon_core.environment:create_file_with_runtime_dependencies(/home/umdloop/Downloads/ros2_ws/install/zed_ros2/share/colcon-core/packages/zed_ros2)
[170.987s] DEBUG:colcon.colcon_parallel_executor.executor.parallel:closing loop
[170.988s] DEBUG:colcon.colcon_parallel_executor.executor.parallel:loop closed
[170.988s] DEBUG:colcon.colcon_parallel_executor.executor.parallel:run_until_complete finished with '0'
[170.988s] DEBUG:colcon.colcon_core.event_reactor:joining thread
[171.009s] INFO:colcon.colcon_core.plugin_system:Skipping extension 'colcon_notification.desktop_notification.terminal_notifier': Not used on non-Darwin systems
[171.009s] INFO:colcon.colcon_core.plugin_system:Skipping extension 'colcon_notification.desktop_notification.win32': Not used on non-Windows systems
[171.009s] INFO:colcon.colcon_notification.desktop_notification:Sending desktop notification using 'notify2'
[171.061s] DEBUG:colcon.colcon_core.event_reactor:joined thread
[171.062s] INFO:colcon.colcon_core.shell:Creating prefix script '/home/umdloop/Downloads/ros2_ws/install/local_setup.ps1'
[171.065s] INFO:colcon.colcon_core.shell:Creating prefix util module '/home/umdloop/Downloads/ros2_ws/install/_local_setup_util_ps1.py'
[171.071s] INFO:colcon.colcon_core.shell:Creating prefix chain script '/home/umdloop/Downloads/ros2_ws/install/setup.ps1'
[171.075s] INFO:colcon.colcon_core.shell:Creating prefix script '/home/umdloop/Downloads/ros2_ws/install/local_setup.sh'
[171.078s] INFO:colcon.colcon_core.shell:Creating prefix util module '/home/umdloop/Downloads/ros2_ws/install/_local_setup_util_sh.py'
[171.079s] INFO:colcon.colcon_core.shell:Creating prefix chain script '/home/umdloop/Downloads/ros2_ws/install/setup.sh'
[171.082s] INFO:colcon.colcon_core.shell:Creating prefix script '/home/umdloop/Downloads/ros2_ws/install/local_setup.bash'
[171.086s] INFO:colcon.colcon_core.shell:Creating prefix chain script '/home/umdloop/Downloads/ros2_ws/install/setup.bash'
[171.090s] INFO:colcon.colcon_core.shell:Creating prefix script '/home/umdloop/Downloads/ros2_ws/install/local_setup.zsh'
[171.093s] INFO:colcon.colcon_core.shell:Creating prefix chain script '/home/umdloop/Downloads/ros2_ws/install/setup.zsh'
