[0.030s] Invoking command in '/home/umdloop/Downloads/ros2_ws/build/zed_wrapper': AMENT_PREFIX_PATH=/home/umdloop/Downloads/ros2_ws/install/zed_components:${AMENT_PREFIX_PATH} CMAKE_PREFIX_PATH=/home/umdloop/Downloads/ros2_ws/install/zed_components:/home/umdloop/Downloads/ros2_ws/install/my_package:/opt/ros/humble LD_LIBRARY_PATH=/home/umdloop/Downloads/ros2_ws/install/zed_components/lib:${LD_LIBRARY_PATH} /usr/bin/cmake /home/umdloop/Downloads/ros2_ws/src/zed-ros2-wrapper/zed_wrapper -DCMAKE_INSTALL_PREFIX=/home/umdloop/Downloads/ros2_ws/install/zed_wrapper
[0.266s] -- The C compiler identification is GNU 11.4.0
[0.409s] -- The CXX compiler identification is GNU 11.4.0
[0.428s] -- Detecting C compiler ABI info
[0.656s] -- Detecting C compiler ABI info - done
[0.672s] -- Check for working C compiler: /usr/bin/cc - skipped
[0.674s] -- Detecting C compile features
[0.675s] -- Detecting C compile features - done
[0.686s] -- Detecting CXX compiler ABI info
[0.864s] -- Detecting CXX compiler ABI info - done
[0.877s] -- Check for working CXX compiler: /usr/bin/c++ - skipped
[0.877s] -- Detecting CXX compile features
[0.878s] -- Detecting CXX compile features - done
[0.887s] -- Found ament_cmake_auto: 1.3.11 (/opt/ros/humble/share/ament_cmake_auto/cmake)
[1.282s] -- Found Python3: /usr/bin/python3 (found version "3.10.12") found components: Interpreter 
[1.857s] -- Found rosidl_generator_c: 3.1.6 (/opt/ros/humble/share/rosidl_generator_c/cmake)
[1.870s] -- Found rosidl_adapter: 3.1.6 (/opt/ros/humble/share/rosidl_adapter/cmake)
[1.896s] -- Found rosidl_generator_cpp: 3.1.6 (/opt/ros/humble/share/rosidl_generator_cpp/cmake)
[1.931s] -- Using all available rosidl_typesupport_c: rosidl_typesupport_fastrtps_c;rosidl_typesupport_introspection_c
[1.970s] -- Using all available rosidl_typesupport_cpp: rosidl_typesupport_fastrtps_cpp;rosidl_typesupport_introspection_cpp
[2.087s] -- Found rmw_implementation_cmake: 6.1.2 (/opt/ros/humble/share/rmw_implementation_cmake/cmake)
[2.097s] -- Found rmw_cyclonedds_cpp: 1.3.4 (/opt/ros/humble/share/rmw_cyclonedds_cpp/cmake)
[2.156s] -- Using RMW implementation 'rmw_cyclonedds_cpp' as default
[2.183s] -- Looking for pthread.h
[2.337s] -- Looking for pthread.h - found
[2.338s] -- Performing Test CMAKE_HAVE_LIBC_PTHREAD
[2.532s] -- Performing Test CMAKE_HAVE_LIBC_PTHREAD - Success
[2.534s] -- Found Threads: TRUE  
[3.015s] -- Found eigen3_cmake_module: 0.1.1 (/opt/ros/humble/share/eigen3_cmake_module/cmake)
[3.017s] -- Found Eigen3: TRUE (found version "3.4.0") 
[3.017s] -- Ensuring Eigen3 include directory is part of orocos-kdl CMake target
[3.378s] -- Configuring done
[3.394s] -- Generating done
[3.399s] -- Build files have been written to: /home/umdloop/Downloads/ros2_ws/build/zed_wrapper
[3.425s] Invoked command in '/home/umdloop/Downloads/ros2_ws/build/zed_wrapper' returned '0': AMENT_PREFIX_PATH=/home/umdloop/Downloads/ros2_ws/install/zed_components:${AMENT_PREFIX_PATH} CMAKE_PREFIX_PATH=/home/umdloop/Downloads/ros2_ws/install/zed_components:/home/umdloop/Downloads/ros2_ws/install/my_package:/opt/ros/humble LD_LIBRARY_PATH=/home/umdloop/Downloads/ros2_ws/install/zed_components/lib:${LD_LIBRARY_PATH} /usr/bin/cmake /home/umdloop/Downloads/ros2_ws/src/zed-ros2-wrapper/zed_wrapper -DCMAKE_INSTALL_PREFIX=/home/umdloop/Downloads/ros2_ws/install/zed_wrapper
[3.429s] Invoking command in '/home/umdloop/Downloads/ros2_ws/build/zed_wrapper': AMENT_PREFIX_PATH=/home/umdloop/Downloads/ros2_ws/install/zed_components:${AMENT_PREFIX_PATH} CMAKE_PREFIX_PATH=/home/umdloop/Downloads/ros2_ws/install/zed_components:/home/umdloop/Downloads/ros2_ws/install/my_package:/opt/ros/humble LD_LIBRARY_PATH=/home/umdloop/Downloads/ros2_ws/install/zed_components/lib:${LD_LIBRARY_PATH} /usr/bin/cmake --build /home/umdloop/Downloads/ros2_ws/build/zed_wrapper -- -j6 -l6
[3.526s] Invoked command in '/home/umdloop/Downloads/ros2_ws/build/zed_wrapper' returned '0': AMENT_PREFIX_PATH=/home/umdloop/Downloads/ros2_ws/install/zed_components:${AMENT_PREFIX_PATH} CMAKE_PREFIX_PATH=/home/umdloop/Downloads/ros2_ws/install/zed_components:/home/umdloop/Downloads/ros2_ws/install/my_package:/opt/ros/humble LD_LIBRARY_PATH=/home/umdloop/Downloads/ros2_ws/install/zed_components/lib:${LD_LIBRARY_PATH} /usr/bin/cmake --build /home/umdloop/Downloads/ros2_ws/build/zed_wrapper -- -j6 -l6
[3.532s] Invoking command in '/home/umdloop/Downloads/ros2_ws/build/zed_wrapper': AMENT_PREFIX_PATH=/home/umdloop/Downloads/ros2_ws/install/zed_components:${AMENT_PREFIX_PATH} CMAKE_PREFIX_PATH=/home/umdloop/Downloads/ros2_ws/install/zed_components:/home/umdloop/Downloads/ros2_ws/install/my_package:/opt/ros/humble LD_LIBRARY_PATH=/home/umdloop/Downloads/ros2_ws/install/zed_components/lib:${LD_LIBRARY_PATH} /usr/bin/cmake --install /home/umdloop/Downloads/ros2_ws/build/zed_wrapper
[3.548s] -- Install configuration: ""
[3.548s] -- Installing: /home/umdloop/Downloads/ros2_ws/install/zed_wrapper/share/zed_wrapper/config
[3.549s] -- Installing: /home/umdloop/Downloads/ros2_ws/install/zed_wrapper/share/zed_wrapper/config/zed2i.yaml
[3.551s] -- Installing: /home/umdloop/Downloads/ros2_ws/install/zed_wrapper/share/zed_wrapper/config/zedxonegs.yaml
[3.551s] -- Installing: /home/umdloop/Downloads/ros2_ws/install/zed_wrapper/share/zed_wrapper/config/zedx.yaml
[3.552s] -- Installing: /home/umdloop/Downloads/ros2_ws/install/zed_wrapper/share/zed_wrapper/config/common_mono.yaml
[3.553s] -- Installing: /home/umdloop/Downloads/ros2_ws/install/zed_wrapper/share/zed_wrapper/config/zedxone4k.yaml
[3.553s] -- Installing: /home/umdloop/Downloads/ros2_ws/install/zed_wrapper/share/zed_wrapper/config/zedxm.yaml
[3.554s] -- Installing: /home/umdloop/Downloads/ros2_ws/install/zed_wrapper/share/zed_wrapper/config/ffmpeg.yaml
[3.554s] -- Installing: /home/umdloop/Downloads/ros2_ws/install/zed_wrapper/share/zed_wrapper/config/zedm.yaml
[3.555s] -- Installing: /home/umdloop/Downloads/ros2_ws/install/zed_wrapper/share/zed_wrapper/config/common_stereo.yaml
[3.556s] -- Installing: /home/umdloop/Downloads/ros2_ws/install/zed_wrapper/share/zed_wrapper/config/virtual.yaml
[3.556s] -- Installing: /home/umdloop/Downloads/ros2_ws/install/zed_wrapper/share/zed_wrapper/config/zed2.yaml
[3.557s] -- Installing: /home/umdloop/Downloads/ros2_ws/install/zed_wrapper/share/zed_wrapper/config/zed.yaml
[3.558s] -- Installing: /home/umdloop/Downloads/ros2_ws/install/zed_wrapper/share/zed_wrapper/urdf
[3.558s] -- Installing: /home/umdloop/Downloads/ros2_ws/install/zed_wrapper/share/zed_wrapper/urdf/zed_descr.urdf.xacro
[3.558s] -- Installing: /home/umdloop/Downloads/ros2_ws/install/zed_wrapper/share/zed_wrapper/urdf/zed_macro.urdf.xacro
[3.559s] -- Installing: /home/umdloop/Downloads/ros2_ws/install/zed_wrapper/share/zed_wrapper/urdf/include
[3.559s] -- Installing: /home/umdloop/Downloads/ros2_ws/install/zed_wrapper/share/zed_wrapper/urdf/include/materials.urdf.xacro
[3.560s] -- Installing: /home/umdloop/Downloads/ros2_ws/install/zed_wrapper/share/zed_wrapper/launch
[3.560s] -- Installing: /home/umdloop/Downloads/ros2_ws/install/zed_wrapper/share/zed_wrapper/launch/zed_camera.launch.py
[3.561s] -- Installing: /home/umdloop/Downloads/ros2_ws/install/zed_wrapper/share/ament_index/resource_index/package_run_dependencies/zed_wrapper
[3.562s] -- Installing: /home/umdloop/Downloads/ros2_ws/install/zed_wrapper/share/ament_index/resource_index/parent_prefix_path/zed_wrapper
[3.562s] -- Installing: /home/umdloop/Downloads/ros2_ws/install/zed_wrapper/share/zed_wrapper/environment/ament_prefix_path.sh
[3.562s] -- Installing: /home/umdloop/Downloads/ros2_ws/install/zed_wrapper/share/zed_wrapper/environment/ament_prefix_path.dsv
[3.563s] -- Installing: /home/umdloop/Downloads/ros2_ws/install/zed_wrapper/share/zed_wrapper/environment/path.sh
[3.563s] -- Installing: /home/umdloop/Downloads/ros2_ws/install/zed_wrapper/share/zed_wrapper/environment/path.dsv
[3.563s] -- Installing: /home/umdloop/Downloads/ros2_ws/install/zed_wrapper/share/zed_wrapper/local_setup.bash
[3.564s] -- Installing: /home/umdloop/Downloads/ros2_ws/install/zed_wrapper/share/zed_wrapper/local_setup.sh
[3.564s] -- Installing: /home/umdloop/Downloads/ros2_ws/install/zed_wrapper/share/zed_wrapper/local_setup.zsh
[3.565s] -- Installing: /home/umdloop/Downloads/ros2_ws/install/zed_wrapper/share/zed_wrapper/local_setup.dsv
[3.565s] -- Installing: /home/umdloop/Downloads/ros2_ws/install/zed_wrapper/share/zed_wrapper/package.dsv
[3.565s] -- Installing: /home/umdloop/Downloads/ros2_ws/install/zed_wrapper/share/ament_index/resource_index/packages/zed_wrapper
[3.566s] -- Installing: /home/umdloop/Downloads/ros2_ws/install/zed_wrapper/share/zed_wrapper/cmake/zed_wrapperConfig.cmake
[3.566s] -- Installing: /home/umdloop/Downloads/ros2_ws/install/zed_wrapper/share/zed_wrapper/cmake/zed_wrapperConfig-version.cmake
[3.567s] -- Installing: /home/umdloop/Downloads/ros2_ws/install/zed_wrapper/share/zed_wrapper/package.xml
[3.574s] Invoked command in '/home/umdloop/Downloads/ros2_ws/build/zed_wrapper' returned '0': AMENT_PREFIX_PATH=/home/umdloop/Downloads/ros2_ws/install/zed_components:${AMENT_PREFIX_PATH} CMAKE_PREFIX_PATH=/home/umdloop/Downloads/ros2_ws/install/zed_components:/home/umdloop/Downloads/ros2_ws/install/my_package:/opt/ros/humble LD_LIBRARY_PATH=/home/umdloop/Downloads/ros2_ws/install/zed_components/lib:${LD_LIBRARY_PATH} /usr/bin/cmake --install /home/umdloop/Downloads/ros2_ws/build/zed_wrapper
