[0.219s] DEBUG:colcon:Command line arguments: ['/usr/bin/colcon', 'build']
[0.219s] DEBUG:colcon:Parsed command line arguments: Namespace(log_base=None, log_level=None, verb_name='build', build_base='build', install_base='install', merge_install=False, symlink_install=False, test_result_base=None, continue_on_error=False, executor='parallel', parallel_workers=6, event_handlers=None, ignore_user_meta=False, metas=['./colcon.meta'], base_paths=['.'], packages_ignore=None, packages_ignore_regex=None, paths=None, packages_up_to=None, packages_up_to_regex=None, packages_above=None, packages_above_and_dependencies=None, packages_above_depth=None, packages_select_by_dep=None, packages_skip_by_dep=None, packages_skip_up_to=None, packages_select_build_failed=False, packages_skip_build_finished=False, packages_select_test_failures=False, packages_skip_test_passed=False, packages_select=None, packages_skip=None, packages_select_regex=None, packages_skip_regex=None, packages_start=None, packages_end=None, allow_overriding=[], cmake_args=None, cmake_target=None, cmake_target_skip_unavailable=False, cmake_clean_cache=False, cmake_clean_first=False, cmake_force_configure=False, ament_cmake_args=None, catkin_cmake_args=None, catkin_skip_building_tests=False, mixin_files=None, mixin=None, verb_parser=<colcon_mixin.mixin.mixin_argument.MixinArgumentDecorator object at 0xffff882919c0>, verb_extension=<colcon_core.verb.build.BuildVerb object at 0xffff88291510>, main=<bound method BuildVerb.main of <colcon_core.verb.build.BuildVerb object at 0xffff88291510>>, mixin_verb=('build',))
[0.556s] Level 1:colcon.colcon_core.package_discovery:discover_packages(colcon_meta) check parameters
[0.557s] Level 1:colcon.colcon_core.package_discovery:discover_packages(recursive) check parameters
[0.557s] Level 1:colcon.colcon_core.package_discovery:discover_packages(ignore) check parameters
[0.557s] Level 1:colcon.colcon_core.package_discovery:discover_packages(path) check parameters
[0.557s] Level 1:colcon.colcon_core.package_discovery:discover_packages(colcon_meta) discover
[0.557s] Level 1:colcon.colcon_core.package_discovery:discover_packages(recursive) discover
[0.557s] INFO:colcon.colcon_core.package_discovery:Crawling recursively for packages in '/home/umdloop/Downloads/ros2_ws'
[0.557s] Level 1:colcon.colcon_core.package_identification:_identify(.) by extensions ['ignore', 'ignore_ament_install']
[0.558s] Level 1:colcon.colcon_core.package_identification:_identify(.) by extension 'ignore'
[0.558s] Level 1:colcon.colcon_core.package_identification:_identify(.) by extension 'ignore_ament_install'
[0.558s] Level 1:colcon.colcon_core.package_identification:_identify(.) by extensions ['colcon_pkg']
[0.558s] Level 1:colcon.colcon_core.package_identification:_identify(.) by extension 'colcon_pkg'
[0.558s] Level 1:colcon.colcon_core.package_identification:_identify(.) by extensions ['colcon_meta']
[0.558s] Level 1:colcon.colcon_core.package_identification:_identify(.) by extension 'colcon_meta'
[0.558s] Level 1:colcon.colcon_core.package_identification:_identify(.) by extensions ['ros']
[0.558s] Level 1:colcon.colcon_core.package_identification:_identify(.) by extension 'ros'
[0.579s] Level 1:colcon.colcon_core.package_identification:_identify(.) by extensions ['cmake', 'python']
[0.580s] Level 1:colcon.colcon_core.package_identification:_identify(.) by extension 'cmake'
[0.580s] Level 1:colcon.colcon_core.package_identification:_identify(.) by extension 'python'
[0.580s] Level 1:colcon.colcon_core.package_identification:_identify(.) by extensions ['python_setup_py']
[0.580s] Level 1:colcon.colcon_core.package_identification:_identify(.) by extension 'python_setup_py'
[0.580s] Level 1:colcon.colcon_core.package_identification:_identify(build) by extensions ['ignore', 'ignore_ament_install']
[0.581s] Level 1:colcon.colcon_core.package_identification:_identify(build) by extension 'ignore'
[0.581s] Level 1:colcon.colcon_core.package_identification:_identify(build) ignored
[0.581s] Level 1:colcon.colcon_core.package_identification:_identify(install) by extensions ['ignore', 'ignore_ament_install']
[0.581s] Level 1:colcon.colcon_core.package_identification:_identify(install) by extension 'ignore'
[0.581s] Level 1:colcon.colcon_core.package_identification:_identify(install) ignored
[0.582s] Level 1:colcon.colcon_core.package_identification:_identify(log) by extensions ['ignore', 'ignore_ament_install']
[0.582s] Level 1:colcon.colcon_core.package_identification:_identify(log) by extension 'ignore'
[0.582s] Level 1:colcon.colcon_core.package_identification:_identify(log) ignored
[0.582s] Level 1:colcon.colcon_core.package_identification:_identify(src) by extensions ['ignore', 'ignore_ament_install']
[0.582s] Level 1:colcon.colcon_core.package_identification:_identify(src) by extension 'ignore'
[0.582s] Level 1:colcon.colcon_core.package_identification:_identify(src) by extension 'ignore_ament_install'
[0.582s] Level 1:colcon.colcon_core.package_identification:_identify(src) by extensions ['colcon_pkg']
[0.582s] Level 1:colcon.colcon_core.package_identification:_identify(src) by extension 'colcon_pkg'
[0.583s] Level 1:colcon.colcon_core.package_identification:_identify(src) by extensions ['colcon_meta']
[0.583s] Level 1:colcon.colcon_core.package_identification:_identify(src) by extension 'colcon_meta'
[0.583s] Level 1:colcon.colcon_core.package_identification:_identify(src) by extensions ['ros']
[0.583s] Level 1:colcon.colcon_core.package_identification:_identify(src) by extension 'ros'
[0.583s] Level 1:colcon.colcon_core.package_identification:_identify(src) by extensions ['cmake', 'python']
[0.583s] Level 1:colcon.colcon_core.package_identification:_identify(src) by extension 'cmake'
[0.583s] Level 1:colcon.colcon_core.package_identification:_identify(src) by extension 'python'
[0.583s] Level 1:colcon.colcon_core.package_identification:_identify(src) by extensions ['python_setup_py']
[0.583s] Level 1:colcon.colcon_core.package_identification:_identify(src) by extension 'python_setup_py'
[0.583s] Level 1:colcon.colcon_core.package_identification:_identify(src/my_package) by extensions ['ignore', 'ignore_ament_install']
[0.584s] Level 1:colcon.colcon_core.package_identification:_identify(src/my_package) by extension 'ignore'
[0.584s] Level 1:colcon.colcon_core.package_identification:_identify(src/my_package) by extension 'ignore_ament_install'
[0.584s] Level 1:colcon.colcon_core.package_identification:_identify(src/my_package) by extensions ['colcon_pkg']
[0.584s] Level 1:colcon.colcon_core.package_identification:_identify(src/my_package) by extension 'colcon_pkg'
[0.584s] Level 1:colcon.colcon_core.package_identification:_identify(src/my_package) by extensions ['colcon_meta']
[0.584s] Level 1:colcon.colcon_core.package_identification:_identify(src/my_package) by extension 'colcon_meta'
[0.584s] Level 1:colcon.colcon_core.package_identification:_identify(src/my_package) by extensions ['ros']
[0.584s] Level 1:colcon.colcon_core.package_identification:_identify(src/my_package) by extension 'ros'
[0.589s] DEBUG:colcon.colcon_core.package_identification:Package 'src/my_package' with type 'ros.ament_python' and name 'my_package'
[0.590s] Level 1:colcon.colcon_core.package_identification:_identify(src/zed-ros2-wrapper) by extensions ['ignore', 'ignore_ament_install']
[0.590s] Level 1:colcon.colcon_core.package_identification:_identify(src/zed-ros2-wrapper) by extension 'ignore'
[0.590s] Level 1:colcon.colcon_core.package_identification:_identify(src/zed-ros2-wrapper) by extension 'ignore_ament_install'
[0.590s] Level 1:colcon.colcon_core.package_identification:_identify(src/zed-ros2-wrapper) by extensions ['colcon_pkg']
[0.590s] Level 1:colcon.colcon_core.package_identification:_identify(src/zed-ros2-wrapper) by extension 'colcon_pkg'
[0.590s] Level 1:colcon.colcon_core.package_identification:_identify(src/zed-ros2-wrapper) by extensions ['colcon_meta']
[0.590s] Level 1:colcon.colcon_core.package_identification:_identify(src/zed-ros2-wrapper) by extension 'colcon_meta'
[0.591s] Level 1:colcon.colcon_core.package_identification:_identify(src/zed-ros2-wrapper) by extensions ['ros']
[0.591s] Level 1:colcon.colcon_core.package_identification:_identify(src/zed-ros2-wrapper) by extension 'ros'
[0.591s] Level 1:colcon.colcon_core.package_identification:_identify(src/zed-ros2-wrapper) by extensions ['cmake', 'python']
[0.591s] Level 1:colcon.colcon_core.package_identification:_identify(src/zed-ros2-wrapper) by extension 'cmake'
[0.591s] Level 1:colcon.colcon_core.package_identification:_identify(src/zed-ros2-wrapper) by extension 'python'
[0.591s] Level 1:colcon.colcon_core.package_identification:_identify(src/zed-ros2-wrapper) by extensions ['python_setup_py']
[0.591s] Level 1:colcon.colcon_core.package_identification:_identify(src/zed-ros2-wrapper) by extension 'python_setup_py'
[0.591s] Level 1:colcon.colcon_core.package_identification:_identify(src/zed-ros2-wrapper/docker) by extensions ['ignore', 'ignore_ament_install']
[0.592s] Level 1:colcon.colcon_core.package_identification:_identify(src/zed-ros2-wrapper/docker) by extension 'ignore'
[0.592s] Level 1:colcon.colcon_core.package_identification:_identify(src/zed-ros2-wrapper/docker) by extension 'ignore_ament_install'
[0.592s] Level 1:colcon.colcon_core.package_identification:_identify(src/zed-ros2-wrapper/docker) by extensions ['colcon_pkg']
[0.592s] Level 1:colcon.colcon_core.package_identification:_identify(src/zed-ros2-wrapper/docker) by extension 'colcon_pkg'
[0.592s] Level 1:colcon.colcon_core.package_identification:_identify(src/zed-ros2-wrapper/docker) by extensions ['colcon_meta']
[0.592s] Level 1:colcon.colcon_core.package_identification:_identify(src/zed-ros2-wrapper/docker) by extension 'colcon_meta'
[0.592s] Level 1:colcon.colcon_core.package_identification:_identify(src/zed-ros2-wrapper/docker) by extensions ['ros']
[0.592s] Level 1:colcon.colcon_core.package_identification:_identify(src/zed-ros2-wrapper/docker) by extension 'ros'
[0.592s] Level 1:colcon.colcon_core.package_identification:_identify(src/zed-ros2-wrapper/docker) by extensions ['cmake', 'python']
[0.592s] Level 1:colcon.colcon_core.package_identification:_identify(src/zed-ros2-wrapper/docker) by extension 'cmake'
[0.592s] Level 1:colcon.colcon_core.package_identification:_identify(src/zed-ros2-wrapper/docker) by extension 'python'
[0.592s] Level 1:colcon.colcon_core.package_identification:_identify(src/zed-ros2-wrapper/docker) by extensions ['python_setup_py']
[0.593s] Level 1:colcon.colcon_core.package_identification:_identify(src/zed-ros2-wrapper/docker) by extension 'python_setup_py'
[0.593s] Level 1:colcon.colcon_core.package_identification:_identify(src/zed-ros2-wrapper/images) by extensions ['ignore', 'ignore_ament_install']
[0.593s] Level 1:colcon.colcon_core.package_identification:_identify(src/zed-ros2-wrapper/images) by extension 'ignore'
[0.593s] Level 1:colcon.colcon_core.package_identification:_identify(src/zed-ros2-wrapper/images) by extension 'ignore_ament_install'
[0.593s] Level 1:colcon.colcon_core.package_identification:_identify(src/zed-ros2-wrapper/images) by extensions ['colcon_pkg']
[0.593s] Level 1:colcon.colcon_core.package_identification:_identify(src/zed-ros2-wrapper/images) by extension 'colcon_pkg'
[0.593s] Level 1:colcon.colcon_core.package_identification:_identify(src/zed-ros2-wrapper/images) by extensions ['colcon_meta']
[0.593s] Level 1:colcon.colcon_core.package_identification:_identify(src/zed-ros2-wrapper/images) by extension 'colcon_meta'
[0.593s] Level 1:colcon.colcon_core.package_identification:_identify(src/zed-ros2-wrapper/images) by extensions ['ros']
[0.593s] Level 1:colcon.colcon_core.package_identification:_identify(src/zed-ros2-wrapper/images) by extension 'ros'
[0.594s] Level 1:colcon.colcon_core.package_identification:_identify(src/zed-ros2-wrapper/images) by extensions ['cmake', 'python']
[0.594s] Level 1:colcon.colcon_core.package_identification:_identify(src/zed-ros2-wrapper/images) by extension 'cmake'
[0.594s] Level 1:colcon.colcon_core.package_identification:_identify(src/zed-ros2-wrapper/images) by extension 'python'
[0.594s] Level 1:colcon.colcon_core.package_identification:_identify(src/zed-ros2-wrapper/images) by extensions ['python_setup_py']
[0.594s] Level 1:colcon.colcon_core.package_identification:_identify(src/zed-ros2-wrapper/images) by extension 'python_setup_py'
[0.594s] Level 1:colcon.colcon_core.package_identification:_identify(src/zed-ros2-wrapper/zed_components) by extensions ['ignore', 'ignore_ament_install']
[0.594s] Level 1:colcon.colcon_core.package_identification:_identify(src/zed-ros2-wrapper/zed_components) by extension 'ignore'
[0.594s] Level 1:colcon.colcon_core.package_identification:_identify(src/zed-ros2-wrapper/zed_components) by extension 'ignore_ament_install'
[0.595s] Level 1:colcon.colcon_core.package_identification:_identify(src/zed-ros2-wrapper/zed_components) by extensions ['colcon_pkg']
[0.595s] Level 1:colcon.colcon_core.package_identification:_identify(src/zed-ros2-wrapper/zed_components) by extension 'colcon_pkg'
[0.595s] Level 1:colcon.colcon_core.package_identification:_identify(src/zed-ros2-wrapper/zed_components) by extensions ['colcon_meta']
[0.595s] Level 1:colcon.colcon_core.package_identification:_identify(src/zed-ros2-wrapper/zed_components) by extension 'colcon_meta'
[0.595s] Level 1:colcon.colcon_core.package_identification:_identify(src/zed-ros2-wrapper/zed_components) by extensions ['ros']
[0.595s] Level 1:colcon.colcon_core.package_identification:_identify(src/zed-ros2-wrapper/zed_components) by extension 'ros'
[0.597s] DEBUG:colcon.colcon_core.package_identification:Package 'src/zed-ros2-wrapper/zed_components' with type 'ros.ament_cmake' and name 'zed_components'
[0.598s] Level 1:colcon.colcon_core.package_identification:_identify(src/zed-ros2-wrapper/zed_ros2) by extensions ['ignore', 'ignore_ament_install']
[0.598s] Level 1:colcon.colcon_core.package_identification:_identify(src/zed-ros2-wrapper/zed_ros2) by extension 'ignore'
[0.598s] Level 1:colcon.colcon_core.package_identification:_identify(src/zed-ros2-wrapper/zed_ros2) by extension 'ignore_ament_install'
[0.598s] Level 1:colcon.colcon_core.package_identification:_identify(src/zed-ros2-wrapper/zed_ros2) by extensions ['colcon_pkg']
[0.598s] Level 1:colcon.colcon_core.package_identification:_identify(src/zed-ros2-wrapper/zed_ros2) by extension 'colcon_pkg'
[0.598s] Level 1:colcon.colcon_core.package_identification:_identify(src/zed-ros2-wrapper/zed_ros2) by extensions ['colcon_meta']
[0.598s] Level 1:colcon.colcon_core.package_identification:_identify(src/zed-ros2-wrapper/zed_ros2) by extension 'colcon_meta'
[0.598s] Level 1:colcon.colcon_core.package_identification:_identify(src/zed-ros2-wrapper/zed_ros2) by extensions ['ros']
[0.598s] Level 1:colcon.colcon_core.package_identification:_identify(src/zed-ros2-wrapper/zed_ros2) by extension 'ros'
[0.600s] DEBUG:colcon.colcon_core.package_identification:Package 'src/zed-ros2-wrapper/zed_ros2' with type 'ros.ament_cmake' and name 'zed_ros2'
[0.600s] Level 1:colcon.colcon_core.package_identification:_identify(src/zed-ros2-wrapper/zed_wrapper) by extensions ['ignore', 'ignore_ament_install']
[0.600s] Level 1:colcon.colcon_core.package_identification:_identify(src/zed-ros2-wrapper/zed_wrapper) by extension 'ignore'
[0.600s] Level 1:colcon.colcon_core.package_identification:_identify(src/zed-ros2-wrapper/zed_wrapper) by extension 'ignore_ament_install'
[0.600s] Level 1:colcon.colcon_core.package_identification:_identify(src/zed-ros2-wrapper/zed_wrapper) by extensions ['colcon_pkg']
[0.600s] Level 1:colcon.colcon_core.package_identification:_identify(src/zed-ros2-wrapper/zed_wrapper) by extension 'colcon_pkg'
[0.600s] Level 1:colcon.colcon_core.package_identification:_identify(src/zed-ros2-wrapper/zed_wrapper) by extensions ['colcon_meta']
[0.601s] Level 1:colcon.colcon_core.package_identification:_identify(src/zed-ros2-wrapper/zed_wrapper) by extension 'colcon_meta'
[0.601s] Level 1:colcon.colcon_core.package_identification:_identify(src/zed-ros2-wrapper/zed_wrapper) by extensions ['ros']
[0.601s] Level 1:colcon.colcon_core.package_identification:_identify(src/zed-ros2-wrapper/zed_wrapper) by extension 'ros'
[0.602s] DEBUG:colcon.colcon_core.package_identification:Package 'src/zed-ros2-wrapper/zed_wrapper' with type 'ros.ament_cmake' and name 'zed_wrapper'
[0.602s] Level 1:colcon.colcon_core.package_discovery:discover_packages(recursive) using defaults
[0.603s] Level 1:colcon.colcon_core.package_discovery:discover_packages(ignore) discover
[0.603s] Level 1:colcon.colcon_core.package_discovery:discover_packages(ignore) using defaults
[0.603s] Level 1:colcon.colcon_core.package_discovery:discover_packages(path) discover
[0.603s] Level 1:colcon.colcon_core.package_discovery:discover_packages(path) using defaults
[0.677s] Level 1:colcon.colcon_core.package_discovery:discover_packages(prefix_path) check parameters
[0.677s] Level 1:colcon.colcon_core.package_discovery:discover_packages(prefix_path) discover
[0.682s] DEBUG:colcon.colcon_installed_package_information.package_discovery:Found 300 installed packages in /opt/ros/humble
[0.685s] Level 1:colcon.colcon_core.package_discovery:discover_packages(prefix_path) using defaults
[0.757s] Level 5:colcon.colcon_core.verb:set package 'zed_components' build argument 'cmake_args' from command line to 'None'
[0.757s] Level 5:colcon.colcon_core.verb:set package 'zed_components' build argument 'cmake_target' from command line to 'None'
[0.757s] Level 5:colcon.colcon_core.verb:set package 'zed_components' build argument 'cmake_target_skip_unavailable' from command line to 'False'
[0.758s] Level 5:colcon.colcon_core.verb:set package 'zed_components' build argument 'cmake_clean_cache' from command line to 'False'
[0.758s] Level 5:colcon.colcon_core.verb:set package 'zed_components' build argument 'cmake_clean_first' from command line to 'False'
[0.758s] Level 5:colcon.colcon_core.verb:set package 'zed_components' build argument 'cmake_force_configure' from command line to 'False'
[0.758s] Level 5:colcon.colcon_core.verb:set package 'zed_components' build argument 'ament_cmake_args' from command line to 'None'
[0.758s] Level 5:colcon.colcon_core.verb:set package 'zed_components' build argument 'catkin_cmake_args' from command line to 'None'
[0.758s] Level 5:colcon.colcon_core.verb:set package 'zed_components' build argument 'catkin_skip_building_tests' from command line to 'False'
[0.758s] DEBUG:colcon.colcon_core.verb:Building package 'zed_components' with the following arguments: {'ament_cmake_args': None, 'build_base': '/home/umdloop/Downloads/ros2_ws/build/zed_components', 'catkin_cmake_args': None, 'catkin_skip_building_tests': False, 'cmake_args': None, 'cmake_clean_cache': False, 'cmake_clean_first': False, 'cmake_force_configure': False, 'cmake_target': None, 'cmake_target_skip_unavailable': False, 'install_base': '/home/umdloop/Downloads/ros2_ws/install/zed_components', 'merge_install': False, 'path': '/home/umdloop/Downloads/ros2_ws/src/zed-ros2-wrapper/zed_components', 'symlink_install': False, 'test_result_base': None}
[0.759s] Level 5:colcon.colcon_core.verb:set package 'zed_wrapper' build argument 'cmake_args' from command line to 'None'
[0.759s] Level 5:colcon.colcon_core.verb:set package 'zed_wrapper' build argument 'cmake_target' from command line to 'None'
[0.759s] Level 5:colcon.colcon_core.verb:set package 'zed_wrapper' build argument 'cmake_target_skip_unavailable' from command line to 'False'
[0.759s] Level 5:colcon.colcon_core.verb:set package 'zed_wrapper' build argument 'cmake_clean_cache' from command line to 'False'
[0.759s] Level 5:colcon.colcon_core.verb:set package 'zed_wrapper' build argument 'cmake_clean_first' from command line to 'False'
[0.759s] Level 5:colcon.colcon_core.verb:set package 'zed_wrapper' build argument 'cmake_force_configure' from command line to 'False'
[0.759s] Level 5:colcon.colcon_core.verb:set package 'zed_wrapper' build argument 'ament_cmake_args' from command line to 'None'
[0.759s] Level 5:colcon.colcon_core.verb:set package 'zed_wrapper' build argument 'catkin_cmake_args' from command line to 'None'
[0.759s] Level 5:colcon.colcon_core.verb:set package 'zed_wrapper' build argument 'catkin_skip_building_tests' from command line to 'False'
[0.759s] DEBUG:colcon.colcon_core.verb:Building package 'zed_wrapper' with the following arguments: {'ament_cmake_args': None, 'build_base': '/home/umdloop/Downloads/ros2_ws/build/zed_wrapper', 'catkin_cmake_args': None, 'catkin_skip_building_tests': False, 'cmake_args': None, 'cmake_clean_cache': False, 'cmake_clean_first': False, 'cmake_force_configure': False, 'cmake_target': None, 'cmake_target_skip_unavailable': False, 'install_base': '/home/umdloop/Downloads/ros2_ws/install/zed_wrapper', 'merge_install': False, 'path': '/home/umdloop/Downloads/ros2_ws/src/zed-ros2-wrapper/zed_wrapper', 'symlink_install': False, 'test_result_base': None}
[0.760s] Level 5:colcon.colcon_core.verb:set package 'my_package' build argument 'cmake_args' from command line to 'None'
[0.760s] Level 5:colcon.colcon_core.verb:set package 'my_package' build argument 'cmake_target' from command line to 'None'
[0.760s] Level 5:colcon.colcon_core.verb:set package 'my_package' build argument 'cmake_target_skip_unavailable' from command line to 'False'
[0.760s] Level 5:colcon.colcon_core.verb:set package 'my_package' build argument 'cmake_clean_cache' from command line to 'False'
[0.760s] Level 5:colcon.colcon_core.verb:set package 'my_package' build argument 'cmake_clean_first' from command line to 'False'
[0.760s] Level 5:colcon.colcon_core.verb:set package 'my_package' build argument 'cmake_force_configure' from command line to 'False'
[0.760s] Level 5:colcon.colcon_core.verb:set package 'my_package' build argument 'ament_cmake_args' from command line to 'None'
[0.760s] Level 5:colcon.colcon_core.verb:set package 'my_package' build argument 'catkin_cmake_args' from command line to 'None'
[0.760s] Level 5:colcon.colcon_core.verb:set package 'my_package' build argument 'catkin_skip_building_tests' from command line to 'False'
[0.760s] DEBUG:colcon.colcon_core.verb:Building package 'my_package' with the following arguments: {'ament_cmake_args': None, 'build_base': '/home/umdloop/Downloads/ros2_ws/build/my_package', 'catkin_cmake_args': None, 'catkin_skip_building_tests': False, 'cmake_args': None, 'cmake_clean_cache': False, 'cmake_clean_first': False, 'cmake_force_configure': False, 'cmake_target': None, 'cmake_target_skip_unavailable': False, 'install_base': '/home/umdloop/Downloads/ros2_ws/install/my_package', 'merge_install': False, 'path': '/home/umdloop/Downloads/ros2_ws/src/my_package', 'symlink_install': False, 'test_result_base': None}
[0.761s] Level 5:colcon.colcon_core.verb:set package 'zed_ros2' build argument 'cmake_args' from command line to 'None'
[0.761s] Level 5:colcon.colcon_core.verb:set package 'zed_ros2' build argument 'cmake_target' from command line to 'None'
[0.761s] Level 5:colcon.colcon_core.verb:set package 'zed_ros2' build argument 'cmake_target_skip_unavailable' from command line to 'False'
[0.761s] Level 5:colcon.colcon_core.verb:set package 'zed_ros2' build argument 'cmake_clean_cache' from command line to 'False'
[0.761s] Level 5:colcon.colcon_core.verb:set package 'zed_ros2' build argument 'cmake_clean_first' from command line to 'False'
[0.761s] Level 5:colcon.colcon_core.verb:set package 'zed_ros2' build argument 'cmake_force_configure' from command line to 'False'
[0.761s] Level 5:colcon.colcon_core.verb:set package 'zed_ros2' build argument 'ament_cmake_args' from command line to 'None'
[0.761s] Level 5:colcon.colcon_core.verb:set package 'zed_ros2' build argument 'catkin_cmake_args' from command line to 'None'
[0.761s] Level 5:colcon.colcon_core.verb:set package 'zed_ros2' build argument 'catkin_skip_building_tests' from command line to 'False'
[0.761s] DEBUG:colcon.colcon_core.verb:Building package 'zed_ros2' with the following arguments: {'ament_cmake_args': None, 'build_base': '/home/umdloop/Downloads/ros2_ws/build/zed_ros2', 'catkin_cmake_args': None, 'catkin_skip_building_tests': False, 'cmake_args': None, 'cmake_clean_cache': False, 'cmake_clean_first': False, 'cmake_force_configure': False, 'cmake_target': None, 'cmake_target_skip_unavailable': False, 'install_base': '/home/umdloop/Downloads/ros2_ws/install/zed_ros2', 'merge_install': False, 'path': '/home/umdloop/Downloads/ros2_ws/src/zed-ros2-wrapper/zed_ros2', 'symlink_install': False, 'test_result_base': None}
[0.761s] INFO:colcon.colcon_core.executor:Executing jobs using 'parallel' executor
[0.764s] DEBUG:colcon.colcon_parallel_executor.executor.parallel:run_until_complete
[0.764s] INFO:colcon.colcon_ros.task.ament_cmake.build:Building ROS package in '/home/umdloop/Downloads/ros2_ws/src/zed-ros2-wrapper/zed_components' with build type 'ament_cmake'
[0.765s] INFO:colcon.colcon_cmake.task.cmake.build:Building CMake package in '/home/umdloop/Downloads/ros2_ws/src/zed-ros2-wrapper/zed_components'
[0.768s] INFO:colcon.colcon_core.plugin_system:Skipping extension 'colcon_core.shell.bat': Not used on non-Windows systems
[0.769s] INFO:colcon.colcon_core.shell:Skip shell extension 'powershell' for command environment: Not usable outside of PowerShell
[0.769s] DEBUG:colcon.colcon_core.shell:Skip shell extension 'dsv' for command environment
[0.794s] DEBUG:colcon.colcon_core.event_handler.log_command:Invoking command in '/home/umdloop/Downloads/ros2_ws/build/zed_components': CMAKE_PREFIX_PATH=/opt/ros/humble /usr/bin/cmake --build /home/umdloop/Downloads/ros2_ws/build/zed_components -- -j6 -l6
[0.958s] DEBUG:colcon.colcon_core.event_handler.log_command:Invoked command in '/home/umdloop/Downloads/ros2_ws/build/zed_components' returned '0': CMAKE_PREFIX_PATH=/opt/ros/humble /usr/bin/cmake --build /home/umdloop/Downloads/ros2_ws/build/zed_components -- -j6 -l6
[0.982s] DEBUG:colcon.colcon_core.event_handler.log_command:Invoking command in '/home/umdloop/Downloads/ros2_ws/build/zed_components': CMAKE_PREFIX_PATH=/opt/ros/humble /usr/bin/cmake --install /home/umdloop/Downloads/ros2_ws/build/zed_components
[1.008s] Level 1:colcon.colcon_core.environment:create_environment_scripts_only(zed_components)
[1.010s] DEBUG:colcon.colcon_core.event_handler.log_command:Invoked command in '/home/umdloop/Downloads/ros2_ws/build/zed_components' returned '0': CMAKE_PREFIX_PATH=/opt/ros/humble /usr/bin/cmake --install /home/umdloop/Downloads/ros2_ws/build/zed_components
[1.018s] Level 1:colcon.colcon_core.environment:checking '/home/umdloop/Downloads/ros2_ws/install/zed_components' for CMake module files
[1.020s] Level 1:colcon.colcon_core.environment:checking '/home/umdloop/Downloads/ros2_ws/install/zed_components' for CMake config files
[1.021s] Level 1:colcon.colcon_core.shell:create_environment_hook('zed_components', 'cmake_prefix_path')
[1.021s] INFO:colcon.colcon_core.shell:Creating environment hook '/home/umdloop/Downloads/ros2_ws/install/zed_components/share/zed_components/hook/cmake_prefix_path.ps1'
[1.024s] INFO:colcon.colcon_core.shell:Creating environment descriptor '/home/umdloop/Downloads/ros2_ws/install/zed_components/share/zed_components/hook/cmake_prefix_path.dsv'
[1.026s] INFO:colcon.colcon_core.shell:Creating environment hook '/home/umdloop/Downloads/ros2_ws/install/zed_components/share/zed_components/hook/cmake_prefix_path.sh'
[1.029s] Level 1:colcon.colcon_core.environment:checking '/home/umdloop/Downloads/ros2_ws/install/zed_components/lib'
[1.029s] Level 1:colcon.colcon_core.shell:create_environment_hook('zed_components', 'ld_library_path_lib')
[1.030s] INFO:colcon.colcon_core.shell:Creating environment hook '/home/umdloop/Downloads/ros2_ws/install/zed_components/share/zed_components/hook/ld_library_path_lib.ps1'
[1.032s] INFO:colcon.colcon_core.shell:Creating environment descriptor '/home/umdloop/Downloads/ros2_ws/install/zed_components/share/zed_components/hook/ld_library_path_lib.dsv'
[1.033s] INFO:colcon.colcon_core.shell:Creating environment hook '/home/umdloop/Downloads/ros2_ws/install/zed_components/share/zed_components/hook/ld_library_path_lib.sh'
[1.034s] Level 1:colcon.colcon_core.environment:checking '/home/umdloop/Downloads/ros2_ws/install/zed_components/bin'
[1.035s] Level 1:colcon.colcon_core.environment:checking '/home/umdloop/Downloads/ros2_ws/install/zed_components/lib/pkgconfig/zed_components.pc'
[1.035s] Level 1:colcon.colcon_core.environment:checking '/home/umdloop/Downloads/ros2_ws/install/zed_components/lib/python3.10/site-packages'
[1.036s] Level 1:colcon.colcon_core.environment:checking '/home/umdloop/Downloads/ros2_ws/install/zed_components/bin'
[1.037s] INFO:colcon.colcon_core.shell:Creating package script '/home/umdloop/Downloads/ros2_ws/install/zed_components/share/zed_components/package.ps1'
[1.040s] INFO:colcon.colcon_core.shell:Creating package descriptor '/home/umdloop/Downloads/ros2_ws/install/zed_components/share/zed_components/package.dsv'
[1.041s] INFO:colcon.colcon_core.shell:Creating package script '/home/umdloop/Downloads/ros2_ws/install/zed_components/share/zed_components/package.sh'
[1.044s] INFO:colcon.colcon_core.shell:Creating package script '/home/umdloop/Downloads/ros2_ws/install/zed_components/share/zed_components/package.bash'
[1.046s] INFO:colcon.colcon_core.shell:Creating package script '/home/umdloop/Downloads/ros2_ws/install/zed_components/share/zed_components/package.zsh'
[1.048s] Level 1:colcon.colcon_core.environment:create_file_with_runtime_dependencies(/home/umdloop/Downloads/ros2_ws/install/zed_components/share/colcon-core/packages/zed_components)
[1.050s] Level 1:colcon.colcon_core.environment:create_environment_scripts_only(zed_components)
[1.051s] Level 1:colcon.colcon_core.environment:checking '/home/umdloop/Downloads/ros2_ws/install/zed_components' for CMake module files
[1.052s] Level 1:colcon.colcon_core.environment:checking '/home/umdloop/Downloads/ros2_ws/install/zed_components' for CMake config files
[1.052s] Level 1:colcon.colcon_core.shell:create_environment_hook('zed_components', 'cmake_prefix_path')
[1.053s] INFO:colcon.colcon_core.shell:Creating environment hook '/home/umdloop/Downloads/ros2_ws/install/zed_components/share/zed_components/hook/cmake_prefix_path.ps1'
[1.054s] INFO:colcon.colcon_core.shell:Creating environment descriptor '/home/umdloop/Downloads/ros2_ws/install/zed_components/share/zed_components/hook/cmake_prefix_path.dsv'
[1.055s] INFO:colcon.colcon_core.shell:Creating environment hook '/home/umdloop/Downloads/ros2_ws/install/zed_components/share/zed_components/hook/cmake_prefix_path.sh'
[1.057s] Level 1:colcon.colcon_core.environment:checking '/home/umdloop/Downloads/ros2_ws/install/zed_components/lib'
[1.057s] Level 1:colcon.colcon_core.shell:create_environment_hook('zed_components', 'ld_library_path_lib')
[1.057s] INFO:colcon.colcon_core.shell:Creating environment hook '/home/umdloop/Downloads/ros2_ws/install/zed_components/share/zed_components/hook/ld_library_path_lib.ps1'
[1.059s] INFO:colcon.colcon_core.shell:Creating environment descriptor '/home/umdloop/Downloads/ros2_ws/install/zed_components/share/zed_components/hook/ld_library_path_lib.dsv'
[1.059s] INFO:colcon.colcon_core.shell:Creating environment hook '/home/umdloop/Downloads/ros2_ws/install/zed_components/share/zed_components/hook/ld_library_path_lib.sh'
[1.060s] Level 1:colcon.colcon_core.environment:checking '/home/umdloop/Downloads/ros2_ws/install/zed_components/bin'
[1.060s] Level 1:colcon.colcon_core.environment:checking '/home/umdloop/Downloads/ros2_ws/install/zed_components/lib/pkgconfig/zed_components.pc'
[1.061s] Level 1:colcon.colcon_core.environment:checking '/home/umdloop/Downloads/ros2_ws/install/zed_components/lib/python3.10/site-packages'
[1.062s] Level 1:colcon.colcon_core.environment:checking '/home/umdloop/Downloads/ros2_ws/install/zed_components/bin'
[1.063s] INFO:colcon.colcon_core.shell:Creating package script '/home/umdloop/Downloads/ros2_ws/install/zed_components/share/zed_components/package.ps1'
[1.065s] INFO:colcon.colcon_core.shell:Creating package descriptor '/home/umdloop/Downloads/ros2_ws/install/zed_components/share/zed_components/package.dsv'
[1.066s] INFO:colcon.colcon_core.shell:Creating package script '/home/umdloop/Downloads/ros2_ws/install/zed_components/share/zed_components/package.sh'
[1.068s] INFO:colcon.colcon_core.shell:Creating package script '/home/umdloop/Downloads/ros2_ws/install/zed_components/share/zed_components/package.bash'
[1.069s] INFO:colcon.colcon_core.shell:Creating package script '/home/umdloop/Downloads/ros2_ws/install/zed_components/share/zed_components/package.zsh'
[1.070s] Level 1:colcon.colcon_core.environment:create_file_with_runtime_dependencies(/home/umdloop/Downloads/ros2_ws/install/zed_components/share/colcon-core/packages/zed_components)
[1.071s] INFO:colcon.colcon_ros.task.ament_cmake.build:Building ROS package in '/home/umdloop/Downloads/ros2_ws/src/zed-ros2-wrapper/zed_wrapper' with build type 'ament_cmake'
[1.072s] INFO:colcon.colcon_cmake.task.cmake.build:Building CMake package in '/home/umdloop/Downloads/ros2_ws/src/zed-ros2-wrapper/zed_wrapper'
[1.073s] INFO:colcon.colcon_core.shell:Skip shell extension 'powershell' for command environment: Not usable outside of PowerShell
[1.073s] DEBUG:colcon.colcon_core.shell:Skip shell extension 'dsv' for command environment
[1.100s] DEBUG:colcon.colcon_core.event_handler.log_command:Invoking command in '/home/umdloop/Downloads/ros2_ws/build/zed_wrapper': AMENT_PREFIX_PATH=/home/umdloop/Downloads/ros2_ws/install/zed_components:${AMENT_PREFIX_PATH} CMAKE_PREFIX_PATH=/home/umdloop/Downloads/ros2_ws/install/zed_components:/opt/ros/humble LD_LIBRARY_PATH=/home/umdloop/Downloads/ros2_ws/install/zed_components/lib:${LD_LIBRARY_PATH} /usr/bin/cmake --build /home/umdloop/Downloads/ros2_ws/build/zed_wrapper -- -j6 -l6
[1.198s] DEBUG:colcon.colcon_core.event_handler.log_command:Invoked command in '/home/umdloop/Downloads/ros2_ws/build/zed_wrapper' returned '0': AMENT_PREFIX_PATH=/home/umdloop/Downloads/ros2_ws/install/zed_components:${AMENT_PREFIX_PATH} CMAKE_PREFIX_PATH=/home/umdloop/Downloads/ros2_ws/install/zed_components:/opt/ros/humble LD_LIBRARY_PATH=/home/umdloop/Downloads/ros2_ws/install/zed_components/lib:${LD_LIBRARY_PATH} /usr/bin/cmake --build /home/umdloop/Downloads/ros2_ws/build/zed_wrapper -- -j6 -l6
[1.200s] DEBUG:colcon.colcon_core.event_handler.log_command:Invoking command in '/home/umdloop/Downloads/ros2_ws/build/zed_wrapper': AMENT_PREFIX_PATH=/home/umdloop/Downloads/ros2_ws/install/zed_components:${AMENT_PREFIX_PATH} CMAKE_PREFIX_PATH=/home/umdloop/Downloads/ros2_ws/install/zed_components:/opt/ros/humble LD_LIBRARY_PATH=/home/umdloop/Downloads/ros2_ws/install/zed_components/lib:${LD_LIBRARY_PATH} /usr/bin/cmake --install /home/umdloop/Downloads/ros2_ws/build/zed_wrapper
[1.221s] Level 1:colcon.colcon_core.environment:create_environment_scripts_only(zed_wrapper)
[1.222s] Level 1:colcon.colcon_core.environment:checking '/home/umdloop/Downloads/ros2_ws/install/zed_wrapper' for CMake module files
[1.223s] Level 1:colcon.colcon_core.environment:checking '/home/umdloop/Downloads/ros2_ws/install/zed_wrapper' for CMake config files
[1.223s] Level 1:colcon.colcon_core.shell:create_environment_hook('zed_wrapper', 'cmake_prefix_path')
[1.224s] INFO:colcon.colcon_core.shell:Creating environment hook '/home/umdloop/Downloads/ros2_ws/install/zed_wrapper/share/zed_wrapper/hook/cmake_prefix_path.ps1'
[1.226s] INFO:colcon.colcon_core.shell:Creating environment descriptor '/home/umdloop/Downloads/ros2_ws/install/zed_wrapper/share/zed_wrapper/hook/cmake_prefix_path.dsv'
[1.228s] INFO:colcon.colcon_core.shell:Creating environment hook '/home/umdloop/Downloads/ros2_ws/install/zed_wrapper/share/zed_wrapper/hook/cmake_prefix_path.sh'
[1.231s] DEBUG:colcon.colcon_core.event_handler.log_command:Invoked command in '/home/umdloop/Downloads/ros2_ws/build/zed_wrapper' returned '0': AMENT_PREFIX_PATH=/home/umdloop/Downloads/ros2_ws/install/zed_components:${AMENT_PREFIX_PATH} CMAKE_PREFIX_PATH=/home/umdloop/Downloads/ros2_ws/install/zed_components:/opt/ros/humble LD_LIBRARY_PATH=/home/umdloop/Downloads/ros2_ws/install/zed_components/lib:${LD_LIBRARY_PATH} /usr/bin/cmake --install /home/umdloop/Downloads/ros2_ws/build/zed_wrapper
[1.233s] Level 1:colcon.colcon_core.environment:checking '/home/umdloop/Downloads/ros2_ws/install/zed_wrapper/bin'
[1.233s] Level 1:colcon.colcon_core.environment:checking '/home/umdloop/Downloads/ros2_ws/install/zed_wrapper/lib/pkgconfig/zed_wrapper.pc'
[1.234s] Level 1:colcon.colcon_core.environment:checking '/home/umdloop/Downloads/ros2_ws/install/zed_wrapper/lib/python3.10/site-packages'
[1.234s] Level 1:colcon.colcon_core.environment:checking '/home/umdloop/Downloads/ros2_ws/install/zed_wrapper/bin'
[1.235s] INFO:colcon.colcon_core.shell:Creating package script '/home/umdloop/Downloads/ros2_ws/install/zed_wrapper/share/zed_wrapper/package.ps1'
[1.237s] INFO:colcon.colcon_core.shell:Creating package descriptor '/home/umdloop/Downloads/ros2_ws/install/zed_wrapper/share/zed_wrapper/package.dsv'
[1.238s] INFO:colcon.colcon_core.shell:Creating package script '/home/umdloop/Downloads/ros2_ws/install/zed_wrapper/share/zed_wrapper/package.sh'
[1.239s] INFO:colcon.colcon_core.shell:Creating package script '/home/umdloop/Downloads/ros2_ws/install/zed_wrapper/share/zed_wrapper/package.bash'
[1.240s] INFO:colcon.colcon_core.shell:Creating package script '/home/umdloop/Downloads/ros2_ws/install/zed_wrapper/share/zed_wrapper/package.zsh'
[1.240s] Level 1:colcon.colcon_core.environment:create_file_with_runtime_dependencies(/home/umdloop/Downloads/ros2_ws/install/zed_wrapper/share/colcon-core/packages/zed_wrapper)
[1.242s] Level 1:colcon.colcon_core.environment:create_environment_scripts_only(zed_wrapper)
[1.242s] Level 1:colcon.colcon_core.environment:checking '/home/umdloop/Downloads/ros2_ws/install/zed_wrapper' for CMake module files
[1.244s] Level 1:colcon.colcon_core.environment:checking '/home/umdloop/Downloads/ros2_ws/install/zed_wrapper' for CMake config files
[1.244s] Level 1:colcon.colcon_core.shell:create_environment_hook('zed_wrapper', 'cmake_prefix_path')
[1.245s] INFO:colcon.colcon_core.shell:Creating environment hook '/home/umdloop/Downloads/ros2_ws/install/zed_wrapper/share/zed_wrapper/hook/cmake_prefix_path.ps1'
[1.246s] INFO:colcon.colcon_core.shell:Creating environment descriptor '/home/umdloop/Downloads/ros2_ws/install/zed_wrapper/share/zed_wrapper/hook/cmake_prefix_path.dsv'
[1.247s] INFO:colcon.colcon_core.shell:Creating environment hook '/home/umdloop/Downloads/ros2_ws/install/zed_wrapper/share/zed_wrapper/hook/cmake_prefix_path.sh'
[1.249s] Level 1:colcon.colcon_core.environment:checking '/home/umdloop/Downloads/ros2_ws/install/zed_wrapper/bin'
[1.249s] Level 1:colcon.colcon_core.environment:checking '/home/umdloop/Downloads/ros2_ws/install/zed_wrapper/lib/pkgconfig/zed_wrapper.pc'
[1.249s] Level 1:colcon.colcon_core.environment:checking '/home/umdloop/Downloads/ros2_ws/install/zed_wrapper/lib/python3.10/site-packages'
[1.250s] Level 1:colcon.colcon_core.environment:checking '/home/umdloop/Downloads/ros2_ws/install/zed_wrapper/bin'
[1.250s] INFO:colcon.colcon_core.shell:Creating package script '/home/umdloop/Downloads/ros2_ws/install/zed_wrapper/share/zed_wrapper/package.ps1'
[1.251s] INFO:colcon.colcon_core.shell:Creating package descriptor '/home/umdloop/Downloads/ros2_ws/install/zed_wrapper/share/zed_wrapper/package.dsv'
[1.253s] INFO:colcon.colcon_core.shell:Creating package script '/home/umdloop/Downloads/ros2_ws/install/zed_wrapper/share/zed_wrapper/package.sh'
[1.253s] INFO:colcon.colcon_core.shell:Creating package script '/home/umdloop/Downloads/ros2_ws/install/zed_wrapper/share/zed_wrapper/package.bash'
[1.254s] INFO:colcon.colcon_core.shell:Creating package script '/home/umdloop/Downloads/ros2_ws/install/zed_wrapper/share/zed_wrapper/package.zsh'
[1.255s] Level 1:colcon.colcon_core.environment:create_file_with_runtime_dependencies(/home/umdloop/Downloads/ros2_ws/install/zed_wrapper/share/colcon-core/packages/zed_wrapper)
[1.256s] INFO:colcon.colcon_ros.task.ament_python.build:Building ROS package in '/home/umdloop/Downloads/ros2_ws/src/my_package' with build type 'ament_python'
[1.257s] Level 1:colcon.colcon_core.shell:create_environment_hook('my_package', 'ament_prefix_path')
[1.257s] INFO:colcon.colcon_core.shell:Creating environment hook '/home/umdloop/Downloads/ros2_ws/install/my_package/share/my_package/hook/ament_prefix_path.ps1'
[1.259s] INFO:colcon.colcon_core.shell:Creating environment descriptor '/home/umdloop/Downloads/ros2_ws/install/my_package/share/my_package/hook/ament_prefix_path.dsv'
[1.260s] INFO:colcon.colcon_core.shell:Creating environment hook '/home/umdloop/Downloads/ros2_ws/install/my_package/share/my_package/hook/ament_prefix_path.sh'
[1.262s] INFO:colcon.colcon_core.shell:Skip shell extension 'powershell' for command environment: Not usable outside of PowerShell
[1.262s] DEBUG:colcon.colcon_core.shell:Skip shell extension 'dsv' for command environment
[1.269s] INFO:colcon.colcon_ros.task.ament_cmake.build:Building ROS package in '/home/umdloop/Downloads/ros2_ws/src/zed-ros2-wrapper/zed_ros2' with build type 'ament_cmake'
[1.269s] INFO:colcon.colcon_cmake.task.cmake.build:Building CMake package in '/home/umdloop/Downloads/ros2_ws/src/zed-ros2-wrapper/zed_ros2'
[1.270s] INFO:colcon.colcon_core.shell:Skip shell extension 'powershell' for command environment: Not usable outside of PowerShell
[1.271s] DEBUG:colcon.colcon_core.shell:Skip shell extension 'dsv' for command environment
[1.817s] INFO:colcon.colcon_core.task.python.build:Building Python package in '/home/umdloop/Downloads/ros2_ws/src/my_package'
[1.818s] INFO:colcon.colcon_core.shell:Skip shell extension 'powershell' for command environment: Not usable outside of PowerShell
[1.818s] DEBUG:colcon.colcon_core.shell:Skip shell extension 'dsv' for command environment
[1.838s] DEBUG:colcon.colcon_core.event_handler.log_command:Invoking command in '/home/umdloop/Downloads/ros2_ws/build/zed_ros2': AMENT_PREFIX_PATH=/home/umdloop/Downloads/ros2_ws/install/zed_wrapper:/home/umdloop/Downloads/ros2_ws/install/zed_components:${AMENT_PREFIX_PATH} CMAKE_PREFIX_PATH=/home/umdloop/Downloads/ros2_ws/install/zed_wrapper:/home/umdloop/Downloads/ros2_ws/install/zed_components:/opt/ros/humble LD_LIBRARY_PATH=/home/umdloop/Downloads/ros2_ws/install/zed_components/lib:${LD_LIBRARY_PATH} /usr/bin/cmake --build /home/umdloop/Downloads/ros2_ws/build/zed_ros2 -- -j6 -l6
[1.925s] DEBUG:colcon.colcon_core.event_handler.log_command:Invoked command in '/home/umdloop/Downloads/ros2_ws/build/zed_ros2' returned '0': AMENT_PREFIX_PATH=/home/umdloop/Downloads/ros2_ws/install/zed_wrapper:/home/umdloop/Downloads/ros2_ws/install/zed_components:${AMENT_PREFIX_PATH} CMAKE_PREFIX_PATH=/home/umdloop/Downloads/ros2_ws/install/zed_wrapper:/home/umdloop/Downloads/ros2_ws/install/zed_components:/opt/ros/humble LD_LIBRARY_PATH=/home/umdloop/Downloads/ros2_ws/install/zed_components/lib:${LD_LIBRARY_PATH} /usr/bin/cmake --build /home/umdloop/Downloads/ros2_ws/build/zed_ros2 -- -j6 -l6
[1.928s] DEBUG:colcon.colcon_core.event_handler.log_command:Invoking command in '/home/umdloop/Downloads/ros2_ws/build/zed_ros2': AMENT_PREFIX_PATH=/home/umdloop/Downloads/ros2_ws/install/zed_wrapper:/home/umdloop/Downloads/ros2_ws/install/zed_components:${AMENT_PREFIX_PATH} CMAKE_PREFIX_PATH=/home/umdloop/Downloads/ros2_ws/install/zed_wrapper:/home/umdloop/Downloads/ros2_ws/install/zed_components:/opt/ros/humble LD_LIBRARY_PATH=/home/umdloop/Downloads/ros2_ws/install/zed_components/lib:${LD_LIBRARY_PATH} /usr/bin/cmake --install /home/umdloop/Downloads/ros2_ws/build/zed_ros2
[1.950s] Level 1:colcon.colcon_core.environment:create_environment_scripts_only(zed_ros2)
[1.951s] Level 1:colcon.colcon_core.environment:checking '/home/umdloop/Downloads/ros2_ws/install/zed_ros2' for CMake module files
[1.952s] DEBUG:colcon.colcon_core.event_handler.log_command:Invoked command in '/home/umdloop/Downloads/ros2_ws/build/zed_ros2' returned '0': AMENT_PREFIX_PATH=/home/umdloop/Downloads/ros2_ws/install/zed_wrapper:/home/umdloop/Downloads/ros2_ws/install/zed_components:${AMENT_PREFIX_PATH} CMAKE_PREFIX_PATH=/home/umdloop/Downloads/ros2_ws/install/zed_wrapper:/home/umdloop/Downloads/ros2_ws/install/zed_components:/opt/ros/humble LD_LIBRARY_PATH=/home/umdloop/Downloads/ros2_ws/install/zed_components/lib:${LD_LIBRARY_PATH} /usr/bin/cmake --install /home/umdloop/Downloads/ros2_ws/build/zed_ros2
[1.953s] Level 1:colcon.colcon_core.environment:checking '/home/umdloop/Downloads/ros2_ws/install/zed_ros2' for CMake config files
[1.954s] Level 1:colcon.colcon_core.shell:create_environment_hook('zed_ros2', 'cmake_prefix_path')
[1.954s] INFO:colcon.colcon_core.shell:Creating environment hook '/home/umdloop/Downloads/ros2_ws/install/zed_ros2/share/zed_ros2/hook/cmake_prefix_path.ps1'
[1.955s] INFO:colcon.colcon_core.shell:Creating environment descriptor '/home/umdloop/Downloads/ros2_ws/install/zed_ros2/share/zed_ros2/hook/cmake_prefix_path.dsv'
[1.956s] INFO:colcon.colcon_core.shell:Creating environment hook '/home/umdloop/Downloads/ros2_ws/install/zed_ros2/share/zed_ros2/hook/cmake_prefix_path.sh'
[1.958s] Level 1:colcon.colcon_core.environment:checking '/home/umdloop/Downloads/ros2_ws/install/zed_ros2/bin'
[1.958s] Level 1:colcon.colcon_core.environment:checking '/home/umdloop/Downloads/ros2_ws/install/zed_ros2/lib/pkgconfig/zed_ros2.pc'
[1.959s] Level 1:colcon.colcon_core.environment:checking '/home/umdloop/Downloads/ros2_ws/install/zed_ros2/lib/python3.10/site-packages'
[1.959s] Level 1:colcon.colcon_core.environment:checking '/home/umdloop/Downloads/ros2_ws/install/zed_ros2/bin'
[1.960s] INFO:colcon.colcon_core.shell:Creating package script '/home/umdloop/Downloads/ros2_ws/install/zed_ros2/share/zed_ros2/package.ps1'
[1.961s] INFO:colcon.colcon_core.shell:Creating package descriptor '/home/umdloop/Downloads/ros2_ws/install/zed_ros2/share/zed_ros2/package.dsv'
[1.962s] INFO:colcon.colcon_core.shell:Creating package script '/home/umdloop/Downloads/ros2_ws/install/zed_ros2/share/zed_ros2/package.sh'
[1.963s] INFO:colcon.colcon_core.shell:Creating package script '/home/umdloop/Downloads/ros2_ws/install/zed_ros2/share/zed_ros2/package.bash'
[1.963s] INFO:colcon.colcon_core.shell:Creating package script '/home/umdloop/Downloads/ros2_ws/install/zed_ros2/share/zed_ros2/package.zsh'
[1.964s] Level 1:colcon.colcon_core.environment:create_file_with_runtime_dependencies(/home/umdloop/Downloads/ros2_ws/install/zed_ros2/share/colcon-core/packages/zed_ros2)
[1.966s] Level 1:colcon.colcon_core.environment:create_environment_scripts_only(zed_ros2)
[1.967s] Level 1:colcon.colcon_core.environment:checking '/home/umdloop/Downloads/ros2_ws/install/zed_ros2' for CMake module files
[1.968s] Level 1:colcon.colcon_core.environment:checking '/home/umdloop/Downloads/ros2_ws/install/zed_ros2' for CMake config files
[1.969s] Level 1:colcon.colcon_core.shell:create_environment_hook('zed_ros2', 'cmake_prefix_path')
[1.969s] INFO:colcon.colcon_core.shell:Creating environment hook '/home/umdloop/Downloads/ros2_ws/install/zed_ros2/share/zed_ros2/hook/cmake_prefix_path.ps1'
[1.971s] INFO:colcon.colcon_core.shell:Creating environment descriptor '/home/umdloop/Downloads/ros2_ws/install/zed_ros2/share/zed_ros2/hook/cmake_prefix_path.dsv'
[1.972s] INFO:colcon.colcon_core.shell:Creating environment hook '/home/umdloop/Downloads/ros2_ws/install/zed_ros2/share/zed_ros2/hook/cmake_prefix_path.sh'
[1.973s] Level 1:colcon.colcon_core.environment:checking '/home/umdloop/Downloads/ros2_ws/install/zed_ros2/bin'
[1.973s] Level 1:colcon.colcon_core.environment:checking '/home/umdloop/Downloads/ros2_ws/install/zed_ros2/lib/pkgconfig/zed_ros2.pc'
[1.974s] Level 1:colcon.colcon_core.environment:checking '/home/umdloop/Downloads/ros2_ws/install/zed_ros2/lib/python3.10/site-packages'
[1.974s] Level 1:colcon.colcon_core.environment:checking '/home/umdloop/Downloads/ros2_ws/install/zed_ros2/bin'
[1.975s] INFO:colcon.colcon_core.shell:Creating package script '/home/umdloop/Downloads/ros2_ws/install/zed_ros2/share/zed_ros2/package.ps1'
[1.977s] INFO:colcon.colcon_core.shell:Creating package descriptor '/home/umdloop/Downloads/ros2_ws/install/zed_ros2/share/zed_ros2/package.dsv'
[1.978s] INFO:colcon.colcon_core.shell:Creating package script '/home/umdloop/Downloads/ros2_ws/install/zed_ros2/share/zed_ros2/package.sh'
[1.979s] INFO:colcon.colcon_core.shell:Creating package script '/home/umdloop/Downloads/ros2_ws/install/zed_ros2/share/zed_ros2/package.bash'
[1.981s] INFO:colcon.colcon_core.shell:Creating package script '/home/umdloop/Downloads/ros2_ws/install/zed_ros2/share/zed_ros2/package.zsh'
[1.982s] Level 1:colcon.colcon_core.environment:create_file_with_runtime_dependencies(/home/umdloop/Downloads/ros2_ws/install/zed_ros2/share/colcon-core/packages/zed_ros2)
[2.604s] DEBUG:colcon.colcon_core.event_handler.log_command:Invoking command in '/home/umdloop/Downloads/ros2_ws/src/my_package': AMENT_PREFIX_PATH=/home/umdloop/Downloads/ros2_ws/install/zed_wrapper:/home/umdloop/Downloads/ros2_ws/install/zed_components:${AMENT_PREFIX_PATH} CMAKE_PREFIX_PATH=/home/umdloop/Downloads/ros2_ws/install/zed_wrapper:/home/umdloop/Downloads/ros2_ws/install/zed_components LD_LIBRARY_PATH=/home/umdloop/Downloads/ros2_ws/install/zed_components/lib:${LD_LIBRARY_PATH} PYTHONPATH=/home/umdloop/Downloads/ros2_ws/build/my_package/prefix_override:/usr/lib/python3/dist-packages/colcon_core/task/python/colcon_distutils_commands:/home/umdloop/Downloads/ros2_ws/install/my_package/lib/python3.10/site-packages:${PYTHONPATH} /usr/bin/python3 -W ignore:setup.py install is deprecated -W ignore:easy_install command is deprecated setup.py egg_info --egg-base ../../build/my_package build --build-base /home/umdloop/Downloads/ros2_ws/build/my_package/build install --record /home/umdloop/Downloads/ros2_ws/build/my_package/install.log --single-version-externally-managed install_data
[3.211s] Level 1:colcon.colcon_core.environment:checking '/home/umdloop/Downloads/ros2_ws/install/my_package' for CMake module files
[3.213s] DEBUG:colcon.colcon_core.event_handler.log_command:Invoked command in '/home/umdloop/Downloads/ros2_ws/src/my_package' returned '0': AMENT_PREFIX_PATH=/home/umdloop/Downloads/ros2_ws/install/zed_wrapper:/home/umdloop/Downloads/ros2_ws/install/zed_components:${AMENT_PREFIX_PATH} CMAKE_PREFIX_PATH=/home/umdloop/Downloads/ros2_ws/install/zed_wrapper:/home/umdloop/Downloads/ros2_ws/install/zed_components LD_LIBRARY_PATH=/home/umdloop/Downloads/ros2_ws/install/zed_components/lib:${LD_LIBRARY_PATH} PYTHONPATH=/home/umdloop/Downloads/ros2_ws/build/my_package/prefix_override:/usr/lib/python3/dist-packages/colcon_core/task/python/colcon_distutils_commands:/home/umdloop/Downloads/ros2_ws/install/my_package/lib/python3.10/site-packages:${PYTHONPATH} /usr/bin/python3 -W ignore:setup.py install is deprecated -W ignore:easy_install command is deprecated setup.py egg_info --egg-base ../../build/my_package build --build-base /home/umdloop/Downloads/ros2_ws/build/my_package/build install --record /home/umdloop/Downloads/ros2_ws/build/my_package/install.log --single-version-externally-managed install_data
[3.214s] Level 1:colcon.colcon_core.environment:checking '/home/umdloop/Downloads/ros2_ws/install/my_package' for CMake config files
[3.216s] Level 1:colcon.colcon_core.environment:checking '/home/umdloop/Downloads/ros2_ws/install/my_package/lib'
[3.216s] Level 1:colcon.colcon_core.environment:checking '/home/umdloop/Downloads/ros2_ws/install/my_package/bin'
[3.216s] Level 1:colcon.colcon_core.environment:checking '/home/umdloop/Downloads/ros2_ws/install/my_package/lib/pkgconfig/my_package.pc'
[3.217s] Level 1:colcon.colcon_core.environment:checking '/home/umdloop/Downloads/ros2_ws/install/my_package/lib/python3.10/site-packages'
[3.217s] Level 1:colcon.colcon_core.shell:create_environment_hook('my_package', 'pythonpath')
[3.218s] INFO:colcon.colcon_core.shell:Creating environment hook '/home/umdloop/Downloads/ros2_ws/install/my_package/share/my_package/hook/pythonpath.ps1'
[3.219s] INFO:colcon.colcon_core.shell:Creating environment descriptor '/home/umdloop/Downloads/ros2_ws/install/my_package/share/my_package/hook/pythonpath.dsv'
[3.220s] INFO:colcon.colcon_core.shell:Creating environment hook '/home/umdloop/Downloads/ros2_ws/install/my_package/share/my_package/hook/pythonpath.sh'
[3.222s] Level 1:colcon.colcon_core.environment:checking '/home/umdloop/Downloads/ros2_ws/install/my_package/bin'
[3.222s] Level 1:colcon.colcon_core.environment:create_environment_scripts_only(my_package)
[3.223s] INFO:colcon.colcon_core.shell:Creating package script '/home/umdloop/Downloads/ros2_ws/install/my_package/share/my_package/package.ps1'
[3.225s] INFO:colcon.colcon_core.shell:Creating package descriptor '/home/umdloop/Downloads/ros2_ws/install/my_package/share/my_package/package.dsv'
[3.226s] INFO:colcon.colcon_core.shell:Creating package script '/home/umdloop/Downloads/ros2_ws/install/my_package/share/my_package/package.sh'
[3.227s] INFO:colcon.colcon_core.shell:Creating package script '/home/umdloop/Downloads/ros2_ws/install/my_package/share/my_package/package.bash'
[3.228s] INFO:colcon.colcon_core.shell:Creating package script '/home/umdloop/Downloads/ros2_ws/install/my_package/share/my_package/package.zsh'
[3.230s] Level 1:colcon.colcon_core.environment:create_file_with_runtime_dependencies(/home/umdloop/Downloads/ros2_ws/install/my_package/share/colcon-core/packages/my_package)
[3.231s] DEBUG:colcon.colcon_parallel_executor.executor.parallel:closing loop
[3.231s] DEBUG:colcon.colcon_parallel_executor.executor.parallel:loop closed
[3.231s] DEBUG:colcon.colcon_parallel_executor.executor.parallel:run_until_complete finished with '0'
[3.232s] DEBUG:colcon.colcon_core.event_reactor:joining thread
[3.248s] INFO:colcon.colcon_core.plugin_system:Skipping extension 'colcon_notification.desktop_notification.terminal_notifier': Not used on non-Darwin systems
[3.248s] INFO:colcon.colcon_core.plugin_system:Skipping extension 'colcon_notification.desktop_notification.win32': Not used on non-Windows systems
[3.248s] INFO:colcon.colcon_notification.desktop_notification:Sending desktop notification using 'notify2'
[3.289s] DEBUG:colcon.colcon_core.event_reactor:joined thread
[3.290s] INFO:colcon.colcon_core.shell:Creating prefix script '/home/umdloop/Downloads/ros2_ws/install/local_setup.ps1'
[3.293s] INFO:colcon.colcon_core.shell:Creating prefix util module '/home/umdloop/Downloads/ros2_ws/install/_local_setup_util_ps1.py'
[3.299s] INFO:colcon.colcon_core.shell:Creating prefix chain script '/home/umdloop/Downloads/ros2_ws/install/setup.ps1'
[3.303s] INFO:colcon.colcon_core.shell:Creating prefix script '/home/umdloop/Downloads/ros2_ws/install/local_setup.sh'
[3.306s] INFO:colcon.colcon_core.shell:Creating prefix util module '/home/umdloop/Downloads/ros2_ws/install/_local_setup_util_sh.py'
[3.308s] INFO:colcon.colcon_core.shell:Creating prefix chain script '/home/umdloop/Downloads/ros2_ws/install/setup.sh'
[3.312s] INFO:colcon.colcon_core.shell:Creating prefix script '/home/umdloop/Downloads/ros2_ws/install/local_setup.bash'
[3.314s] INFO:colcon.colcon_core.shell:Creating prefix chain script '/home/umdloop/Downloads/ros2_ws/install/setup.bash'
[3.318s] INFO:colcon.colcon_core.shell:Creating prefix script '/home/umdloop/Downloads/ros2_ws/install/local_setup.zsh'
[3.319s] INFO:colcon.colcon_core.shell:Creating prefix chain script '/home/umdloop/Downloads/ros2_ws/install/setup.zsh'
