[1.332s] Invoking command in '/home/umdloop/Downloads/ros2_ws/src/my_package': PYTHONPATH=/home/umdloop/Downloads/ros2_ws/build/my_package/prefix_override:/usr/lib/python3/dist-packages/colcon_core/task/python/colcon_distutils_commands:/home/umdloop/Downloads/ros2_ws/install/my_package/lib/python3.10/site-packages:${PYTHONPATH} /usr/bin/python3 -W ignore:setup.py install is deprecated -W ignore:easy_install command is deprecated setup.py egg_info --egg-base ../../build/my_package build --build-base /home/umdloop/Downloads/ros2_ws/build/my_package/build install --record /home/umdloop/Downloads/ros2_ws/build/my_package/install.log --single-version-externally-managed install_data
[1.805s] running egg_info
[1.805s] creating ../../build/my_package/my_package.egg-info
[1.806s] writing ../../build/my_package/my_package.egg-info/PKG-INFO
[1.806s] writing dependency_links to ../../build/my_package/my_package.egg-info/dependency_links.txt
[1.807s] writing entry points to ../../build/my_package/my_package.egg-info/entry_points.txt
[1.807s] writing requirements to ../../build/my_package/my_package.egg-info/requires.txt
[1.807s] writing top-level names to ../../build/my_package/my_package.egg-info/top_level.txt
[1.807s] writing manifest file '../../build/my_package/my_package.egg-info/SOURCES.txt'
[1.813s] reading manifest file '../../build/my_package/my_package.egg-info/SOURCES.txt'
[1.814s] writing manifest file '../../build/my_package/my_package.egg-info/SOURCES.txt'
[1.814s] running build
[1.814s] running build_py
[1.815s] creating /home/umdloop/Downloads/ros2_ws/build/my_package/build
[1.815s] creating /home/umdloop/Downloads/ros2_ws/build/my_package/build/lib
[1.815s] creating /home/umdloop/Downloads/ros2_ws/build/my_package/build/lib/my_package
[1.815s] copying my_package/image_publisher.py -> /home/umdloop/Downloads/ros2_ws/build/my_package/build/lib/my_package
[1.815s] copying my_package/__init__.py -> /home/umdloop/Downloads/ros2_ws/build/my_package/build/lib/my_package
[1.815s] copying my_package/img_inference.py -> /home/umdloop/Downloads/ros2_ws/build/my_package/build/lib/my_package
[1.816s] copying my_package/my_node.py -> /home/umdloop/Downloads/ros2_ws/build/my_package/build/lib/my_package
[1.816s] running install
[1.817s] running install_lib
[1.818s] creating /home/umdloop/Downloads/ros2_ws/install/my_package/lib/python3.10/site-packages/my_package
[1.818s] copying /home/umdloop/Downloads/ros2_ws/build/my_package/build/lib/my_package/image_publisher.py -> /home/umdloop/Downloads/ros2_ws/install/my_package/lib/python3.10/site-packages/my_package
[1.818s] copying /home/umdloop/Downloads/ros2_ws/build/my_package/build/lib/my_package/__init__.py -> /home/umdloop/Downloads/ros2_ws/install/my_package/lib/python3.10/site-packages/my_package
[1.819s] copying /home/umdloop/Downloads/ros2_ws/build/my_package/build/lib/my_package/img_inference.py -> /home/umdloop/Downloads/ros2_ws/install/my_package/lib/python3.10/site-packages/my_package
[1.819s] copying /home/umdloop/Downloads/ros2_ws/build/my_package/build/lib/my_package/my_node.py -> /home/umdloop/Downloads/ros2_ws/install/my_package/lib/python3.10/site-packages/my_package
[1.820s] byte-compiling /home/umdloop/Downloads/ros2_ws/install/my_package/lib/python3.10/site-packages/my_package/image_publisher.py to image_publisher.cpython-310.pyc
[1.821s] byte-compiling /home/umdloop/Downloads/ros2_ws/install/my_package/lib/python3.10/site-packages/my_package/__init__.py to __init__.cpython-310.pyc
[1.822s] byte-compiling /home/umdloop/Downloads/ros2_ws/install/my_package/lib/python3.10/site-packages/my_package/img_inference.py to img_inference.cpython-310.pyc
[1.823s] byte-compiling /home/umdloop/Downloads/ros2_ws/install/my_package/lib/python3.10/site-packages/my_package/my_node.py to my_node.cpython-310.pyc
[1.823s] running install_data
[1.823s] creating /home/umdloop/Downloads/ros2_ws/install/my_package/share/ament_index
[1.824s] creating /home/umdloop/Downloads/ros2_ws/install/my_package/share/ament_index/resource_index
[1.824s] creating /home/umdloop/Downloads/ros2_ws/install/my_package/share/ament_index/resource_index/packages
[1.824s] copying resource/my_package -> /home/umdloop/Downloads/ros2_ws/install/my_package/share/ament_index/resource_index/packages
[1.824s] copying package.xml -> /home/umdloop/Downloads/ros2_ws/install/my_package/share/my_package
[1.824s] running install_egg_info
[1.828s] Copying ../../build/my_package/my_package.egg-info to /home/umdloop/Downloads/ros2_ws/install/my_package/lib/python3.10/site-packages/my_package-0.0.0-py3.10.egg-info
[1.830s] running install_scripts
[1.868s] Installing inference script to /home/umdloop/Downloads/ros2_ws/install/my_package/lib/my_package
[1.868s] Installing my_node script to /home/umdloop/Downloads/ros2_ws/install/my_package/lib/my_package
[1.869s] Installing yolo script to /home/umdloop/Downloads/ros2_ws/install/my_package/lib/my_package
[1.869s] writing list of installed files to '/home/umdloop/Downloads/ros2_ws/build/my_package/install.log'
[1.935s] Invoked command in '/home/umdloop/Downloads/ros2_ws/src/my_package' returned '0': PYTHONPATH=/home/umdloop/Downloads/ros2_ws/build/my_package/prefix_override:/usr/lib/python3/dist-packages/colcon_core/task/python/colcon_distutils_commands:/home/umdloop/Downloads/ros2_ws/install/my_package/lib/python3.10/site-packages:${PYTHONPATH} /usr/bin/python3 -W ignore:setup.py install is deprecated -W ignore:easy_install command is deprecated setup.py egg_info --egg-base ../../build/my_package build --build-base /home/umdloop/Downloads/ros2_ws/build/my_package/build install --record /home/umdloop/Downloads/ros2_ws/build/my_package/install.log --single-version-externally-managed install_data
