[0.036s] Invoking command in '/home/umdloop/Downloads/ros2_ws/build/zed_components': CMAKE_PREFIX_PATH=/home/umdloop/Downloads/ros2_ws/install/my_package:/opt/ros/humble /usr/bin/cmake /home/umdloop/Downloads/ros2_ws/src/zed-ros2-wrapper/zed_components -DCMAKE_INSTALL_PREFIX=/home/umdloop/Downloads/ros2_ws/install/zed_components
[0.696s] -- The C compiler identification is GNU 11.4.0
[1.086s] -- The CXX compiler identification is GNU 11.4.0
[1.113s] -- Detecting C compiler ABI info
[1.249s] -- Detecting C compiler ABI info - done
[1.260s] -- Check for working C compiler: /usr/bin/cc - skipped
[1.262s] -- Detecting C compile features
[1.264s] -- Detecting C compile features - done
[1.271s] -- Detecting CXX compiler ABI info
[1.453s] -- Detecting CXX compiler ABI info - done
[1.467s] -- Check for working CXX compiler: /usr/bin/c++ - skipped
[1.468s] -- Detecting CXX compile features
[1.470s] -- Detecting CXX compile features - done
[1.503s] -- Looking for sgemm_
[1.636s] -- Looking for sgemm_ - not found
[1.642s] -- Looking for pthread.h
[1.806s] -- Looking for pthread.h - found
[1.807s] -- Performing Test CMAKE_HAVE_LIBC_PTHREAD
[1.940s] -- Performing Test CMAKE_HAVE_LIBC_PTHREAD - Success
[1.942s] -- Found Threads: TRUE  
[2.000s] -- Looking for sgemm_
[2.226s] -- Looking for sgemm_ - found
[2.228s] -- Found BLAS: /usr/lib/aarch64-linux-gnu/libopenblas.so  
[2.402s] -- Found CUDA: /usr/local/cuda (found suitable version "12.6", minimum required is "12.6") 
[2.468s] -- Found CUDA: /usr/local/cuda (found version "12.6") 
[2.475s] -- Found ament_cmake_auto: 1.3.11 (/opt/ros/humble/share/ament_cmake_auto/cmake)
[2.855s] -- Found Python3: /usr/bin/python3 (found version "3.10.12") found components: Interpreter 
[3.505s] -- Found rosidl_generator_c: 3.1.6 (/opt/ros/humble/share/rosidl_generator_c/cmake)
[3.518s] -- Found rosidl_adapter: 3.1.6 (/opt/ros/humble/share/rosidl_adapter/cmake)
[3.549s] -- Found rosidl_generator_cpp: 3.1.6 (/opt/ros/humble/share/rosidl_generator_cpp/cmake)
[3.586s] -- Using all available rosidl_typesupport_c: rosidl_typesupport_fastrtps_c;rosidl_typesupport_introspection_c
[3.640s] -- Using all available rosidl_typesupport_cpp: rosidl_typesupport_fastrtps_cpp;rosidl_typesupport_introspection_cpp
[4.038s] -- Found rmw_implementation_cmake: 6.1.2 (/opt/ros/humble/share/rmw_implementation_cmake/cmake)
[4.049s] -- Found rmw_cyclonedds_cpp: 1.3.4 (/opt/ros/humble/share/rmw_cyclonedds_cpp/cmake)
[4.128s] -- Using RMW implementation 'rmw_cyclonedds_cpp' as default
[4.873s] -- Found eigen3_cmake_module: 0.1.1 (/opt/ros/humble/share/eigen3_cmake_module/cmake)
[4.877s] -- Found Eigen3: TRUE (found version "3.4.0") 
[4.877s] -- Ensuring Eigen3 include directory is part of orocos-kdl CMake target
[5.159s] -- Found ament_lint_auto: 0.12.11 (/opt/ros/humble/share/ament_lint_auto/cmake)
[5.240s] -- Added test 'copyright' to check source files copyright and LICENSE
[5.245s] -- Added test 'cppcheck' to perform static code analysis on C / C++ code
[5.245s] -- Configured cppcheck include dirs: /home/umdloop/Downloads/ros2_ws/src/zed-ros2-wrapper/zed_components/src/include;/home/umdloop/Downloads/ros2_ws/src/zed-ros2-wrapper/zed_components/src/zed_camera/include;/home/umdloop/Downloads/ros2_ws/src/zed-ros2-wrapper/zed_components/src/tools/include
[5.246s] -- Configured cppcheck exclude dirs and/or files: 
[5.248s] -- Added test 'lint_cmake' to check CMake code style
[5.253s] -- Added test 'uncrustify' to check C / C++ code style
[5.253s] -- Configured uncrustify additional arguments: 
[5.254s] -- Added test 'xmllint' to check XML markup files
[5.267s] -- Configuring done
[5.351s] -- Generating done
[5.370s] -- Build files have been written to: /home/umdloop/Downloads/ros2_ws/build/zed_components
[5.399s] Invoked command in '/home/umdloop/Downloads/ros2_ws/build/zed_components' returned '0': CMAKE_PREFIX_PATH=/home/umdloop/Downloads/ros2_ws/install/my_package:/opt/ros/humble /usr/bin/cmake /home/umdloop/Downloads/ros2_ws/src/zed-ros2-wrapper/zed_components -DCMAKE_INSTALL_PREFIX=/home/umdloop/Downloads/ros2_ws/install/zed_components
[5.405s] Invoking command in '/home/umdloop/Downloads/ros2_ws/build/zed_components': CMAKE_PREFIX_PATH=/home/umdloop/Downloads/ros2_ws/install/my_package:/opt/ros/humble /usr/bin/cmake --build /home/umdloop/Downloads/ros2_ws/build/zed_components -- -j6 -l6
[5.517s] [ 20%] [32mBuilding CXX object CMakeFiles/zed_camera_one_component.dir/src/zed_camera/src/zed_camera_one_component.cpp.o[0m
[5.517s] [ 20%] [32mBuilding CXX object CMakeFiles/zed_camera_one_component.dir/src/tools/src/sl_tools.cpp.o[0m
[5.518s] [ 40%] [32mBuilding CXX object CMakeFiles/zed_camera_component.dir/src/tools/src/sl_tools.cpp.o[0m
[5.518s] [ 40%] [32mBuilding CXX object CMakeFiles/zed_camera_one_component.dir/src/tools/src/sl_win_avg.cpp.o[0m
[5.519s] [ 50%] [32mBuilding CXX object CMakeFiles/zed_camera_component.dir/src/tools/src/sl_win_avg.cpp.o[0m
[5.523s] [ 60%] [32mBuilding CXX object CMakeFiles/zed_camera_one_component.dir/src/tools/src/gnss_replay.cpp.o[0m
[6.700s] [ 70%] [32mBuilding CXX object CMakeFiles/zed_camera_component.dir/src/tools/src/gnss_replay.cpp.o[0m
[6.799s] [ 80%] [32mBuilding CXX object CMakeFiles/zed_camera_component.dir/src/zed_camera/src/zed_camera_component.cpp.o[0m
[54.724s] [ 90%] [32m[1mLinking CXX shared library libzed_camera_one_component.so[0m
[56.388s] [ 90%] Built target zed_camera_one_component
[164.060s] [100%] [32m[1mLinking CXX shared library libzed_camera_component.so[0m
[165.429s] [100%] Built target zed_camera_component
[165.457s] Invoked command in '/home/umdloop/Downloads/ros2_ws/build/zed_components' returned '0': CMAKE_PREFIX_PATH=/home/umdloop/Downloads/ros2_ws/install/my_package:/opt/ros/humble /usr/bin/cmake --build /home/umdloop/Downloads/ros2_ws/build/zed_components -- -j6 -l6
[165.479s] Invoking command in '/home/umdloop/Downloads/ros2_ws/build/zed_components': CMAKE_PREFIX_PATH=/home/umdloop/Downloads/ros2_ws/install/my_package:/opt/ros/humble /usr/bin/cmake --install /home/umdloop/Downloads/ros2_ws/build/zed_components
[165.537s] -- Install configuration: "Release"
[165.537s] -- Installing: /home/umdloop/Downloads/ros2_ws/install/zed_components/lib/libzed_camera_component.so
[165.553s] -- Set runtime path of "/home/umdloop/Downloads/ros2_ws/install/zed_components/lib/libzed_camera_component.so" to ""
[165.554s] -- Installing: /home/umdloop/Downloads/ros2_ws/install/zed_components/lib/libzed_camera_one_component.so
[165.558s] -- Set runtime path of "/home/umdloop/Downloads/ros2_ws/install/zed_components/lib/libzed_camera_one_component.so" to ""
[165.558s] -- Installing: /home/umdloop/Downloads/ros2_ws/install/zed_components/include/zed_components/
[165.558s] -- Installing: /home/umdloop/Downloads/ros2_ws/install/zed_components/include/zed_components//cost_traversability.hpp
[165.559s] -- Installing: /home/umdloop/Downloads/ros2_ws/install/zed_components/include/zed_components//zed_camera_one_component.hpp
[165.561s] -- Installing: /home/umdloop/Downloads/ros2_ws/install/zed_components/include/zed_components//sl_types.hpp
[165.561s] -- Installing: /home/umdloop/Downloads/ros2_ws/install/zed_components/include/zed_components//zed_camera_component.hpp
[165.562s] -- Up-to-date: /home/umdloop/Downloads/ros2_ws/install/zed_components/include/zed_components/
[165.563s] -- Installing: /home/umdloop/Downloads/ros2_ws/install/zed_components/include/zed_components//sl_tools.hpp
[165.563s] -- Installing: /home/umdloop/Downloads/ros2_ws/install/zed_components/include/zed_components//json.hpp
[165.572s] -- Installing: /home/umdloop/Downloads/ros2_ws/install/zed_components/include/zed_components//sl_logging.hpp
[165.572s] -- Installing: /home/umdloop/Downloads/ros2_ws/install/zed_components/include/zed_components//gnss_replay.hpp
[165.572s] -- Installing: /home/umdloop/Downloads/ros2_ws/install/zed_components/include/zed_components//sl_win_avg.hpp
[165.573s] -- Up-to-date: /home/umdloop/Downloads/ros2_ws/install/zed_components/include/zed_components/
[165.573s] -- Installing: /home/umdloop/Downloads/ros2_ws/install/zed_components/include/zed_components//visibility_control.hpp
[165.573s] -- Installing: /home/umdloop/Downloads/ros2_ws/install/zed_components/share/zed_components/environment/library_path.sh
[165.575s] -- Installing: /home/umdloop/Downloads/ros2_ws/install/zed_components/share/zed_components/environment/library_path.dsv
[165.575s] -- Installing: /home/umdloop/Downloads/ros2_ws/install/zed_components/share/ament_index/resource_index/package_run_dependencies/zed_components
[165.575s] -- Installing: /home/umdloop/Downloads/ros2_ws/install/zed_components/share/ament_index/resource_index/parent_prefix_path/zed_components
[165.576s] -- Installing: /home/umdloop/Downloads/ros2_ws/install/zed_components/share/zed_components/environment/ament_prefix_path.sh
[165.576s] -- Installing: /home/umdloop/Downloads/ros2_ws/install/zed_components/share/zed_components/environment/ament_prefix_path.dsv
[165.576s] -- Installing: /home/umdloop/Downloads/ros2_ws/install/zed_components/share/zed_components/environment/path.sh
[165.577s] -- Installing: /home/umdloop/Downloads/ros2_ws/install/zed_components/share/zed_components/environment/path.dsv
[165.577s] -- Installing: /home/umdloop/Downloads/ros2_ws/install/zed_components/share/zed_components/local_setup.bash
[165.578s] -- Installing: /home/umdloop/Downloads/ros2_ws/install/zed_components/share/zed_components/local_setup.sh
[165.578s] -- Installing: /home/umdloop/Downloads/ros2_ws/install/zed_components/share/zed_components/local_setup.zsh
[165.578s] -- Installing: /home/umdloop/Downloads/ros2_ws/install/zed_components/share/zed_components/local_setup.dsv
[165.579s] -- Installing: /home/umdloop/Downloads/ros2_ws/install/zed_components/share/zed_components/package.dsv
[165.579s] -- Installing: /home/umdloop/Downloads/ros2_ws/install/zed_components/share/ament_index/resource_index/packages/zed_components
[165.579s] -- Installing: /home/umdloop/Downloads/ros2_ws/install/zed_components/share/ament_index/resource_index/rclcpp_components/zed_components
[165.580s] -- Installing: /home/umdloop/Downloads/ros2_ws/install/zed_components/share/zed_components/cmake/ament_cmake_export_include_directories-extras.cmake
[165.580s] -- Installing: /home/umdloop/Downloads/ros2_ws/install/zed_components/share/zed_components/cmake/ament_cmake_export_libraries-extras.cmake
[165.580s] -- Installing: /home/umdloop/Downloads/ros2_ws/install/zed_components/share/zed_components/cmake/ament_cmake_export_dependencies-extras.cmake
[165.581s] -- Installing: /home/umdloop/Downloads/ros2_ws/install/zed_components/share/zed_components/cmake/zed_componentsConfig.cmake
[165.581s] -- Installing: /home/umdloop/Downloads/ros2_ws/install/zed_components/share/zed_components/cmake/zed_componentsConfig-version.cmake
[165.581s] -- Installing: /home/umdloop/Downloads/ros2_ws/install/zed_components/share/zed_components/package.xml
[165.588s] Invoked command in '/home/umdloop/Downloads/ros2_ws/build/zed_components' returned '0': CMAKE_PREFIX_PATH=/home/umdloop/Downloads/ros2_ws/install/my_package:/opt/ros/humble /usr/bin/cmake --install /home/umdloop/Downloads/ros2_ws/build/zed_components
