[0.025s] Invoking command in '/home/umdloop/Downloads/ros2_ws/build/zed_wrapper': AMENT_PREFIX_PATH=/home/umdloop/Downloads/ros2_ws/install/zed_components:${AMENT_PREFIX_PATH} CMAKE_PREFIX_PATH=/home/umdloop/Downloads/ros2_ws/install/zed_components:/opt/ros/humble LD_LIBRARY_PATH=/home/umdloop/Downloads/ros2_ws/install/zed_components/lib:${LD_LIBRARY_PATH} /usr/bin/cmake --build /home/umdloop/Downloads/ros2_ws/build/zed_wrapper -- -j6 -l6
[0.122s] Invoked command in '/home/umdloop/Downloads/ros2_ws/build/zed_wrapper' returned '0': AMENT_PREFIX_PATH=/home/umdloop/Downloads/ros2_ws/install/zed_components:${AMENT_PREFIX_PATH} CMAKE_PREFIX_PATH=/home/umdloop/Downloads/ros2_ws/install/zed_components:/opt/ros/humble LD_LIBRARY_PATH=/home/umdloop/Downloads/ros2_ws/install/zed_components/lib:${LD_LIBRARY_PATH} /usr/bin/cmake --build /home/umdloop/Downloads/ros2_ws/build/zed_wrapper -- -j6 -l6
[0.125s] Invoking command in '/home/umdloop/Downloads/ros2_ws/build/zed_wrapper': AMENT_PREFIX_PATH=/home/umdloop/Downloads/ros2_ws/install/zed_components:${AMENT_PREFIX_PATH} CMAKE_PREFIX_PATH=/home/umdloop/Downloads/ros2_ws/install/zed_components:/opt/ros/humble LD_LIBRARY_PATH=/home/umdloop/Downloads/ros2_ws/install/zed_components/lib:${LD_LIBRARY_PATH} /usr/bin/cmake --install /home/umdloop/Downloads/ros2_ws/build/zed_wrapper
[0.139s] -- Install configuration: ""
[0.139s] -- Up-to-date: /home/umdloop/Downloads/ros2_ws/install/zed_wrapper/share/zed_wrapper/config
[0.139s] -- Up-to-date: /home/umdloop/Downloads/ros2_ws/install/zed_wrapper/share/zed_wrapper/config/zed2i.yaml
[0.140s] -- Up-to-date: /home/umdloop/Downloads/ros2_ws/install/zed_wrapper/share/zed_wrapper/config/zedxonegs.yaml
[0.140s] -- Up-to-date: /home/umdloop/Downloads/ros2_ws/install/zed_wrapper/share/zed_wrapper/config/zedx.yaml
[0.140s] -- Up-to-date: /home/umdloop/Downloads/ros2_ws/install/zed_wrapper/share/zed_wrapper/config/common_mono.yaml
[0.140s] -- Up-to-date: /home/umdloop/Downloads/ros2_ws/install/zed_wrapper/share/zed_wrapper/config/zedxone4k.yaml
[0.140s] -- Up-to-date: /home/umdloop/Downloads/ros2_ws/install/zed_wrapper/share/zed_wrapper/config/zedxm.yaml
[0.140s] -- Up-to-date: /home/umdloop/Downloads/ros2_ws/install/zed_wrapper/share/zed_wrapper/config/ffmpeg.yaml
[0.140s] -- Up-to-date: /home/umdloop/Downloads/ros2_ws/install/zed_wrapper/share/zed_wrapper/config/zedm.yaml
[0.141s] -- Up-to-date: /home/umdloop/Downloads/ros2_ws/install/zed_wrapper/share/zed_wrapper/config/common_stereo.yaml
[0.141s] -- Up-to-date: /home/umdloop/Downloads/ros2_ws/install/zed_wrapper/share/zed_wrapper/config/virtual.yaml
[0.141s] -- Up-to-date: /home/umdloop/Downloads/ros2_ws/install/zed_wrapper/share/zed_wrapper/config/zed2.yaml
[0.141s] -- Up-to-date: /home/umdloop/Downloads/ros2_ws/install/zed_wrapper/share/zed_wrapper/config/zed.yaml
[0.141s] -- Up-to-date: /home/umdloop/Downloads/ros2_ws/install/zed_wrapper/share/zed_wrapper/urdf
[0.141s] -- Up-to-date: /home/umdloop/Downloads/ros2_ws/install/zed_wrapper/share/zed_wrapper/urdf/zed_descr.urdf.xacro
[0.142s] -- Up-to-date: /home/umdloop/Downloads/ros2_ws/install/zed_wrapper/share/zed_wrapper/urdf/zed_macro.urdf.xacro
[0.142s] -- Up-to-date: /home/umdloop/Downloads/ros2_ws/install/zed_wrapper/share/zed_wrapper/urdf/include
[0.142s] -- Up-to-date: /home/umdloop/Downloads/ros2_ws/install/zed_wrapper/share/zed_wrapper/urdf/include/materials.urdf.xacro
[0.144s] -- Up-to-date: /home/umdloop/Downloads/ros2_ws/install/zed_wrapper/share/zed_wrapper/launch
[0.144s] -- Up-to-date: /home/umdloop/Downloads/ros2_ws/install/zed_wrapper/share/zed_wrapper/launch/zed_camera.launch.py
[0.144s] -- Up-to-date: /home/umdloop/Downloads/ros2_ws/install/zed_wrapper/share/ament_index/resource_index/package_run_dependencies/zed_wrapper
[0.144s] -- Up-to-date: /home/umdloop/Downloads/ros2_ws/install/zed_wrapper/share/ament_index/resource_index/parent_prefix_path/zed_wrapper
[0.145s] -- Up-to-date: /home/umdloop/Downloads/ros2_ws/install/zed_wrapper/share/zed_wrapper/environment/ament_prefix_path.sh
[0.147s] -- Up-to-date: /home/umdloop/Downloads/ros2_ws/install/zed_wrapper/share/zed_wrapper/environment/ament_prefix_path.dsv
[0.151s] -- Up-to-date: /home/umdloop/Downloads/ros2_ws/install/zed_wrapper/share/zed_wrapper/environment/path.sh
[0.151s] -- Up-to-date: /home/umdloop/Downloads/ros2_ws/install/zed_wrapper/share/zed_wrapper/environment/path.dsv
[0.151s] -- Up-to-date: /home/umdloop/Downloads/ros2_ws/install/zed_wrapper/share/zed_wrapper/local_setup.bash
[0.151s] -- Up-to-date: /home/umdloop/Downloads/ros2_ws/install/zed_wrapper/share/zed_wrapper/local_setup.sh
[0.153s] -- Up-to-date: /home/umdloop/Downloads/ros2_ws/install/zed_wrapper/share/zed_wrapper/local_setup.zsh
[0.153s] -- Up-to-date: /home/umdloop/Downloads/ros2_ws/install/zed_wrapper/share/zed_wrapper/local_setup.dsv
[0.153s] -- Installing: /home/umdloop/Downloads/ros2_ws/install/zed_wrapper/share/zed_wrapper/package.dsv
[0.153s] -- Up-to-date: /home/umdloop/Downloads/ros2_ws/install/zed_wrapper/share/ament_index/resource_index/packages/zed_wrapper
[0.155s] -- Up-to-date: /home/umdloop/Downloads/ros2_ws/install/zed_wrapper/share/zed_wrapper/cmake/zed_wrapperConfig.cmake
[0.156s] -- Up-to-date: /home/umdloop/Downloads/ros2_ws/install/zed_wrapper/share/zed_wrapper/cmake/zed_wrapperConfig-version.cmake
[0.156s] -- Up-to-date: /home/umdloop/Downloads/ros2_ws/install/zed_wrapper/share/zed_wrapper/package.xml
[0.156s] Invoked command in '/home/umdloop/Downloads/ros2_ws/build/zed_wrapper' returned '0': AMENT_PREFIX_PATH=/home/umdloop/Downloads/ros2_ws/install/zed_components:${AMENT_PREFIX_PATH} CMAKE_PREFIX_PATH=/home/umdloop/Downloads/ros2_ws/install/zed_components:/opt/ros/humble LD_LIBRARY_PATH=/home/umdloop/Downloads/ros2_ws/install/zed_components/lib:${LD_LIBRARY_PATH} /usr/bin/cmake --install /home/umdloop/Downloads/ros2_ws/build/zed_wrapper
