[0.212s] DEBUG:colcon:Command line arguments: ['/usr/bin/colcon', 'build']
[0.213s] DEBUG:colcon:Parsed command line arguments: Namespace(log_base=None, log_level=None, verb_name='build', build_base='build', install_base='install', merge_install=False, symlink_install=False, test_result_base=None, continue_on_error=False, executor='parallel', parallel_workers=6, event_handlers=None, ignore_user_meta=False, metas=['./colcon.meta'], base_paths=['.'], packages_ignore=None, packages_ignore_regex=None, paths=None, packages_up_to=None, packages_up_to_regex=None, packages_above=None, packages_above_and_dependencies=None, packages_above_depth=None, packages_select_by_dep=None, packages_skip_by_dep=None, packages_skip_up_to=None, packages_select_build_failed=False, packages_skip_build_finished=False, packages_select_test_failures=False, packages_skip_test_passed=False, packages_select=None, packages_skip=None, packages_select_regex=None, packages_skip_regex=None, packages_start=None, packages_end=None, allow_overriding=[], cmake_args=None, cmake_target=None, cmake_target_skip_unavailable=False, cmake_clean_cache=False, cmake_clean_first=False, cmake_force_configure=False, ament_cmake_args=None, catkin_cmake_args=None, catkin_skip_building_tests=False, mixin_files=None, mixin=None, verb_parser=<colcon_mixin.mixin.mixin_argument.MixinArgumentDecorator object at 0xffffbc041990>, verb_extension=<colcon_core.verb.build.BuildVerb object at 0xffffbc0414e0>, main=<bound method BuildVerb.main of <colcon_core.verb.build.BuildVerb object at 0xffffbc0414e0>>, mixin_verb=('build',))
[0.548s] Level 1:colcon.colcon_core.package_discovery:discover_packages(colcon_meta) check parameters
[0.548s] Level 1:colcon.colcon_core.package_discovery:discover_packages(recursive) check parameters
[0.548s] Level 1:colcon.colcon_core.package_discovery:discover_packages(ignore) check parameters
[0.548s] Level 1:colcon.colcon_core.package_discovery:discover_packages(path) check parameters
[0.549s] Level 1:colcon.colcon_core.package_discovery:discover_packages(colcon_meta) discover
[0.549s] Level 1:colcon.colcon_core.package_discovery:discover_packages(recursive) discover
[0.549s] INFO:colcon.colcon_core.package_discovery:Crawling recursively for packages in '/home/umdloop/Downloads/ros2_ws'
[0.549s] Level 1:colcon.colcon_core.package_identification:_identify(.) by extensions ['ignore', 'ignore_ament_install']
[0.549s] Level 1:colcon.colcon_core.package_identification:_identify(.) by extension 'ignore'
[0.549s] Level 1:colcon.colcon_core.package_identification:_identify(.) by extension 'ignore_ament_install'
[0.549s] Level 1:colcon.colcon_core.package_identification:_identify(.) by extensions ['colcon_pkg']
[0.550s] Level 1:colcon.colcon_core.package_identification:_identify(.) by extension 'colcon_pkg'
[0.550s] Level 1:colcon.colcon_core.package_identification:_identify(.) by extensions ['colcon_meta']
[0.550s] Level 1:colcon.colcon_core.package_identification:_identify(.) by extension 'colcon_meta'
[0.550s] Level 1:colcon.colcon_core.package_identification:_identify(.) by extensions ['ros']
[0.550s] Level 1:colcon.colcon_core.package_identification:_identify(.) by extension 'ros'
[0.570s] Level 1:colcon.colcon_core.package_identification:_identify(.) by extensions ['cmake', 'python']
[0.571s] Level 1:colcon.colcon_core.package_identification:_identify(.) by extension 'cmake'
[0.571s] Level 1:colcon.colcon_core.package_identification:_identify(.) by extension 'python'
[0.571s] Level 1:colcon.colcon_core.package_identification:_identify(.) by extensions ['python_setup_py']
[0.571s] Level 1:colcon.colcon_core.package_identification:_identify(.) by extension 'python_setup_py'
[0.571s] Level 1:colcon.colcon_core.package_identification:_identify(build) by extensions ['ignore', 'ignore_ament_install']
[0.571s] Level 1:colcon.colcon_core.package_identification:_identify(build) by extension 'ignore'
[0.572s] Level 1:colcon.colcon_core.package_identification:_identify(build) ignored
[0.572s] Level 1:colcon.colcon_core.package_identification:_identify(install) by extensions ['ignore', 'ignore_ament_install']
[0.572s] Level 1:colcon.colcon_core.package_identification:_identify(install) by extension 'ignore'
[0.572s] Level 1:colcon.colcon_core.package_identification:_identify(install) ignored
[0.572s] Level 1:colcon.colcon_core.package_identification:_identify(log) by extensions ['ignore', 'ignore_ament_install']
[0.573s] Level 1:colcon.colcon_core.package_identification:_identify(log) by extension 'ignore'
[0.573s] Level 1:colcon.colcon_core.package_identification:_identify(log) ignored
[0.573s] Level 1:colcon.colcon_core.package_identification:_identify(src) by extensions ['ignore', 'ignore_ament_install']
[0.573s] Level 1:colcon.colcon_core.package_identification:_identify(src) by extension 'ignore'
[0.573s] Level 1:colcon.colcon_core.package_identification:_identify(src) by extension 'ignore_ament_install'
[0.573s] Level 1:colcon.colcon_core.package_identification:_identify(src) by extensions ['colcon_pkg']
[0.573s] Level 1:colcon.colcon_core.package_identification:_identify(src) by extension 'colcon_pkg'
[0.573s] Level 1:colcon.colcon_core.package_identification:_identify(src) by extensions ['colcon_meta']
[0.573s] Level 1:colcon.colcon_core.package_identification:_identify(src) by extension 'colcon_meta'
[0.574s] Level 1:colcon.colcon_core.package_identification:_identify(src) by extensions ['ros']
[0.574s] Level 1:colcon.colcon_core.package_identification:_identify(src) by extension 'ros'
[0.574s] Level 1:colcon.colcon_core.package_identification:_identify(src) by extensions ['cmake', 'python']
[0.574s] Level 1:colcon.colcon_core.package_identification:_identify(src) by extension 'cmake'
[0.574s] Level 1:colcon.colcon_core.package_identification:_identify(src) by extension 'python'
[0.574s] Level 1:colcon.colcon_core.package_identification:_identify(src) by extensions ['python_setup_py']
[0.574s] Level 1:colcon.colcon_core.package_identification:_identify(src) by extension 'python_setup_py'
[0.574s] Level 1:colcon.colcon_core.package_identification:_identify(src/my_package) by extensions ['ignore', 'ignore_ament_install']
[0.574s] Level 1:colcon.colcon_core.package_identification:_identify(src/my_package) by extension 'ignore'
[0.575s] Level 1:colcon.colcon_core.package_identification:_identify(src/my_package) by extension 'ignore_ament_install'
[0.575s] Level 1:colcon.colcon_core.package_identification:_identify(src/my_package) by extensions ['colcon_pkg']
[0.575s] Level 1:colcon.colcon_core.package_identification:_identify(src/my_package) by extension 'colcon_pkg'
[0.575s] Level 1:colcon.colcon_core.package_identification:_identify(src/my_package) by extensions ['colcon_meta']
[0.575s] Level 1:colcon.colcon_core.package_identification:_identify(src/my_package) by extension 'colcon_meta'
[0.575s] Level 1:colcon.colcon_core.package_identification:_identify(src/my_package) by extensions ['ros']
[0.575s] Level 1:colcon.colcon_core.package_identification:_identify(src/my_package) by extension 'ros'
[0.580s] DEBUG:colcon.colcon_core.package_identification:Package 'src/my_package' with type 'ros.ament_python' and name 'my_package'
[0.580s] Level 1:colcon.colcon_core.package_identification:_identify(src/zed-ros2-wrapper) by extensions ['ignore', 'ignore_ament_install']
[0.581s] Level 1:colcon.colcon_core.package_identification:_identify(src/zed-ros2-wrapper) by extension 'ignore'
[0.581s] Level 1:colcon.colcon_core.package_identification:_identify(src/zed-ros2-wrapper) by extension 'ignore_ament_install'
[0.581s] Level 1:colcon.colcon_core.package_identification:_identify(src/zed-ros2-wrapper) by extensions ['colcon_pkg']
[0.581s] Level 1:colcon.colcon_core.package_identification:_identify(src/zed-ros2-wrapper) by extension 'colcon_pkg'
[0.581s] Level 1:colcon.colcon_core.package_identification:_identify(src/zed-ros2-wrapper) by extensions ['colcon_meta']
[0.581s] Level 1:colcon.colcon_core.package_identification:_identify(src/zed-ros2-wrapper) by extension 'colcon_meta'
[0.581s] Level 1:colcon.colcon_core.package_identification:_identify(src/zed-ros2-wrapper) by extensions ['ros']
[0.581s] Level 1:colcon.colcon_core.package_identification:_identify(src/zed-ros2-wrapper) by extension 'ros'
[0.582s] Level 1:colcon.colcon_core.package_identification:_identify(src/zed-ros2-wrapper) by extensions ['cmake', 'python']
[0.582s] Level 1:colcon.colcon_core.package_identification:_identify(src/zed-ros2-wrapper) by extension 'cmake'
[0.582s] Level 1:colcon.colcon_core.package_identification:_identify(src/zed-ros2-wrapper) by extension 'python'
[0.582s] Level 1:colcon.colcon_core.package_identification:_identify(src/zed-ros2-wrapper) by extensions ['python_setup_py']
[0.582s] Level 1:colcon.colcon_core.package_identification:_identify(src/zed-ros2-wrapper) by extension 'python_setup_py'
[0.582s] Level 1:colcon.colcon_core.package_identification:_identify(src/zed-ros2-wrapper/docker) by extensions ['ignore', 'ignore_ament_install']
[0.582s] Level 1:colcon.colcon_core.package_identification:_identify(src/zed-ros2-wrapper/docker) by extension 'ignore'
[0.582s] Level 1:colcon.colcon_core.package_identification:_identify(src/zed-ros2-wrapper/docker) by extension 'ignore_ament_install'
[0.583s] Level 1:colcon.colcon_core.package_identification:_identify(src/zed-ros2-wrapper/docker) by extensions ['colcon_pkg']
[0.583s] Level 1:colcon.colcon_core.package_identification:_identify(src/zed-ros2-wrapper/docker) by extension 'colcon_pkg'
[0.583s] Level 1:colcon.colcon_core.package_identification:_identify(src/zed-ros2-wrapper/docker) by extensions ['colcon_meta']
[0.583s] Level 1:colcon.colcon_core.package_identification:_identify(src/zed-ros2-wrapper/docker) by extension 'colcon_meta'
[0.583s] Level 1:colcon.colcon_core.package_identification:_identify(src/zed-ros2-wrapper/docker) by extensions ['ros']
[0.583s] Level 1:colcon.colcon_core.package_identification:_identify(src/zed-ros2-wrapper/docker) by extension 'ros'
[0.583s] Level 1:colcon.colcon_core.package_identification:_identify(src/zed-ros2-wrapper/docker) by extensions ['cmake', 'python']
[0.583s] Level 1:colcon.colcon_core.package_identification:_identify(src/zed-ros2-wrapper/docker) by extension 'cmake'
[0.583s] Level 1:colcon.colcon_core.package_identification:_identify(src/zed-ros2-wrapper/docker) by extension 'python'
[0.583s] Level 1:colcon.colcon_core.package_identification:_identify(src/zed-ros2-wrapper/docker) by extensions ['python_setup_py']
[0.583s] Level 1:colcon.colcon_core.package_identification:_identify(src/zed-ros2-wrapper/docker) by extension 'python_setup_py'
[0.584s] Level 1:colcon.colcon_core.package_identification:_identify(src/zed-ros2-wrapper/images) by extensions ['ignore', 'ignore_ament_install']
[0.584s] Level 1:colcon.colcon_core.package_identification:_identify(src/zed-ros2-wrapper/images) by extension 'ignore'
[0.584s] Level 1:colcon.colcon_core.package_identification:_identify(src/zed-ros2-wrapper/images) by extension 'ignore_ament_install'
[0.584s] Level 1:colcon.colcon_core.package_identification:_identify(src/zed-ros2-wrapper/images) by extensions ['colcon_pkg']
[0.584s] Level 1:colcon.colcon_core.package_identification:_identify(src/zed-ros2-wrapper/images) by extension 'colcon_pkg'
[0.584s] Level 1:colcon.colcon_core.package_identification:_identify(src/zed-ros2-wrapper/images) by extensions ['colcon_meta']
[0.584s] Level 1:colcon.colcon_core.package_identification:_identify(src/zed-ros2-wrapper/images) by extension 'colcon_meta'
[0.584s] Level 1:colcon.colcon_core.package_identification:_identify(src/zed-ros2-wrapper/images) by extensions ['ros']
[0.584s] Level 1:colcon.colcon_core.package_identification:_identify(src/zed-ros2-wrapper/images) by extension 'ros'
[0.585s] Level 1:colcon.colcon_core.package_identification:_identify(src/zed-ros2-wrapper/images) by extensions ['cmake', 'python']
[0.585s] Level 1:colcon.colcon_core.package_identification:_identify(src/zed-ros2-wrapper/images) by extension 'cmake'
[0.585s] Level 1:colcon.colcon_core.package_identification:_identify(src/zed-ros2-wrapper/images) by extension 'python'
[0.585s] Level 1:colcon.colcon_core.package_identification:_identify(src/zed-ros2-wrapper/images) by extensions ['python_setup_py']
[0.585s] Level 1:colcon.colcon_core.package_identification:_identify(src/zed-ros2-wrapper/images) by extension 'python_setup_py'
[0.585s] Level 1:colcon.colcon_core.package_identification:_identify(src/zed-ros2-wrapper/zed_components) by extensions ['ignore', 'ignore_ament_install']
[0.585s] Level 1:colcon.colcon_core.package_identification:_identify(src/zed-ros2-wrapper/zed_components) by extension 'ignore'
[0.585s] Level 1:colcon.colcon_core.package_identification:_identify(src/zed-ros2-wrapper/zed_components) by extension 'ignore_ament_install'
[0.585s] Level 1:colcon.colcon_core.package_identification:_identify(src/zed-ros2-wrapper/zed_components) by extensions ['colcon_pkg']
[0.585s] Level 1:colcon.colcon_core.package_identification:_identify(src/zed-ros2-wrapper/zed_components) by extension 'colcon_pkg'
[0.586s] Level 1:colcon.colcon_core.package_identification:_identify(src/zed-ros2-wrapper/zed_components) by extensions ['colcon_meta']
[0.586s] Level 1:colcon.colcon_core.package_identification:_identify(src/zed-ros2-wrapper/zed_components) by extension 'colcon_meta'
[0.586s] Level 1:colcon.colcon_core.package_identification:_identify(src/zed-ros2-wrapper/zed_components) by extensions ['ros']
[0.586s] Level 1:colcon.colcon_core.package_identification:_identify(src/zed-ros2-wrapper/zed_components) by extension 'ros'
[0.588s] DEBUG:colcon.colcon_core.package_identification:Package 'src/zed-ros2-wrapper/zed_components' with type 'ros.ament_cmake' and name 'zed_components'
[0.588s] Level 1:colcon.colcon_core.package_identification:_identify(src/zed-ros2-wrapper/zed_ros2) by extensions ['ignore', 'ignore_ament_install']
[0.589s] Level 1:colcon.colcon_core.package_identification:_identify(src/zed-ros2-wrapper/zed_ros2) by extension 'ignore'
[0.589s] Level 1:colcon.colcon_core.package_identification:_identify(src/zed-ros2-wrapper/zed_ros2) by extension 'ignore_ament_install'
[0.589s] Level 1:colcon.colcon_core.package_identification:_identify(src/zed-ros2-wrapper/zed_ros2) by extensions ['colcon_pkg']
[0.589s] Level 1:colcon.colcon_core.package_identification:_identify(src/zed-ros2-wrapper/zed_ros2) by extension 'colcon_pkg'
[0.589s] Level 1:colcon.colcon_core.package_identification:_identify(src/zed-ros2-wrapper/zed_ros2) by extensions ['colcon_meta']
[0.589s] Level 1:colcon.colcon_core.package_identification:_identify(src/zed-ros2-wrapper/zed_ros2) by extension 'colcon_meta'
[0.589s] Level 1:colcon.colcon_core.package_identification:_identify(src/zed-ros2-wrapper/zed_ros2) by extensions ['ros']
[0.589s] Level 1:colcon.colcon_core.package_identification:_identify(src/zed-ros2-wrapper/zed_ros2) by extension 'ros'
[0.590s] DEBUG:colcon.colcon_core.package_identification:Package 'src/zed-ros2-wrapper/zed_ros2' with type 'ros.ament_cmake' and name 'zed_ros2'
[0.591s] Level 1:colcon.colcon_core.package_identification:_identify(src/zed-ros2-wrapper/zed_wrapper) by extensions ['ignore', 'ignore_ament_install']
[0.591s] Level 1:colcon.colcon_core.package_identification:_identify(src/zed-ros2-wrapper/zed_wrapper) by extension 'ignore'
[0.591s] Level 1:colcon.colcon_core.package_identification:_identify(src/zed-ros2-wrapper/zed_wrapper) by extension 'ignore_ament_install'
[0.591s] Level 1:colcon.colcon_core.package_identification:_identify(src/zed-ros2-wrapper/zed_wrapper) by extensions ['colcon_pkg']
[0.591s] Level 1:colcon.colcon_core.package_identification:_identify(src/zed-ros2-wrapper/zed_wrapper) by extension 'colcon_pkg'
[0.591s] Level 1:colcon.colcon_core.package_identification:_identify(src/zed-ros2-wrapper/zed_wrapper) by extensions ['colcon_meta']
[0.591s] Level 1:colcon.colcon_core.package_identification:_identify(src/zed-ros2-wrapper/zed_wrapper) by extension 'colcon_meta'
[0.591s] Level 1:colcon.colcon_core.package_identification:_identify(src/zed-ros2-wrapper/zed_wrapper) by extensions ['ros']
[0.591s] Level 1:colcon.colcon_core.package_identification:_identify(src/zed-ros2-wrapper/zed_wrapper) by extension 'ros'
[0.593s] DEBUG:colcon.colcon_core.package_identification:Package 'src/zed-ros2-wrapper/zed_wrapper' with type 'ros.ament_cmake' and name 'zed_wrapper'
[0.593s] Level 1:colcon.colcon_core.package_discovery:discover_packages(recursive) using defaults
[0.593s] Level 1:colcon.colcon_core.package_discovery:discover_packages(ignore) discover
[0.593s] Level 1:colcon.colcon_core.package_discovery:discover_packages(ignore) using defaults
[0.593s] Level 1:colcon.colcon_core.package_discovery:discover_packages(path) discover
[0.593s] Level 1:colcon.colcon_core.package_discovery:discover_packages(path) using defaults
[0.664s] Level 1:colcon.colcon_core.package_discovery:discover_packages(prefix_path) check parameters
[0.664s] Level 1:colcon.colcon_core.package_discovery:discover_packages(prefix_path) discover
[0.669s] DEBUG:colcon.colcon_installed_package_information.package_discovery:Found 300 installed packages in /opt/ros/humble
[0.671s] Level 1:colcon.colcon_core.package_discovery:discover_packages(prefix_path) using defaults
[0.744s] Level 5:colcon.colcon_core.verb:set package 'zed_components' build argument 'cmake_args' from command line to 'None'
[0.744s] Level 5:colcon.colcon_core.verb:set package 'zed_components' build argument 'cmake_target' from command line to 'None'
[0.744s] Level 5:colcon.colcon_core.verb:set package 'zed_components' build argument 'cmake_target_skip_unavailable' from command line to 'False'
[0.744s] Level 5:colcon.colcon_core.verb:set package 'zed_components' build argument 'cmake_clean_cache' from command line to 'False'
[0.744s] Level 5:colcon.colcon_core.verb:set package 'zed_components' build argument 'cmake_clean_first' from command line to 'False'
[0.744s] Level 5:colcon.colcon_core.verb:set package 'zed_components' build argument 'cmake_force_configure' from command line to 'False'
[0.744s] Level 5:colcon.colcon_core.verb:set package 'zed_components' build argument 'ament_cmake_args' from command line to 'None'
[0.744s] Level 5:colcon.colcon_core.verb:set package 'zed_components' build argument 'catkin_cmake_args' from command line to 'None'
[0.744s] Level 5:colcon.colcon_core.verb:set package 'zed_components' build argument 'catkin_skip_building_tests' from command line to 'False'
[0.745s] DEBUG:colcon.colcon_core.verb:Building package 'zed_components' with the following arguments: {'ament_cmake_args': None, 'build_base': '/home/umdloop/Downloads/ros2_ws/build/zed_components', 'catkin_cmake_args': None, 'catkin_skip_building_tests': False, 'cmake_args': None, 'cmake_clean_cache': False, 'cmake_clean_first': False, 'cmake_force_configure': False, 'cmake_target': None, 'cmake_target_skip_unavailable': False, 'install_base': '/home/umdloop/Downloads/ros2_ws/install/zed_components', 'merge_install': False, 'path': '/home/umdloop/Downloads/ros2_ws/src/zed-ros2-wrapper/zed_components', 'symlink_install': False, 'test_result_base': None}
[0.745s] Level 5:colcon.colcon_core.verb:set package 'zed_wrapper' build argument 'cmake_args' from command line to 'None'
[0.745s] Level 5:colcon.colcon_core.verb:set package 'zed_wrapper' build argument 'cmake_target' from command line to 'None'
[0.745s] Level 5:colcon.colcon_core.verb:set package 'zed_wrapper' build argument 'cmake_target_skip_unavailable' from command line to 'False'
[0.745s] Level 5:colcon.colcon_core.verb:set package 'zed_wrapper' build argument 'cmake_clean_cache' from command line to 'False'
[0.745s] Level 5:colcon.colcon_core.verb:set package 'zed_wrapper' build argument 'cmake_clean_first' from command line to 'False'
[0.745s] Level 5:colcon.colcon_core.verb:set package 'zed_wrapper' build argument 'cmake_force_configure' from command line to 'False'
[0.746s] Level 5:colcon.colcon_core.verb:set package 'zed_wrapper' build argument 'ament_cmake_args' from command line to 'None'
[0.746s] Level 5:colcon.colcon_core.verb:set package 'zed_wrapper' build argument 'catkin_cmake_args' from command line to 'None'
[0.746s] Level 5:colcon.colcon_core.verb:set package 'zed_wrapper' build argument 'catkin_skip_building_tests' from command line to 'False'
[0.746s] DEBUG:colcon.colcon_core.verb:Building package 'zed_wrapper' with the following arguments: {'ament_cmake_args': None, 'build_base': '/home/umdloop/Downloads/ros2_ws/build/zed_wrapper', 'catkin_cmake_args': None, 'catkin_skip_building_tests': False, 'cmake_args': None, 'cmake_clean_cache': False, 'cmake_clean_first': False, 'cmake_force_configure': False, 'cmake_target': None, 'cmake_target_skip_unavailable': False, 'install_base': '/home/umdloop/Downloads/ros2_ws/install/zed_wrapper', 'merge_install': False, 'path': '/home/umdloop/Downloads/ros2_ws/src/zed-ros2-wrapper/zed_wrapper', 'symlink_install': False, 'test_result_base': None}
[0.746s] Level 5:colcon.colcon_core.verb:set package 'my_package' build argument 'cmake_args' from command line to 'None'
[0.746s] Level 5:colcon.colcon_core.verb:set package 'my_package' build argument 'cmake_target' from command line to 'None'
[0.746s] Level 5:colcon.colcon_core.verb:set package 'my_package' build argument 'cmake_target_skip_unavailable' from command line to 'False'
[0.746s] Level 5:colcon.colcon_core.verb:set package 'my_package' build argument 'cmake_clean_cache' from command line to 'False'
[0.747s] Level 5:colcon.colcon_core.verb:set package 'my_package' build argument 'cmake_clean_first' from command line to 'False'
[0.747s] Level 5:colcon.colcon_core.verb:set package 'my_package' build argument 'cmake_force_configure' from command line to 'False'
[0.747s] Level 5:colcon.colcon_core.verb:set package 'my_package' build argument 'ament_cmake_args' from command line to 'None'
[0.747s] Level 5:colcon.colcon_core.verb:set package 'my_package' build argument 'catkin_cmake_args' from command line to 'None'
[0.747s] Level 5:colcon.colcon_core.verb:set package 'my_package' build argument 'catkin_skip_building_tests' from command line to 'False'
[0.747s] DEBUG:colcon.colcon_core.verb:Building package 'my_package' with the following arguments: {'ament_cmake_args': None, 'build_base': '/home/umdloop/Downloads/ros2_ws/build/my_package', 'catkin_cmake_args': None, 'catkin_skip_building_tests': False, 'cmake_args': None, 'cmake_clean_cache': False, 'cmake_clean_first': False, 'cmake_force_configure': False, 'cmake_target': None, 'cmake_target_skip_unavailable': False, 'install_base': '/home/umdloop/Downloads/ros2_ws/install/my_package', 'merge_install': False, 'path': '/home/umdloop/Downloads/ros2_ws/src/my_package', 'symlink_install': False, 'test_result_base': None}
[0.747s] Level 5:colcon.colcon_core.verb:set package 'zed_ros2' build argument 'cmake_args' from command line to 'None'
[0.747s] Level 5:colcon.colcon_core.verb:set package 'zed_ros2' build argument 'cmake_target' from command line to 'None'
[0.747s] Level 5:colcon.colcon_core.verb:set package 'zed_ros2' build argument 'cmake_target_skip_unavailable' from command line to 'False'
[0.747s] Level 5:colcon.colcon_core.verb:set package 'zed_ros2' build argument 'cmake_clean_cache' from command line to 'False'
[0.748s] Level 5:colcon.colcon_core.verb:set package 'zed_ros2' build argument 'cmake_clean_first' from command line to 'False'
[0.748s] Level 5:colcon.colcon_core.verb:set package 'zed_ros2' build argument 'cmake_force_configure' from command line to 'False'
[0.748s] Level 5:colcon.colcon_core.verb:set package 'zed_ros2' build argument 'ament_cmake_args' from command line to 'None'
[0.748s] Level 5:colcon.colcon_core.verb:set package 'zed_ros2' build argument 'catkin_cmake_args' from command line to 'None'
[0.748s] Level 5:colcon.colcon_core.verb:set package 'zed_ros2' build argument 'catkin_skip_building_tests' from command line to 'False'
[0.748s] DEBUG:colcon.colcon_core.verb:Building package 'zed_ros2' with the following arguments: {'ament_cmake_args': None, 'build_base': '/home/umdloop/Downloads/ros2_ws/build/zed_ros2', 'catkin_cmake_args': None, 'catkin_skip_building_tests': False, 'cmake_args': None, 'cmake_clean_cache': False, 'cmake_clean_first': False, 'cmake_force_configure': False, 'cmake_target': None, 'cmake_target_skip_unavailable': False, 'install_base': '/home/umdloop/Downloads/ros2_ws/install/zed_ros2', 'merge_install': False, 'path': '/home/umdloop/Downloads/ros2_ws/src/zed-ros2-wrapper/zed_ros2', 'symlink_install': False, 'test_result_base': None}
[0.748s] INFO:colcon.colcon_core.executor:Executing jobs using 'parallel' executor
[0.750s] DEBUG:colcon.colcon_parallel_executor.executor.parallel:run_until_complete
[0.751s] INFO:colcon.colcon_ros.task.ament_cmake.build:Building ROS package in '/home/umdloop/Downloads/ros2_ws/src/zed-ros2-wrapper/zed_components' with build type 'ament_cmake'
[0.752s] INFO:colcon.colcon_cmake.task.cmake.build:Building CMake package in '/home/umdloop/Downloads/ros2_ws/src/zed-ros2-wrapper/zed_components'
[0.756s] INFO:colcon.colcon_core.plugin_system:Skipping extension 'colcon_core.shell.bat': Not used on non-Windows systems
[0.756s] INFO:colcon.colcon_core.shell:Skip shell extension 'powershell' for command environment: Not usable outside of PowerShell
[0.756s] DEBUG:colcon.colcon_core.shell:Skip shell extension 'dsv' for command environment
[0.776s] DEBUG:colcon.colcon_core.event_handler.log_command:Invoking command in '/home/umdloop/Downloads/ros2_ws/build/zed_components': CMAKE_PREFIX_PATH=/opt/ros/humble /usr/bin/cmake --build /home/umdloop/Downloads/ros2_ws/build/zed_components -- -j6 -l6
[0.950s] DEBUG:colcon.colcon_core.event_handler.log_command:Invoked command in '/home/umdloop/Downloads/ros2_ws/build/zed_components' returned '0': CMAKE_PREFIX_PATH=/opt/ros/humble /usr/bin/cmake --build /home/umdloop/Downloads/ros2_ws/build/zed_components -- -j6 -l6
[0.975s] DEBUG:colcon.colcon_core.event_handler.log_command:Invoking command in '/home/umdloop/Downloads/ros2_ws/build/zed_components': CMAKE_PREFIX_PATH=/opt/ros/humble /usr/bin/cmake --install /home/umdloop/Downloads/ros2_ws/build/zed_components
[1.003s] Level 1:colcon.colcon_core.environment:create_environment_scripts_only(zed_components)
[1.004s] DEBUG:colcon.colcon_core.event_handler.log_command:Invoked command in '/home/umdloop/Downloads/ros2_ws/build/zed_components' returned '0': CMAKE_PREFIX_PATH=/opt/ros/humble /usr/bin/cmake --install /home/umdloop/Downloads/ros2_ws/build/zed_components
[1.011s] Level 1:colcon.colcon_core.environment:checking '/home/umdloop/Downloads/ros2_ws/install/zed_components' for CMake module files
[1.013s] Level 1:colcon.colcon_core.environment:checking '/home/umdloop/Downloads/ros2_ws/install/zed_components' for CMake config files
[1.013s] Level 1:colcon.colcon_core.shell:create_environment_hook('zed_components', 'cmake_prefix_path')
[1.014s] INFO:colcon.colcon_core.shell:Creating environment hook '/home/umdloop/Downloads/ros2_ws/install/zed_components/share/zed_components/hook/cmake_prefix_path.ps1'
[1.016s] INFO:colcon.colcon_core.shell:Creating environment descriptor '/home/umdloop/Downloads/ros2_ws/install/zed_components/share/zed_components/hook/cmake_prefix_path.dsv'
[1.018s] INFO:colcon.colcon_core.shell:Creating environment hook '/home/umdloop/Downloads/ros2_ws/install/zed_components/share/zed_components/hook/cmake_prefix_path.sh'
[1.021s] Level 1:colcon.colcon_core.environment:checking '/home/umdloop/Downloads/ros2_ws/install/zed_components/lib'
[1.021s] Level 1:colcon.colcon_core.shell:create_environment_hook('zed_components', 'ld_library_path_lib')
[1.022s] INFO:colcon.colcon_core.shell:Creating environment hook '/home/umdloop/Downloads/ros2_ws/install/zed_components/share/zed_components/hook/ld_library_path_lib.ps1'
[1.023s] INFO:colcon.colcon_core.shell:Creating environment descriptor '/home/umdloop/Downloads/ros2_ws/install/zed_components/share/zed_components/hook/ld_library_path_lib.dsv'
[1.024s] INFO:colcon.colcon_core.shell:Creating environment hook '/home/umdloop/Downloads/ros2_ws/install/zed_components/share/zed_components/hook/ld_library_path_lib.sh'
[1.026s] Level 1:colcon.colcon_core.environment:checking '/home/umdloop/Downloads/ros2_ws/install/zed_components/bin'
[1.026s] Level 1:colcon.colcon_core.environment:checking '/home/umdloop/Downloads/ros2_ws/install/zed_components/lib/pkgconfig/zed_components.pc'
[1.026s] Level 1:colcon.colcon_core.environment:checking '/home/umdloop/Downloads/ros2_ws/install/zed_components/lib/python3.10/site-packages'
[1.027s] Level 1:colcon.colcon_core.environment:checking '/home/umdloop/Downloads/ros2_ws/install/zed_components/bin'
[1.028s] INFO:colcon.colcon_core.shell:Creating package script '/home/umdloop/Downloads/ros2_ws/install/zed_components/share/zed_components/package.ps1'
[1.031s] INFO:colcon.colcon_core.shell:Creating package descriptor '/home/umdloop/Downloads/ros2_ws/install/zed_components/share/zed_components/package.dsv'
[1.032s] INFO:colcon.colcon_core.shell:Creating package script '/home/umdloop/Downloads/ros2_ws/install/zed_components/share/zed_components/package.sh'
[1.034s] INFO:colcon.colcon_core.shell:Creating package script '/home/umdloop/Downloads/ros2_ws/install/zed_components/share/zed_components/package.bash'
[1.037s] INFO:colcon.colcon_core.shell:Creating package script '/home/umdloop/Downloads/ros2_ws/install/zed_components/share/zed_components/package.zsh'
[1.039s] Level 1:colcon.colcon_core.environment:create_file_with_runtime_dependencies(/home/umdloop/Downloads/ros2_ws/install/zed_components/share/colcon-core/packages/zed_components)
[1.041s] Level 1:colcon.colcon_core.environment:create_environment_scripts_only(zed_components)
[1.042s] Level 1:colcon.colcon_core.environment:checking '/home/umdloop/Downloads/ros2_ws/install/zed_components' for CMake module files
[1.043s] Level 1:colcon.colcon_core.environment:checking '/home/umdloop/Downloads/ros2_ws/install/zed_components' for CMake config files
[1.044s] Level 1:colcon.colcon_core.shell:create_environment_hook('zed_components', 'cmake_prefix_path')
[1.045s] INFO:colcon.colcon_core.shell:Creating environment hook '/home/umdloop/Downloads/ros2_ws/install/zed_components/share/zed_components/hook/cmake_prefix_path.ps1'
[1.046s] INFO:colcon.colcon_core.shell:Creating environment descriptor '/home/umdloop/Downloads/ros2_ws/install/zed_components/share/zed_components/hook/cmake_prefix_path.dsv'
[1.047s] INFO:colcon.colcon_core.shell:Creating environment hook '/home/umdloop/Downloads/ros2_ws/install/zed_components/share/zed_components/hook/cmake_prefix_path.sh'
[1.049s] Level 1:colcon.colcon_core.environment:checking '/home/umdloop/Downloads/ros2_ws/install/zed_components/lib'
[1.049s] Level 1:colcon.colcon_core.shell:create_environment_hook('zed_components', 'ld_library_path_lib')
[1.050s] INFO:colcon.colcon_core.shell:Creating environment hook '/home/umdloop/Downloads/ros2_ws/install/zed_components/share/zed_components/hook/ld_library_path_lib.ps1'
[1.051s] INFO:colcon.colcon_core.shell:Creating environment descriptor '/home/umdloop/Downloads/ros2_ws/install/zed_components/share/zed_components/hook/ld_library_path_lib.dsv'
[1.053s] INFO:colcon.colcon_core.shell:Creating environment hook '/home/umdloop/Downloads/ros2_ws/install/zed_components/share/zed_components/hook/ld_library_path_lib.sh'
[1.054s] Level 1:colcon.colcon_core.environment:checking '/home/umdloop/Downloads/ros2_ws/install/zed_components/bin'
[1.054s] Level 1:colcon.colcon_core.environment:checking '/home/umdloop/Downloads/ros2_ws/install/zed_components/lib/pkgconfig/zed_components.pc'
[1.055s] Level 1:colcon.colcon_core.environment:checking '/home/umdloop/Downloads/ros2_ws/install/zed_components/lib/python3.10/site-packages'
[1.056s] Level 1:colcon.colcon_core.environment:checking '/home/umdloop/Downloads/ros2_ws/install/zed_components/bin'
[1.057s] INFO:colcon.colcon_core.shell:Creating package script '/home/umdloop/Downloads/ros2_ws/install/zed_components/share/zed_components/package.ps1'
[1.058s] INFO:colcon.colcon_core.shell:Creating package descriptor '/home/umdloop/Downloads/ros2_ws/install/zed_components/share/zed_components/package.dsv'
[1.060s] INFO:colcon.colcon_core.shell:Creating package script '/home/umdloop/Downloads/ros2_ws/install/zed_components/share/zed_components/package.sh'
[1.062s] INFO:colcon.colcon_core.shell:Creating package script '/home/umdloop/Downloads/ros2_ws/install/zed_components/share/zed_components/package.bash'
[1.063s] INFO:colcon.colcon_core.shell:Creating package script '/home/umdloop/Downloads/ros2_ws/install/zed_components/share/zed_components/package.zsh'
[1.064s] Level 1:colcon.colcon_core.environment:create_file_with_runtime_dependencies(/home/umdloop/Downloads/ros2_ws/install/zed_components/share/colcon-core/packages/zed_components)
[1.066s] INFO:colcon.colcon_ros.task.ament_cmake.build:Building ROS package in '/home/umdloop/Downloads/ros2_ws/src/zed-ros2-wrapper/zed_wrapper' with build type 'ament_cmake'
[1.066s] INFO:colcon.colcon_cmake.task.cmake.build:Building CMake package in '/home/umdloop/Downloads/ros2_ws/src/zed-ros2-wrapper/zed_wrapper'
[1.067s] INFO:colcon.colcon_core.shell:Skip shell extension 'powershell' for command environment: Not usable outside of PowerShell
[1.067s] DEBUG:colcon.colcon_core.shell:Skip shell extension 'dsv' for command environment
[1.090s] DEBUG:colcon.colcon_core.event_handler.log_command:Invoking command in '/home/umdloop/Downloads/ros2_ws/build/zed_wrapper': AMENT_PREFIX_PATH=/home/umdloop/Downloads/ros2_ws/install/zed_components:${AMENT_PREFIX_PATH} CMAKE_PREFIX_PATH=/home/umdloop/Downloads/ros2_ws/install/zed_components:/opt/ros/humble LD_LIBRARY_PATH=/home/umdloop/Downloads/ros2_ws/install/zed_components/lib:${LD_LIBRARY_PATH} /usr/bin/cmake --build /home/umdloop/Downloads/ros2_ws/build/zed_wrapper -- -j6 -l6
[1.195s] DEBUG:colcon.colcon_core.event_handler.log_command:Invoked command in '/home/umdloop/Downloads/ros2_ws/build/zed_wrapper' returned '0': AMENT_PREFIX_PATH=/home/umdloop/Downloads/ros2_ws/install/zed_components:${AMENT_PREFIX_PATH} CMAKE_PREFIX_PATH=/home/umdloop/Downloads/ros2_ws/install/zed_components:/opt/ros/humble LD_LIBRARY_PATH=/home/umdloop/Downloads/ros2_ws/install/zed_components/lib:${LD_LIBRARY_PATH} /usr/bin/cmake --build /home/umdloop/Downloads/ros2_ws/build/zed_wrapper -- -j6 -l6
[1.198s] DEBUG:colcon.colcon_core.event_handler.log_command:Invoking command in '/home/umdloop/Downloads/ros2_ws/build/zed_wrapper': AMENT_PREFIX_PATH=/home/umdloop/Downloads/ros2_ws/install/zed_components:${AMENT_PREFIX_PATH} CMAKE_PREFIX_PATH=/home/umdloop/Downloads/ros2_ws/install/zed_components:/opt/ros/humble LD_LIBRARY_PATH=/home/umdloop/Downloads/ros2_ws/install/zed_components/lib:${LD_LIBRARY_PATH} /usr/bin/cmake --install /home/umdloop/Downloads/ros2_ws/build/zed_wrapper
[1.232s] Level 1:colcon.colcon_core.environment:create_environment_scripts_only(zed_wrapper)
[1.233s] Level 1:colcon.colcon_core.environment:checking '/home/umdloop/Downloads/ros2_ws/install/zed_wrapper' for CMake module files
[1.234s] DEBUG:colcon.colcon_core.event_handler.log_command:Invoked command in '/home/umdloop/Downloads/ros2_ws/build/zed_wrapper' returned '0': AMENT_PREFIX_PATH=/home/umdloop/Downloads/ros2_ws/install/zed_components:${AMENT_PREFIX_PATH} CMAKE_PREFIX_PATH=/home/umdloop/Downloads/ros2_ws/install/zed_components:/opt/ros/humble LD_LIBRARY_PATH=/home/umdloop/Downloads/ros2_ws/install/zed_components/lib:${LD_LIBRARY_PATH} /usr/bin/cmake --install /home/umdloop/Downloads/ros2_ws/build/zed_wrapper
[1.236s] Level 1:colcon.colcon_core.environment:checking '/home/umdloop/Downloads/ros2_ws/install/zed_wrapper' for CMake config files
[1.237s] Level 1:colcon.colcon_core.shell:create_environment_hook('zed_wrapper', 'cmake_prefix_path')
[1.238s] INFO:colcon.colcon_core.shell:Creating environment hook '/home/umdloop/Downloads/ros2_ws/install/zed_wrapper/share/zed_wrapper/hook/cmake_prefix_path.ps1'
[1.242s] INFO:colcon.colcon_core.shell:Creating environment descriptor '/home/umdloop/Downloads/ros2_ws/install/zed_wrapper/share/zed_wrapper/hook/cmake_prefix_path.dsv'
[1.244s] INFO:colcon.colcon_core.shell:Creating environment hook '/home/umdloop/Downloads/ros2_ws/install/zed_wrapper/share/zed_wrapper/hook/cmake_prefix_path.sh'
[1.246s] Level 1:colcon.colcon_core.environment:checking '/home/umdloop/Downloads/ros2_ws/install/zed_wrapper/bin'
[1.246s] Level 1:colcon.colcon_core.environment:checking '/home/umdloop/Downloads/ros2_ws/install/zed_wrapper/lib/pkgconfig/zed_wrapper.pc'
[1.247s] Level 1:colcon.colcon_core.environment:checking '/home/umdloop/Downloads/ros2_ws/install/zed_wrapper/lib/python3.10/site-packages'
[1.248s] Level 1:colcon.colcon_core.environment:checking '/home/umdloop/Downloads/ros2_ws/install/zed_wrapper/bin'
[1.249s] INFO:colcon.colcon_core.shell:Creating package script '/home/umdloop/Downloads/ros2_ws/install/zed_wrapper/share/zed_wrapper/package.ps1'
[1.250s] INFO:colcon.colcon_core.shell:Creating package descriptor '/home/umdloop/Downloads/ros2_ws/install/zed_wrapper/share/zed_wrapper/package.dsv'
[1.252s] INFO:colcon.colcon_core.shell:Creating package script '/home/umdloop/Downloads/ros2_ws/install/zed_wrapper/share/zed_wrapper/package.sh'
[1.253s] INFO:colcon.colcon_core.shell:Creating package script '/home/umdloop/Downloads/ros2_ws/install/zed_wrapper/share/zed_wrapper/package.bash'
[1.255s] INFO:colcon.colcon_core.shell:Creating package script '/home/umdloop/Downloads/ros2_ws/install/zed_wrapper/share/zed_wrapper/package.zsh'
[1.255s] Level 1:colcon.colcon_core.environment:create_file_with_runtime_dependencies(/home/umdloop/Downloads/ros2_ws/install/zed_wrapper/share/colcon-core/packages/zed_wrapper)
[1.259s] Level 1:colcon.colcon_core.environment:create_environment_scripts_only(zed_wrapper)
[1.259s] Level 1:colcon.colcon_core.environment:checking '/home/umdloop/Downloads/ros2_ws/install/zed_wrapper' for CMake module files
[1.260s] Level 1:colcon.colcon_core.environment:checking '/home/umdloop/Downloads/ros2_ws/install/zed_wrapper' for CMake config files
[1.261s] Level 1:colcon.colcon_core.shell:create_environment_hook('zed_wrapper', 'cmake_prefix_path')
[1.262s] INFO:colcon.colcon_core.shell:Creating environment hook '/home/umdloop/Downloads/ros2_ws/install/zed_wrapper/share/zed_wrapper/hook/cmake_prefix_path.ps1'
[1.263s] INFO:colcon.colcon_core.shell:Creating environment descriptor '/home/umdloop/Downloads/ros2_ws/install/zed_wrapper/share/zed_wrapper/hook/cmake_prefix_path.dsv'
[1.264s] INFO:colcon.colcon_core.shell:Creating environment hook '/home/umdloop/Downloads/ros2_ws/install/zed_wrapper/share/zed_wrapper/hook/cmake_prefix_path.sh'
[1.265s] Level 1:colcon.colcon_core.environment:checking '/home/umdloop/Downloads/ros2_ws/install/zed_wrapper/bin'
[1.266s] Level 1:colcon.colcon_core.environment:checking '/home/umdloop/Downloads/ros2_ws/install/zed_wrapper/lib/pkgconfig/zed_wrapper.pc'
[1.266s] Level 1:colcon.colcon_core.environment:checking '/home/umdloop/Downloads/ros2_ws/install/zed_wrapper/lib/python3.10/site-packages'
[1.267s] Level 1:colcon.colcon_core.environment:checking '/home/umdloop/Downloads/ros2_ws/install/zed_wrapper/bin'
[1.268s] INFO:colcon.colcon_core.shell:Creating package script '/home/umdloop/Downloads/ros2_ws/install/zed_wrapper/share/zed_wrapper/package.ps1'
[1.269s] INFO:colcon.colcon_core.shell:Creating package descriptor '/home/umdloop/Downloads/ros2_ws/install/zed_wrapper/share/zed_wrapper/package.dsv'
[1.271s] INFO:colcon.colcon_core.shell:Creating package script '/home/umdloop/Downloads/ros2_ws/install/zed_wrapper/share/zed_wrapper/package.sh'
[1.272s] INFO:colcon.colcon_core.shell:Creating package script '/home/umdloop/Downloads/ros2_ws/install/zed_wrapper/share/zed_wrapper/package.bash'
[1.273s] INFO:colcon.colcon_core.shell:Creating package script '/home/umdloop/Downloads/ros2_ws/install/zed_wrapper/share/zed_wrapper/package.zsh'
[1.275s] Level 1:colcon.colcon_core.environment:create_file_with_runtime_dependencies(/home/umdloop/Downloads/ros2_ws/install/zed_wrapper/share/colcon-core/packages/zed_wrapper)
[1.276s] INFO:colcon.colcon_ros.task.ament_python.build:Building ROS package in '/home/umdloop/Downloads/ros2_ws/src/my_package' with build type 'ament_python'
[1.276s] Level 1:colcon.colcon_core.shell:create_environment_hook('my_package', 'ament_prefix_path')
[1.277s] INFO:colcon.colcon_core.shell:Creating environment hook '/home/umdloop/Downloads/ros2_ws/install/my_package/share/my_package/hook/ament_prefix_path.ps1'
[1.279s] INFO:colcon.colcon_core.shell:Creating environment descriptor '/home/umdloop/Downloads/ros2_ws/install/my_package/share/my_package/hook/ament_prefix_path.dsv'
[1.280s] INFO:colcon.colcon_core.shell:Creating environment hook '/home/umdloop/Downloads/ros2_ws/install/my_package/share/my_package/hook/ament_prefix_path.sh'
[1.281s] INFO:colcon.colcon_core.shell:Skip shell extension 'powershell' for command environment: Not usable outside of PowerShell
[1.282s] DEBUG:colcon.colcon_core.shell:Skip shell extension 'dsv' for command environment
[1.289s] INFO:colcon.colcon_ros.task.ament_cmake.build:Building ROS package in '/home/umdloop/Downloads/ros2_ws/src/zed-ros2-wrapper/zed_ros2' with build type 'ament_cmake'
[1.289s] INFO:colcon.colcon_cmake.task.cmake.build:Building CMake package in '/home/umdloop/Downloads/ros2_ws/src/zed-ros2-wrapper/zed_ros2'
[1.290s] INFO:colcon.colcon_core.shell:Skip shell extension 'powershell' for command environment: Not usable outside of PowerShell
[1.290s] DEBUG:colcon.colcon_core.shell:Skip shell extension 'dsv' for command environment
[1.845s] INFO:colcon.colcon_core.task.python.build:Building Python package in '/home/umdloop/Downloads/ros2_ws/src/my_package'
[1.847s] INFO:colcon.colcon_core.shell:Skip shell extension 'powershell' for command environment: Not usable outside of PowerShell
[1.847s] DEBUG:colcon.colcon_core.shell:Skip shell extension 'dsv' for command environment
[1.866s] DEBUG:colcon.colcon_core.event_handler.log_command:Invoking command in '/home/umdloop/Downloads/ros2_ws/build/zed_ros2': AMENT_PREFIX_PATH=/home/umdloop/Downloads/ros2_ws/install/zed_wrapper:/home/umdloop/Downloads/ros2_ws/install/zed_components:${AMENT_PREFIX_PATH} CMAKE_PREFIX_PATH=/home/umdloop/Downloads/ros2_ws/install/zed_wrapper:/home/umdloop/Downloads/ros2_ws/install/zed_components:/opt/ros/humble LD_LIBRARY_PATH=/home/umdloop/Downloads/ros2_ws/install/zed_components/lib:${LD_LIBRARY_PATH} /usr/bin/cmake --build /home/umdloop/Downloads/ros2_ws/build/zed_ros2 -- -j6 -l6
[1.952s] DEBUG:colcon.colcon_core.event_handler.log_command:Invoked command in '/home/umdloop/Downloads/ros2_ws/build/zed_ros2' returned '0': AMENT_PREFIX_PATH=/home/umdloop/Downloads/ros2_ws/install/zed_wrapper:/home/umdloop/Downloads/ros2_ws/install/zed_components:${AMENT_PREFIX_PATH} CMAKE_PREFIX_PATH=/home/umdloop/Downloads/ros2_ws/install/zed_wrapper:/home/umdloop/Downloads/ros2_ws/install/zed_components:/opt/ros/humble LD_LIBRARY_PATH=/home/umdloop/Downloads/ros2_ws/install/zed_components/lib:${LD_LIBRARY_PATH} /usr/bin/cmake --build /home/umdloop/Downloads/ros2_ws/build/zed_ros2 -- -j6 -l6
[1.956s] DEBUG:colcon.colcon_core.event_handler.log_command:Invoking command in '/home/umdloop/Downloads/ros2_ws/build/zed_ros2': AMENT_PREFIX_PATH=/home/umdloop/Downloads/ros2_ws/install/zed_wrapper:/home/umdloop/Downloads/ros2_ws/install/zed_components:${AMENT_PREFIX_PATH} CMAKE_PREFIX_PATH=/home/umdloop/Downloads/ros2_ws/install/zed_wrapper:/home/umdloop/Downloads/ros2_ws/install/zed_components:/opt/ros/humble LD_LIBRARY_PATH=/home/umdloop/Downloads/ros2_ws/install/zed_components/lib:${LD_LIBRARY_PATH} /usr/bin/cmake --install /home/umdloop/Downloads/ros2_ws/build/zed_ros2
[1.983s] Level 1:colcon.colcon_core.environment:create_environment_scripts_only(zed_ros2)
[1.984s] Level 1:colcon.colcon_core.environment:checking '/home/umdloop/Downloads/ros2_ws/install/zed_ros2' for CMake module files
[1.985s] Level 1:colcon.colcon_core.environment:checking '/home/umdloop/Downloads/ros2_ws/install/zed_ros2' for CMake config files
[1.986s] Level 1:colcon.colcon_core.shell:create_environment_hook('zed_ros2', 'cmake_prefix_path')
[1.988s] INFO:colcon.colcon_core.shell:Creating environment hook '/home/umdloop/Downloads/ros2_ws/install/zed_ros2/share/zed_ros2/hook/cmake_prefix_path.ps1'
[1.990s] DEBUG:colcon.colcon_core.event_handler.log_command:Invoked command in '/home/umdloop/Downloads/ros2_ws/build/zed_ros2' returned '0': AMENT_PREFIX_PATH=/home/umdloop/Downloads/ros2_ws/install/zed_wrapper:/home/umdloop/Downloads/ros2_ws/install/zed_components:${AMENT_PREFIX_PATH} CMAKE_PREFIX_PATH=/home/umdloop/Downloads/ros2_ws/install/zed_wrapper:/home/umdloop/Downloads/ros2_ws/install/zed_components:/opt/ros/humble LD_LIBRARY_PATH=/home/umdloop/Downloads/ros2_ws/install/zed_components/lib:${LD_LIBRARY_PATH} /usr/bin/cmake --install /home/umdloop/Downloads/ros2_ws/build/zed_ros2
[1.991s] INFO:colcon.colcon_core.shell:Creating environment descriptor '/home/umdloop/Downloads/ros2_ws/install/zed_ros2/share/zed_ros2/hook/cmake_prefix_path.dsv'
[1.993s] INFO:colcon.colcon_core.shell:Creating environment hook '/home/umdloop/Downloads/ros2_ws/install/zed_ros2/share/zed_ros2/hook/cmake_prefix_path.sh'
[1.994s] Level 1:colcon.colcon_core.environment:checking '/home/umdloop/Downloads/ros2_ws/install/zed_ros2/bin'
[1.995s] Level 1:colcon.colcon_core.environment:checking '/home/umdloop/Downloads/ros2_ws/install/zed_ros2/lib/pkgconfig/zed_ros2.pc'
[1.995s] Level 1:colcon.colcon_core.environment:checking '/home/umdloop/Downloads/ros2_ws/install/zed_ros2/lib/python3.10/site-packages'
[1.996s] Level 1:colcon.colcon_core.environment:checking '/home/umdloop/Downloads/ros2_ws/install/zed_ros2/bin'
[1.997s] INFO:colcon.colcon_core.shell:Creating package script '/home/umdloop/Downloads/ros2_ws/install/zed_ros2/share/zed_ros2/package.ps1'
[1.998s] INFO:colcon.colcon_core.shell:Creating package descriptor '/home/umdloop/Downloads/ros2_ws/install/zed_ros2/share/zed_ros2/package.dsv'
[1.999s] INFO:colcon.colcon_core.shell:Creating package script '/home/umdloop/Downloads/ros2_ws/install/zed_ros2/share/zed_ros2/package.sh'
[2.001s] INFO:colcon.colcon_core.shell:Creating package script '/home/umdloop/Downloads/ros2_ws/install/zed_ros2/share/zed_ros2/package.bash'
[2.001s] INFO:colcon.colcon_core.shell:Creating package script '/home/umdloop/Downloads/ros2_ws/install/zed_ros2/share/zed_ros2/package.zsh'
[2.002s] Level 1:colcon.colcon_core.environment:create_file_with_runtime_dependencies(/home/umdloop/Downloads/ros2_ws/install/zed_ros2/share/colcon-core/packages/zed_ros2)
[2.004s] Level 1:colcon.colcon_core.environment:create_environment_scripts_only(zed_ros2)
[2.005s] Level 1:colcon.colcon_core.environment:checking '/home/umdloop/Downloads/ros2_ws/install/zed_ros2' for CMake module files
[2.006s] Level 1:colcon.colcon_core.environment:checking '/home/umdloop/Downloads/ros2_ws/install/zed_ros2' for CMake config files
[2.007s] Level 1:colcon.colcon_core.shell:create_environment_hook('zed_ros2', 'cmake_prefix_path')
[2.007s] INFO:colcon.colcon_core.shell:Creating environment hook '/home/umdloop/Downloads/ros2_ws/install/zed_ros2/share/zed_ros2/hook/cmake_prefix_path.ps1'
[2.009s] INFO:colcon.colcon_core.shell:Creating environment descriptor '/home/umdloop/Downloads/ros2_ws/install/zed_ros2/share/zed_ros2/hook/cmake_prefix_path.dsv'
[2.010s] INFO:colcon.colcon_core.shell:Creating environment hook '/home/umdloop/Downloads/ros2_ws/install/zed_ros2/share/zed_ros2/hook/cmake_prefix_path.sh'
[2.011s] Level 1:colcon.colcon_core.environment:checking '/home/umdloop/Downloads/ros2_ws/install/zed_ros2/bin'
[2.012s] Level 1:colcon.colcon_core.environment:checking '/home/umdloop/Downloads/ros2_ws/install/zed_ros2/lib/pkgconfig/zed_ros2.pc'
[2.012s] Level 1:colcon.colcon_core.environment:checking '/home/umdloop/Downloads/ros2_ws/install/zed_ros2/lib/python3.10/site-packages'
[2.013s] Level 1:colcon.colcon_core.environment:checking '/home/umdloop/Downloads/ros2_ws/install/zed_ros2/bin'
[2.014s] INFO:colcon.colcon_core.shell:Creating package script '/home/umdloop/Downloads/ros2_ws/install/zed_ros2/share/zed_ros2/package.ps1'
[2.015s] INFO:colcon.colcon_core.shell:Creating package descriptor '/home/umdloop/Downloads/ros2_ws/install/zed_ros2/share/zed_ros2/package.dsv'
[2.016s] INFO:colcon.colcon_core.shell:Creating package script '/home/umdloop/Downloads/ros2_ws/install/zed_ros2/share/zed_ros2/package.sh'
[2.017s] INFO:colcon.colcon_core.shell:Creating package script '/home/umdloop/Downloads/ros2_ws/install/zed_ros2/share/zed_ros2/package.bash'
[2.018s] INFO:colcon.colcon_core.shell:Creating package script '/home/umdloop/Downloads/ros2_ws/install/zed_ros2/share/zed_ros2/package.zsh'
[2.019s] Level 1:colcon.colcon_core.environment:create_file_with_runtime_dependencies(/home/umdloop/Downloads/ros2_ws/install/zed_ros2/share/colcon-core/packages/zed_ros2)
[2.677s] DEBUG:colcon.colcon_core.event_handler.log_command:Invoking command in '/home/umdloop/Downloads/ros2_ws/src/my_package': AMENT_PREFIX_PATH=/home/umdloop/Downloads/ros2_ws/install/zed_wrapper:/home/umdloop/Downloads/ros2_ws/install/zed_components:${AMENT_PREFIX_PATH} CMAKE_PREFIX_PATH=/home/umdloop/Downloads/ros2_ws/install/zed_wrapper:/home/umdloop/Downloads/ros2_ws/install/zed_components LD_LIBRARY_PATH=/home/umdloop/Downloads/ros2_ws/install/zed_components/lib:${LD_LIBRARY_PATH} PYTHONPATH=/home/umdloop/Downloads/ros2_ws/build/my_package/prefix_override:/usr/lib/python3/dist-packages/colcon_core/task/python/colcon_distutils_commands:/home/umdloop/Downloads/ros2_ws/install/my_package/lib/python3.10/site-packages:${PYTHONPATH} /usr/bin/python3 -W ignore:setup.py install is deprecated -W ignore:easy_install command is deprecated setup.py egg_info --egg-base ../../build/my_package build --build-base /home/umdloop/Downloads/ros2_ws/build/my_package/build install --record /home/umdloop/Downloads/ros2_ws/build/my_package/install.log --single-version-externally-managed install_data
[3.362s] Level 1:colcon.colcon_core.environment:checking '/home/umdloop/Downloads/ros2_ws/install/my_package' for CMake module files
[3.363s] DEBUG:colcon.colcon_core.event_handler.log_command:Invoked command in '/home/umdloop/Downloads/ros2_ws/src/my_package' returned '0': AMENT_PREFIX_PATH=/home/umdloop/Downloads/ros2_ws/install/zed_wrapper:/home/umdloop/Downloads/ros2_ws/install/zed_components:${AMENT_PREFIX_PATH} CMAKE_PREFIX_PATH=/home/umdloop/Downloads/ros2_ws/install/zed_wrapper:/home/umdloop/Downloads/ros2_ws/install/zed_components LD_LIBRARY_PATH=/home/umdloop/Downloads/ros2_ws/install/zed_components/lib:${LD_LIBRARY_PATH} PYTHONPATH=/home/umdloop/Downloads/ros2_ws/build/my_package/prefix_override:/usr/lib/python3/dist-packages/colcon_core/task/python/colcon_distutils_commands:/home/umdloop/Downloads/ros2_ws/install/my_package/lib/python3.10/site-packages:${PYTHONPATH} /usr/bin/python3 -W ignore:setup.py install is deprecated -W ignore:easy_install command is deprecated setup.py egg_info --egg-base ../../build/my_package build --build-base /home/umdloop/Downloads/ros2_ws/build/my_package/build install --record /home/umdloop/Downloads/ros2_ws/build/my_package/install.log --single-version-externally-managed install_data
[3.364s] Level 1:colcon.colcon_core.environment:checking '/home/umdloop/Downloads/ros2_ws/install/my_package' for CMake config files
[3.365s] Level 1:colcon.colcon_core.environment:checking '/home/umdloop/Downloads/ros2_ws/install/my_package/lib'
[3.365s] Level 1:colcon.colcon_core.environment:checking '/home/umdloop/Downloads/ros2_ws/install/my_package/bin'
[3.365s] Level 1:colcon.colcon_core.environment:checking '/home/umdloop/Downloads/ros2_ws/install/my_package/lib/pkgconfig/my_package.pc'
[3.366s] Level 1:colcon.colcon_core.environment:checking '/home/umdloop/Downloads/ros2_ws/install/my_package/lib/python3.10/site-packages'
[3.366s] Level 1:colcon.colcon_core.shell:create_environment_hook('my_package', 'pythonpath')
[3.366s] INFO:colcon.colcon_core.shell:Creating environment hook '/home/umdloop/Downloads/ros2_ws/install/my_package/share/my_package/hook/pythonpath.ps1'
[3.368s] INFO:colcon.colcon_core.shell:Creating environment descriptor '/home/umdloop/Downloads/ros2_ws/install/my_package/share/my_package/hook/pythonpath.dsv'
[3.369s] INFO:colcon.colcon_core.shell:Creating environment hook '/home/umdloop/Downloads/ros2_ws/install/my_package/share/my_package/hook/pythonpath.sh'
[3.371s] Level 1:colcon.colcon_core.environment:checking '/home/umdloop/Downloads/ros2_ws/install/my_package/bin'
[3.371s] Level 1:colcon.colcon_core.environment:create_environment_scripts_only(my_package)
[3.372s] INFO:colcon.colcon_core.shell:Creating package script '/home/umdloop/Downloads/ros2_ws/install/my_package/share/my_package/package.ps1'
[3.379s] INFO:colcon.colcon_core.shell:Creating package descriptor '/home/umdloop/Downloads/ros2_ws/install/my_package/share/my_package/package.dsv'
[3.381s] INFO:colcon.colcon_core.shell:Creating package script '/home/umdloop/Downloads/ros2_ws/install/my_package/share/my_package/package.sh'
[3.382s] INFO:colcon.colcon_core.shell:Creating package script '/home/umdloop/Downloads/ros2_ws/install/my_package/share/my_package/package.bash'
[3.383s] INFO:colcon.colcon_core.shell:Creating package script '/home/umdloop/Downloads/ros2_ws/install/my_package/share/my_package/package.zsh'
[3.385s] Level 1:colcon.colcon_core.environment:create_file_with_runtime_dependencies(/home/umdloop/Downloads/ros2_ws/install/my_package/share/colcon-core/packages/my_package)
[3.385s] DEBUG:colcon.colcon_parallel_executor.executor.parallel:closing loop
[3.387s] DEBUG:colcon.colcon_parallel_executor.executor.parallel:loop closed
[3.387s] DEBUG:colcon.colcon_parallel_executor.executor.parallel:run_until_complete finished with '0'
[3.387s] DEBUG:colcon.colcon_core.event_reactor:joining thread
[3.402s] INFO:colcon.colcon_core.plugin_system:Skipping extension 'colcon_notification.desktop_notification.terminal_notifier': Not used on non-Darwin systems
[3.402s] INFO:colcon.colcon_core.plugin_system:Skipping extension 'colcon_notification.desktop_notification.win32': Not used on non-Windows systems
[3.402s] INFO:colcon.colcon_notification.desktop_notification:Sending desktop notification using 'notify2'
[3.443s] DEBUG:colcon.colcon_core.event_reactor:joined thread
[3.445s] INFO:colcon.colcon_core.shell:Creating prefix script '/home/umdloop/Downloads/ros2_ws/install/local_setup.ps1'
[3.447s] INFO:colcon.colcon_core.shell:Creating prefix util module '/home/umdloop/Downloads/ros2_ws/install/_local_setup_util_ps1.py'
[3.451s] INFO:colcon.colcon_core.shell:Creating prefix chain script '/home/umdloop/Downloads/ros2_ws/install/setup.ps1'
[3.454s] INFO:colcon.colcon_core.shell:Creating prefix script '/home/umdloop/Downloads/ros2_ws/install/local_setup.sh'
[3.456s] INFO:colcon.colcon_core.shell:Creating prefix util module '/home/umdloop/Downloads/ros2_ws/install/_local_setup_util_sh.py'
[3.457s] INFO:colcon.colcon_core.shell:Creating prefix chain script '/home/umdloop/Downloads/ros2_ws/install/setup.sh'
[3.460s] INFO:colcon.colcon_core.shell:Creating prefix script '/home/umdloop/Downloads/ros2_ws/install/local_setup.bash'
[3.462s] INFO:colcon.colcon_core.shell:Creating prefix chain script '/home/umdloop/Downloads/ros2_ws/install/setup.bash'
[3.464s] INFO:colcon.colcon_core.shell:Creating prefix script '/home/umdloop/Downloads/ros2_ws/install/local_setup.zsh'
[3.466s] INFO:colcon.colcon_core.shell:Creating prefix chain script '/home/umdloop/Downloads/ros2_ws/install/setup.zsh'
