[1.345s] Invoking command in '/home/umdloop/Downloads/ros2_ws/src/my_package': AMENT_PREFIX_PATH=/home/umdloop/Downloads/ros2_ws/install/zed_wrapper:/home/umdloop/Downloads/ros2_ws/install/zed_components:${AMENT_PREFIX_PATH} CMAKE_PREFIX_PATH=/home/umdloop/Downloads/ros2_ws/install/zed_wrapper:/home/umdloop/Downloads/ros2_ws/install/zed_components LD_LIBRARY_PATH=/home/umdloop/Downloads/ros2_ws/install/zed_components/lib:${LD_LIBRARY_PATH} PYTHONPATH=/home/umdloop/Downloads/ros2_ws/build/my_package/prefix_override:/usr/lib/python3/dist-packages/colcon_core/task/python/colcon_distutils_commands:/home/umdloop/Downloads/ros2_ws/install/my_package/lib/python3.10/site-packages:${PYTHONPATH} /usr/bin/python3 -W ignore:setup.py install is deprecated -W ignore:easy_install command is deprecated setup.py egg_info --egg-base ../../build/my_package build --build-base /home/umdloop/Downloads/ros2_ws/build/my_package/build install --record /home/umdloop/Downloads/ros2_ws/build/my_package/install.log --single-version-externally-managed install_data
[1.816s] running egg_info
[1.817s] writing ../../build/my_package/my_package.egg-info/PKG-INFO
[1.817s] writing dependency_links to ../../build/my_package/my_package.egg-info/dependency_links.txt
[1.818s] writing entry points to ../../build/my_package/my_package.egg-info/entry_points.txt
[1.818s] writing requirements to ../../build/my_package/my_package.egg-info/requires.txt
[1.819s] writing top-level names to ../../build/my_package/my_package.egg-info/top_level.txt
[1.822s] reading manifest file '../../build/my_package/my_package.egg-info/SOURCES.txt'
[1.823s] writing manifest file '../../build/my_package/my_package.egg-info/SOURCES.txt'
[1.824s] running build
[1.824s] running build_py
[1.824s] copying my_package/image_publisher.py -> /home/umdloop/Downloads/ros2_ws/build/my_package/build/lib/my_package
[1.825s] running install
[1.828s] running install_lib
[1.830s] copying /home/umdloop/Downloads/ros2_ws/build/my_package/build/lib/my_package/image_publisher.py -> /home/umdloop/Downloads/ros2_ws/install/my_package/lib/python3.10/site-packages/my_package
[1.832s] byte-compiling /home/umdloop/Downloads/ros2_ws/install/my_package/lib/python3.10/site-packages/my_package/image_publisher.py to image_publisher.cpython-310.pyc
[1.835s] running install_data
[1.836s] copying package.xml -> /home/umdloop/Downloads/ros2_ws/install/my_package/share/my_package
[1.836s] running install_egg_info
[1.838s] removing '/home/umdloop/Downloads/ros2_ws/install/my_package/lib/python3.10/site-packages/my_package-0.0.0-py3.10.egg-info' (and everything under it)
[1.839s] Copying ../../build/my_package/my_package.egg-info to /home/umdloop/Downloads/ros2_ws/install/my_package/lib/python3.10/site-packages/my_package-0.0.0-py3.10.egg-info
[1.845s] running install_scripts
[1.883s] Installing inference script to /home/umdloop/Downloads/ros2_ws/install/my_package/lib/my_package
[1.884s] Installing my_node script to /home/umdloop/Downloads/ros2_ws/install/my_package/lib/my_package
[1.884s] Installing yolo_ros script to /home/umdloop/Downloads/ros2_ws/install/my_package/lib/my_package
[1.885s] writing list of installed files to '/home/umdloop/Downloads/ros2_ws/build/my_package/install.log'
[1.954s] Invoked command in '/home/umdloop/Downloads/ros2_ws/src/my_package' returned '0': AMENT_PREFIX_PATH=/home/umdloop/Downloads/ros2_ws/install/zed_wrapper:/home/umdloop/Downloads/ros2_ws/install/zed_components:${AMENT_PREFIX_PATH} CMAKE_PREFIX_PATH=/home/umdloop/Downloads/ros2_ws/install/zed_wrapper:/home/umdloop/Downloads/ros2_ws/install/zed_components LD_LIBRARY_PATH=/home/umdloop/Downloads/ros2_ws/install/zed_components/lib:${LD_LIBRARY_PATH} PYTHONPATH=/home/umdloop/Downloads/ros2_ws/build/my_package/prefix_override:/usr/lib/python3/dist-packages/colcon_core/task/python/colcon_distutils_commands:/home/umdloop/Downloads/ros2_ws/install/my_package/lib/python3.10/site-packages:${PYTHONPATH} /usr/bin/python3 -W ignore:setup.py install is deprecated -W ignore:easy_install command is deprecated setup.py egg_info --egg-base ../../build/my_package build --build-base /home/umdloop/Downloads/ros2_ws/build/my_package/build install --record /home/umdloop/Downloads/ros2_ws/build/my_package/install.log --single-version-externally-managed install_data
