[1.398s] Invoking command in '/home/umdloop/Downloads/ros2_ws/src/my_package': AMENT_PREFIX_PATH=/home/umdloop/Downloads/ros2_ws/install/zed_wrapper:/home/umdloop/Downloads/ros2_ws/install/zed_components:${AMENT_PREFIX_PATH} CMAKE_PREFIX_PATH=/home/umdloop/Downloads/ros2_ws/install/zed_wrapper:/home/umdloop/Downloads/ros2_ws/install/zed_components LD_LIBRARY_PATH=/home/umdloop/Downloads/ros2_ws/install/zed_components/lib:${LD_LIBRARY_PATH} PYTHONPATH=/home/umdloop/Downloads/ros2_ws/build/my_package/prefix_override:/usr/lib/python3/dist-packages/colcon_core/task/python/colcon_distutils_commands:/home/umdloop/Downloads/ros2_ws/install/my_package/lib/python3.10/site-packages:${PYTHONPATH} /usr/bin/python3 -W ignore:setup.py install is deprecated -W ignore:easy_install command is deprecated setup.py egg_info --egg-base ../../build/my_package build --build-base /home/umdloop/Downloads/ros2_ws/build/my_package/build install --record /home/umdloop/Downloads/ros2_ws/build/my_package/install.log --single-version-externally-managed install_data
[1.918s] running egg_info
[1.921s] writing ../../build/my_package/my_package.egg-info/PKG-INFO
[1.923s] writing dependency_links to ../../build/my_package/my_package.egg-info/dependency_links.txt
[1.925s] writing entry points to ../../build/my_package/my_package.egg-info/entry_points.txt
[1.926s] writing requirements to ../../build/my_package/my_package.egg-info/requires.txt
[1.926s] writing top-level names to ../../build/my_package/my_package.egg-info/top_level.txt
[1.932s] reading manifest file '../../build/my_package/my_package.egg-info/SOURCES.txt'
[1.933s] writing manifest file '../../build/my_package/my_package.egg-info/SOURCES.txt'
[1.933s] running build
[1.934s] running build_py
[1.934s] copying my_package/img_inference.py -> /home/umdloop/Downloads/ros2_ws/build/my_package/build/lib/my_package
[1.935s] running install
[1.937s] running install_lib
[1.939s] copying /home/umdloop/Downloads/ros2_ws/build/my_package/build/lib/my_package/img_inference.py -> /home/umdloop/Downloads/ros2_ws/install/my_package/lib/python3.10/site-packages/my_package
[1.941s] byte-compiling /home/umdloop/Downloads/ros2_ws/install/my_package/lib/python3.10/site-packages/my_package/img_inference.py to img_inference.cpython-310.pyc
[1.943s] running install_data
[1.947s] running install_egg_info
[1.948s] removing '/home/umdloop/Downloads/ros2_ws/install/my_package/lib/python3.10/site-packages/my_package-0.0.0-py3.10.egg-info' (and everything under it)
[1.949s] Copying ../../build/my_package/my_package.egg-info to /home/umdloop/Downloads/ros2_ws/install/my_package/lib/python3.10/site-packages/my_package-0.0.0-py3.10.egg-info
[1.951s] running install_scripts
[1.995s] Installing inference script to /home/umdloop/Downloads/ros2_ws/install/my_package/lib/my_package
[1.995s] Installing my_node script to /home/umdloop/Downloads/ros2_ws/install/my_package/lib/my_package
[1.997s] Installing yolo_ros script to /home/umdloop/Downloads/ros2_ws/install/my_package/lib/my_package
[2.002s] writing list of installed files to '/home/umdloop/Downloads/ros2_ws/build/my_package/install.log'
[2.084s] Invoked command in '/home/umdloop/Downloads/ros2_ws/src/my_package' returned '0': AMENT_PREFIX_PATH=/home/umdloop/Downloads/ros2_ws/install/zed_wrapper:/home/umdloop/Downloads/ros2_ws/install/zed_components:${AMENT_PREFIX_PATH} CMAKE_PREFIX_PATH=/home/umdloop/Downloads/ros2_ws/install/zed_wrapper:/home/umdloop/Downloads/ros2_ws/install/zed_components LD_LIBRARY_PATH=/home/umdloop/Downloads/ros2_ws/install/zed_components/lib:${LD_LIBRARY_PATH} PYTHONPATH=/home/umdloop/Downloads/ros2_ws/build/my_package/prefix_override:/usr/lib/python3/dist-packages/colcon_core/task/python/colcon_distutils_commands:/home/umdloop/Downloads/ros2_ws/install/my_package/lib/python3.10/site-packages:${PYTHONPATH} /usr/bin/python3 -W ignore:setup.py install is deprecated -W ignore:easy_install command is deprecated setup.py egg_info --egg-base ../../build/my_package build --build-base /home/umdloop/Downloads/ros2_ws/build/my_package/build install --record /home/umdloop/Downloads/ros2_ws/build/my_package/install.log --single-version-externally-managed install_data
