[0.024s] Invoking command in '/home/umdloop/Downloads/ros2_ws/build/zed_ros2': AMENT_PREFIX_PATH=/home/umdloop/Downloads/ros2_ws/install/zed_wrapper:/home/umdloop/Downloads/ros2_ws/install/zed_components:${AMENT_PREFIX_PATH} CMAKE_PREFIX_PATH=/home/umdloop/Downloads/ros2_ws/install/zed_wrapper:/home/umdloop/Downloads/ros2_ws/install/zed_components:/home/umdloop/Downloads/ros2_ws/install/my_package:/opt/ros/humble LD_LIBRARY_PATH=/home/umdloop/Downloads/ros2_ws/install/zed_components/lib:${LD_LIBRARY_PATH} /usr/bin/cmake --build /home/umdloop/Downloads/ros2_ws/build/zed_ros2 -- -j6 -l6
[0.104s] Invoked command in '/home/umdloop/Downloads/ros2_ws/build/zed_ros2' returned '0': AMENT_PREFIX_PATH=/home/umdloop/Downloads/ros2_ws/install/zed_wrapper:/home/umdloop/Downloads/ros2_ws/install/zed_components:${AMENT_PREFIX_PATH} CMAKE_PREFIX_PATH=/home/umdloop/Downloads/ros2_ws/install/zed_wrapper:/home/umdloop/Downloads/ros2_ws/install/zed_components:/home/umdloop/Downloads/ros2_ws/install/my_package:/opt/ros/humble LD_LIBRARY_PATH=/home/umdloop/Downloads/ros2_ws/install/zed_components/lib:${LD_LIBRARY_PATH} /usr/bin/cmake --build /home/umdloop/Downloads/ros2_ws/build/zed_ros2 -- -j6 -l6
[0.107s] Invoking command in '/home/umdloop/Downloads/ros2_ws/build/zed_ros2': AMENT_PREFIX_PATH=/home/umdloop/Downloads/ros2_ws/install/zed_wrapper:/home/umdloop/Downloads/ros2_ws/install/zed_components:${AMENT_PREFIX_PATH} CMAKE_PREFIX_PATH=/home/umdloop/Downloads/ros2_ws/install/zed_wrapper:/home/umdloop/Downloads/ros2_ws/install/zed_components:/home/umdloop/Downloads/ros2_ws/install/my_package:/opt/ros/humble LD_LIBRARY_PATH=/home/umdloop/Downloads/ros2_ws/install/zed_components/lib:${LD_LIBRARY_PATH} /usr/bin/cmake --install /home/umdloop/Downloads/ros2_ws/build/zed_ros2
[0.121s] -- Install configuration: ""
[0.121s] -- Up-to-date: /home/umdloop/Downloads/ros2_ws/install/zed_ros2/share/ament_index/resource_index/package_run_dependencies/zed_ros2
[0.121s] -- Up-to-date: /home/umdloop/Downloads/ros2_ws/install/zed_ros2/share/ament_index/resource_index/parent_prefix_path/zed_ros2
[0.121s] -- Up-to-date: /home/umdloop/Downloads/ros2_ws/install/zed_ros2/share/zed_ros2/environment/ament_prefix_path.sh
[0.121s] -- Up-to-date: /home/umdloop/Downloads/ros2_ws/install/zed_ros2/share/zed_ros2/environment/ament_prefix_path.dsv
[0.122s] -- Up-to-date: /home/umdloop/Downloads/ros2_ws/install/zed_ros2/share/zed_ros2/environment/path.sh
[0.122s] -- Up-to-date: /home/umdloop/Downloads/ros2_ws/install/zed_ros2/share/zed_ros2/environment/path.dsv
[0.122s] -- Up-to-date: /home/umdloop/Downloads/ros2_ws/install/zed_ros2/share/zed_ros2/local_setup.bash
[0.122s] -- Up-to-date: /home/umdloop/Downloads/ros2_ws/install/zed_ros2/share/zed_ros2/local_setup.sh
[0.122s] -- Up-to-date: /home/umdloop/Downloads/ros2_ws/install/zed_ros2/share/zed_ros2/local_setup.zsh
[0.122s] -- Up-to-date: /home/umdloop/Downloads/ros2_ws/install/zed_ros2/share/zed_ros2/local_setup.dsv
[0.122s] -- Up-to-date: /home/umdloop/Downloads/ros2_ws/install/zed_ros2/share/zed_ros2/package.dsv
[0.123s] -- Up-to-date: /home/umdloop/Downloads/ros2_ws/install/zed_ros2/share/ament_index/resource_index/packages/zed_ros2
[0.123s] -- Up-to-date: /home/umdloop/Downloads/ros2_ws/install/zed_ros2/share/zed_ros2/cmake/zed_ros2Config.cmake
[0.123s] -- Up-to-date: /home/umdloop/Downloads/ros2_ws/install/zed_ros2/share/zed_ros2/cmake/zed_ros2Config-version.cmake
[0.123s] -- Up-to-date: /home/umdloop/Downloads/ros2_ws/install/zed_ros2/share/zed_ros2/package.xml
[0.126s] Invoked command in '/home/umdloop/Downloads/ros2_ws/build/zed_ros2' returned '0': AMENT_PREFIX_PATH=/home/umdloop/Downloads/ros2_ws/install/zed_wrapper:/home/umdloop/Downloads/ros2_ws/install/zed_components:${AMENT_PREFIX_PATH} CMAKE_PREFIX_PATH=/home/umdloop/Downloads/ros2_ws/install/zed_wrapper:/home/umdloop/Downloads/ros2_ws/install/zed_components:/home/umdloop/Downloads/ros2_ws/install/my_package:/opt/ros/humble LD_LIBRARY_PATH=/home/umdloop/Downloads/ros2_ws/install/zed_components/lib:${LD_LIBRARY_PATH} /usr/bin/cmake --install /home/umdloop/Downloads/ros2_ws/build/zed_ros2
