[0.033s] Invoking command in '/home/umdloop/Downloads/ros2_ws/build/zed_ros2': AMENT_PREFIX_PATH=/home/umdloop/Downloads/ros2_ws/install/zed_wrapper:/home/umdloop/Downloads/ros2_ws/install/zed_components:${AMENT_PREFIX_PATH} CMAKE_PREFIX_PATH=/home/umdloop/Downloads/ros2_ws/install/zed_wrapper:/home/umdloop/Downloads/ros2_ws/install/zed_components:/home/umdloop/Downloads/ros2_ws/install/my_package:/opt/ros/humble LD_LIBRARY_PATH=/home/umdloop/Downloads/ros2_ws/install/zed_components/lib:${LD_LIBRARY_PATH} /usr/bin/cmake /home/umdloop/Downloads/ros2_ws/src/zed-ros2-wrapper/zed_ros2 -DCMAKE_INSTALL_PREFIX=/home/umdloop/Downloads/ros2_ws/install/zed_ros2
[0.074s] -- Found ament_cmake_auto: 1.3.11 (/opt/ros/humble/share/ament_cmake_auto/cmake)
[0.458s] -- Found Python3: /usr/bin/python3 (found version "3.10.12") found components: Interpreter 
[0.782s] -- Found ament_lint_auto: 0.12.11 (/opt/ros/humble/share/ament_lint_auto/cmake)
[0.816s] -- Added test 'copyright' to check source files copyright and LICENSE
[0.818s] -- Added test 'lint_cmake' to check CMake code style
[0.820s] -- Added test 'xmllint' to check XML markup files
[0.824s] -- Configuring done
[0.832s] -- Generating done
[0.836s] -- Build files have been written to: /home/umdloop/Downloads/ros2_ws/build/zed_ros2
[0.842s] Invoked command in '/home/umdloop/Downloads/ros2_ws/build/zed_ros2' returned '0': AMENT_PREFIX_PATH=/home/umdloop/Downloads/ros2_ws/install/zed_wrapper:/home/umdloop/Downloads/ros2_ws/install/zed_components:${AMENT_PREFIX_PATH} CMAKE_PREFIX_PATH=/home/umdloop/Downloads/ros2_ws/install/zed_wrapper:/home/umdloop/Downloads/ros2_ws/install/zed_components:/home/umdloop/Downloads/ros2_ws/install/my_package:/opt/ros/humble LD_LIBRARY_PATH=/home/umdloop/Downloads/ros2_ws/install/zed_components/lib:${LD_LIBRARY_PATH} /usr/bin/cmake /home/umdloop/Downloads/ros2_ws/src/zed-ros2-wrapper/zed_ros2 -DCMAKE_INSTALL_PREFIX=/home/umdloop/Downloads/ros2_ws/install/zed_ros2
[0.846s] Invoking command in '/home/umdloop/Downloads/ros2_ws/build/zed_ros2': AMENT_PREFIX_PATH=/home/umdloop/Downloads/ros2_ws/install/zed_wrapper:/home/umdloop/Downloads/ros2_ws/install/zed_components:${AMENT_PREFIX_PATH} CMAKE_PREFIX_PATH=/home/umdloop/Downloads/ros2_ws/install/zed_wrapper:/home/umdloop/Downloads/ros2_ws/install/zed_components:/home/umdloop/Downloads/ros2_ws/install/my_package:/opt/ros/humble LD_LIBRARY_PATH=/home/umdloop/Downloads/ros2_ws/install/zed_components/lib:${LD_LIBRARY_PATH} /usr/bin/cmake --build /home/umdloop/Downloads/ros2_ws/build/zed_ros2 -- -j6 -l6
[0.933s] Invoked command in '/home/umdloop/Downloads/ros2_ws/build/zed_ros2' returned '0': AMENT_PREFIX_PATH=/home/umdloop/Downloads/ros2_ws/install/zed_wrapper:/home/umdloop/Downloads/ros2_ws/install/zed_components:${AMENT_PREFIX_PATH} CMAKE_PREFIX_PATH=/home/umdloop/Downloads/ros2_ws/install/zed_wrapper:/home/umdloop/Downloads/ros2_ws/install/zed_components:/home/umdloop/Downloads/ros2_ws/install/my_package:/opt/ros/humble LD_LIBRARY_PATH=/home/umdloop/Downloads/ros2_ws/install/zed_components/lib:${LD_LIBRARY_PATH} /usr/bin/cmake --build /home/umdloop/Downloads/ros2_ws/build/zed_ros2 -- -j6 -l6
[0.937s] Invoking command in '/home/umdloop/Downloads/ros2_ws/build/zed_ros2': AMENT_PREFIX_PATH=/home/umdloop/Downloads/ros2_ws/install/zed_wrapper:/home/umdloop/Downloads/ros2_ws/install/zed_components:${AMENT_PREFIX_PATH} CMAKE_PREFIX_PATH=/home/umdloop/Downloads/ros2_ws/install/zed_wrapper:/home/umdloop/Downloads/ros2_ws/install/zed_components:/home/umdloop/Downloads/ros2_ws/install/my_package:/opt/ros/humble LD_LIBRARY_PATH=/home/umdloop/Downloads/ros2_ws/install/zed_components/lib:${LD_LIBRARY_PATH} /usr/bin/cmake --install /home/umdloop/Downloads/ros2_ws/build/zed_ros2
[0.952s] -- Install configuration: ""
[0.953s] -- Installing: /home/umdloop/Downloads/ros2_ws/install/zed_ros2/share/ament_index/resource_index/package_run_dependencies/zed_ros2
[0.953s] -- Installing: /home/umdloop/Downloads/ros2_ws/install/zed_ros2/share/ament_index/resource_index/parent_prefix_path/zed_ros2
[0.954s] -- Installing: /home/umdloop/Downloads/ros2_ws/install/zed_ros2/share/zed_ros2/environment/ament_prefix_path.sh
[0.954s] -- Installing: /home/umdloop/Downloads/ros2_ws/install/zed_ros2/share/zed_ros2/environment/ament_prefix_path.dsv
[0.955s] -- Installing: /home/umdloop/Downloads/ros2_ws/install/zed_ros2/share/zed_ros2/environment/path.sh
[0.955s] -- Installing: /home/umdloop/Downloads/ros2_ws/install/zed_ros2/share/zed_ros2/environment/path.dsv
[0.955s] -- Installing: /home/umdloop/Downloads/ros2_ws/install/zed_ros2/share/zed_ros2/local_setup.bash
[0.956s] -- Installing: /home/umdloop/Downloads/ros2_ws/install/zed_ros2/share/zed_ros2/local_setup.sh
[0.956s] -- Installing: /home/umdloop/Downloads/ros2_ws/install/zed_ros2/share/zed_ros2/local_setup.zsh
[0.956s] -- Installing: /home/umdloop/Downloads/ros2_ws/install/zed_ros2/share/zed_ros2/local_setup.dsv
[0.956s] -- Installing: /home/umdloop/Downloads/ros2_ws/install/zed_ros2/share/zed_ros2/package.dsv
[0.957s] -- Installing: /home/umdloop/Downloads/ros2_ws/install/zed_ros2/share/ament_index/resource_index/packages/zed_ros2
[0.957s] -- Installing: /home/umdloop/Downloads/ros2_ws/install/zed_ros2/share/zed_ros2/cmake/zed_ros2Config.cmake
[0.958s] -- Installing: /home/umdloop/Downloads/ros2_ws/install/zed_ros2/share/zed_ros2/cmake/zed_ros2Config-version.cmake
[0.958s] -- Installing: /home/umdloop/Downloads/ros2_ws/install/zed_ros2/share/zed_ros2/package.xml
[0.964s] Invoked command in '/home/umdloop/Downloads/ros2_ws/build/zed_ros2' returned '0': AMENT_PREFIX_PATH=/home/umdloop/Downloads/ros2_ws/install/zed_wrapper:/home/umdloop/Downloads/ros2_ws/install/zed_components:${AMENT_PREFIX_PATH} CMAKE_PREFIX_PATH=/home/umdloop/Downloads/ros2_ws/install/zed_wrapper:/home/umdloop/Downloads/ros2_ws/install/zed_components:/home/umdloop/Downloads/ros2_ws/install/my_package:/opt/ros/humble LD_LIBRARY_PATH=/home/umdloop/Downloads/ros2_ws/install/zed_components/lib:${LD_LIBRARY_PATH} /usr/bin/cmake --install /home/umdloop/Downloads/ros2_ws/build/zed_ros2
