-- Install configuration: ""
-- Up-to-date: /home/umdloop/Downloads/ros2_ws/install/zed_wrapper/share/zed_wrapper/config
-- Up-to-date: /home/umdloop/Downloads/ros2_ws/install/zed_wrapper/share/zed_wrapper/config/zed2i.yaml
-- Up-to-date: /home/umdloop/Downloads/ros2_ws/install/zed_wrapper/share/zed_wrapper/config/zedxonegs.yaml
-- Up-to-date: /home/umdloop/Downloads/ros2_ws/install/zed_wrapper/share/zed_wrapper/config/zedx.yaml
-- Up-to-date: /home/umdloop/Downloads/ros2_ws/install/zed_wrapper/share/zed_wrapper/config/common_mono.yaml
-- Up-to-date: /home/umdloop/Downloads/ros2_ws/install/zed_wrapper/share/zed_wrapper/config/zedxone4k.yaml
-- Up-to-date: /home/umdloop/Downloads/ros2_ws/install/zed_wrapper/share/zed_wrapper/config/zedxm.yaml
-- Up-to-date: /home/umdloop/Downloads/ros2_ws/install/zed_wrapper/share/zed_wrapper/config/ffmpeg.yaml
-- Up-to-date: /home/umdloop/Downloads/ros2_ws/install/zed_wrapper/share/zed_wrapper/config/zedm.yaml
-- Up-to-date: /home/umdloop/Downloads/ros2_ws/install/zed_wrapper/share/zed_wrapper/config/common_stereo.yaml
-- Up-to-date: /home/umdloop/Downloads/ros2_ws/install/zed_wrapper/share/zed_wrapper/config/virtual.yaml
-- Up-to-date: /home/umdloop/Downloads/ros2_ws/install/zed_wrapper/share/zed_wrapper/config/zed2.yaml
-- Up-to-date: /home/umdloop/Downloads/ros2_ws/install/zed_wrapper/share/zed_wrapper/config/zed.yaml
-- Up-to-date: /home/umdloop/Downloads/ros2_ws/install/zed_wrapper/share/zed_wrapper/urdf
-- Up-to-date: /home/umdloop/Downloads/ros2_ws/install/zed_wrapper/share/zed_wrapper/urdf/zed_descr.urdf.xacro
-- Up-to-date: /home/umdloop/Downloads/ros2_ws/install/zed_wrapper/share/zed_wrapper/urdf/zed_macro.urdf.xacro
-- Up-to-date: /home/umdloop/Downloads/ros2_ws/install/zed_wrapper/share/zed_wrapper/urdf/include
-- Up-to-date: /home/umdloop/Downloads/ros2_ws/install/zed_wrapper/share/zed_wrapper/urdf/include/materials.urdf.xacro
-- Up-to-date: /home/umdloop/Downloads/ros2_ws/install/zed_wrapper/share/zed_wrapper/launch
-- Up-to-date: /home/umdloop/Downloads/ros2_ws/install/zed_wrapper/share/zed_wrapper/launch/zed_camera.launch.py
-- Up-to-date: /home/umdloop/Downloads/ros2_ws/install/zed_wrapper/share/ament_index/resource_index/package_run_dependencies/zed_wrapper
-- Up-to-date: /home/umdloop/Downloads/ros2_ws/install/zed_wrapper/share/ament_index/resource_index/parent_prefix_path/zed_wrapper
-- Up-to-date: /home/umdloop/Downloads/ros2_ws/install/zed_wrapper/share/zed_wrapper/environment/ament_prefix_path.sh
-- Up-to-date: /home/umdloop/Downloads/ros2_ws/install/zed_wrapper/share/zed_wrapper/environment/ament_prefix_path.dsv
-- Up-to-date: /home/umdloop/Downloads/ros2_ws/install/zed_wrapper/share/zed_wrapper/environment/path.sh
-- Up-to-date: /home/umdloop/Downloads/ros2_ws/install/zed_wrapper/share/zed_wrapper/environment/path.dsv
-- Up-to-date: /home/umdloop/Downloads/ros2_ws/install/zed_wrapper/share/zed_wrapper/local_setup.bash
-- Up-to-date: /home/umdloop/Downloads/ros2_ws/install/zed_wrapper/share/zed_wrapper/local_setup.sh
-- Up-to-date: /home/umdloop/Downloads/ros2_ws/install/zed_wrapper/share/zed_wrapper/local_setup.zsh
-- Up-to-date: /home/umdloop/Downloads/ros2_ws/install/zed_wrapper/share/zed_wrapper/local_setup.dsv
-- Installing: /home/umdloop/Downloads/ros2_ws/install/zed_wrapper/share/zed_wrapper/package.dsv
-- Up-to-date: /home/umdloop/Downloads/ros2_ws/install/zed_wrapper/share/ament_index/resource_index/packages/zed_wrapper
-- Up-to-date: /home/umdloop/Downloads/ros2_ws/install/zed_wrapper/share/zed_wrapper/cmake/zed_wrapperConfig.cmake
-- Up-to-date: /home/umdloop/Downloads/ros2_ws/install/zed_wrapper/share/zed_wrapper/cmake/zed_wrapperConfig-version.cmake
-- Up-to-date: /home/umdloop/Downloads/ros2_ws/install/zed_wrapper/share/zed_wrapper/package.xml
