/home/umdloop/Downloads/ros2_ws/install/my_package/lib/python3.10/site-packages/my_package/image_publisher.py
/home/umdloop/Downloads/ros2_ws/install/my_package/lib/python3.10/site-packages/my_package/__init__.py
/home/umdloop/Downloads/ros2_ws/install/my_package/lib/python3.10/site-packages/my_package/img_inference.py
/home/umdloop/Downloads/ros2_ws/install/my_package/lib/python3.10/site-packages/my_package/my_node.py
/home/umdloop/Downloads/ros2_ws/install/my_package/lib/python3.10/site-packages/my_package/__pycache__/image_publisher.cpython-310.pyc
/home/umdloop/Downloads/ros2_ws/install/my_package/lib/python3.10/site-packages/my_package/__pycache__/__init__.cpython-310.pyc
/home/umdloop/Downloads/ros2_ws/install/my_package/lib/python3.10/site-packages/my_package/__pycache__/img_inference.cpython-310.pyc
/home/umdloop/Downloads/ros2_ws/install/my_package/lib/python3.10/site-packages/my_package/__pycache__/my_node.cpython-310.pyc
/home/umdloop/Downloads/ros2_ws/install/my_package/share/ament_index/resource_index/packages/my_package
/home/umdloop/Downloads/ros2_ws/install/my_package/share/my_package/package.xml
/home/umdloop/Downloads/ros2_ws/install/my_package/lib/python3.10/site-packages/my_package-0.0.0-py3.10.egg-info/SOURCES.txt
/home/umdloop/Downloads/ros2_ws/install/my_package/lib/python3.10/site-packages/my_package-0.0.0-py3.10.egg-info/zip-safe
/home/umdloop/Downloads/ros2_ws/install/my_package/lib/python3.10/site-packages/my_package-0.0.0-py3.10.egg-info/top_level.txt
/home/umdloop/Downloads/ros2_ws/install/my_package/lib/python3.10/site-packages/my_package-0.0.0-py3.10.egg-info/entry_points.txt
/home/umdloop/Downloads/ros2_ws/install/my_package/lib/python3.10/site-packages/my_package-0.0.0-py3.10.egg-info/requires.txt
/home/umdloop/Downloads/ros2_ws/install/my_package/lib/python3.10/site-packages/my_package-0.0.0-py3.10.egg-info/dependency_links.txt
/home/umdloop/Downloads/ros2_ws/install/my_package/lib/python3.10/site-packages/my_package-0.0.0-py3.10.egg-info/PKG-INFO
/home/umdloop/Downloads/ros2_ws/install/my_package/lib/my_package/inference
/home/umdloop/Downloads/ros2_ws/install/my_package/lib/my_package/my_node
/home/umdloop/Downloads/ros2_ws/install/my_package/lib/my_package/yolo_ros
