running egg_info
writing ../../build/my_package/my_package.egg-info/PKG-INFO
writing dependency_links to ../../build/my_package/my_package.egg-info/dependency_links.txt
writing entry points to ../../build/my_package/my_package.egg-info/entry_points.txt
writing requirements to ../../build/my_package/my_package.egg-info/requires.txt
writing top-level names to ../../build/my_package/my_package.egg-info/top_level.txt
reading manifest file '../../build/my_package/my_package.egg-info/SOURCES.txt'
writing manifest file '../../build/my_package/my_package.egg-info/SOURCES.txt'
running build
running build_py
copying my_package/image_publisher.py -> /home/umdloop/Downloads/ros2_ws/build/my_package/build/lib/my_package
copying my_package/img_inference.py -> /home/umdloop/Downloads/ros2_ws/build/my_package/build/lib/my_package
running install
running install_lib
copying /home/umdloop/Downloads/ros2_ws/build/my_package/build/lib/my_package/image_publisher.py -> /home/umdloop/Downloads/ros2_ws/install/my_package/lib/python3.10/site-packages/my_package
copying /home/umdloop/Downloads/ros2_ws/build/my_package/build/lib/my_package/img_inference.py -> /home/umdloop/Downloads/ros2_ws/install/my_package/lib/python3.10/site-packages/my_package
byte-compiling /home/umdloop/Downloads/ros2_ws/install/my_package/lib/python3.10/site-packages/my_package/image_publisher.py to image_publisher.cpython-310.pyc
byte-compiling /home/umdloop/Downloads/ros2_ws/install/my_package/lib/python3.10/site-packages/my_package/img_inference.py to img_inference.cpython-310.pyc
running install_data
running install_egg_info
removing '/home/umdloop/Downloads/ros2_ws/install/my_package/lib/python3.10/site-packages/my_package-0.0.0-py3.10.egg-info' (and everything under it)
Copying ../../build/my_package/my_package.egg-info to /home/umdloop/Downloads/ros2_ws/install/my_package/lib/python3.10/site-packages/my_package-0.0.0-py3.10.egg-info
running install_scripts
Installing inference script to /home/umdloop/Downloads/ros2_ws/install/my_package/lib/my_package
Installing my_node script to /home/umdloop/Downloads/ros2_ws/install/my_package/lib/my_package
Installing yolo_ros script to /home/umdloop/Downloads/ros2_ws/install/my_package/lib/my_package
writing list of installed files to '/home/umdloop/Downloads/ros2_ws/build/my_package/install.log'
