[0.028s] Invoking command in '/home/umdloop/Downloads/ros2_ws/build/zed_components': CMAKE_PREFIX_PATH=/opt/ros/humble /usr/bin/cmake --build /home/umdloop/Downloads/ros2_ws/build/zed_components -- -j6 -l6
[0.162s] [ 50%] Built target zed_camera_component
[0.164s] [100%] Built target zed_camera_one_component
[0.193s] Invoked command in '/home/umdloop/Downloads/ros2_ws/build/zed_components' returned '0': CMAKE_PREFIX_PATH=/opt/ros/humble /usr/bin/cmake --build /home/umdloop/Downloads/ros2_ws/build/zed_components -- -j6 -l6
[0.217s] Invoking command in '/home/umdloop/Downloads/ros2_ws/build/zed_components': CMAKE_PREFIX_PATH=/opt/ros/humble /usr/bin/cmake --install /home/umdloop/Downloads/ros2_ws/build/zed_components
[0.233s] -- Install configuration: "Release"
[0.234s] -- Up-to-date: /home/umdloop/Downloads/ros2_ws/install/zed_components/lib/libzed_camera_component.so
[0.234s] -- Up-to-date: /home/umdloop/Downloads/ros2_ws/install/zed_components/lib/libzed_camera_one_component.so
[0.234s] -- Up-to-date: /home/umdloop/Downloads/ros2_ws/install/zed_components/include/zed_components/
[0.235s] -- Up-to-date: /home/umdloop/Downloads/ros2_ws/install/zed_components/include/zed_components//cost_traversability.hpp
[0.235s] -- Up-to-date: /home/umdloop/Downloads/ros2_ws/install/zed_components/include/zed_components//zed_camera_one_component.hpp
[0.235s] -- Up-to-date: /home/umdloop/Downloads/ros2_ws/install/zed_components/include/zed_components//sl_types.hpp
[0.236s] -- Up-to-date: /home/umdloop/Downloads/ros2_ws/install/zed_components/include/zed_components//zed_camera_component.hpp
[0.236s] -- Up-to-date: /home/umdloop/Downloads/ros2_ws/install/zed_components/include/zed_components/
[0.236s] -- Up-to-date: /home/umdloop/Downloads/ros2_ws/install/zed_components/include/zed_components//sl_tools.hpp
[0.236s] -- Up-to-date: /home/umdloop/Downloads/ros2_ws/install/zed_components/include/zed_components//json.hpp
[0.236s] -- Up-to-date: /home/umdloop/Downloads/ros2_ws/install/zed_components/include/zed_components//sl_logging.hpp
[0.236s] -- Up-to-date: /home/umdloop/Downloads/ros2_ws/install/zed_components/include/zed_components//gnss_replay.hpp
[0.237s] -- Up-to-date: /home/umdloop/Downloads/ros2_ws/install/zed_components/include/zed_components//sl_win_avg.hpp
[0.237s] -- Up-to-date: /home/umdloop/Downloads/ros2_ws/install/zed_components/include/zed_components/
[0.237s] -- Up-to-date: /home/umdloop/Downloads/ros2_ws/install/zed_components/include/zed_components//visibility_control.hpp
[0.237s] -- Up-to-date: /home/umdloop/Downloads/ros2_ws/install/zed_components/share/zed_components/environment/library_path.sh
[0.238s] -- Up-to-date: /home/umdloop/Downloads/ros2_ws/install/zed_components/share/zed_components/environment/library_path.dsv
[0.238s] -- Up-to-date: /home/umdloop/Downloads/ros2_ws/install/zed_components/share/ament_index/resource_index/package_run_dependencies/zed_components
[0.238s] -- Up-to-date: /home/umdloop/Downloads/ros2_ws/install/zed_components/share/ament_index/resource_index/parent_prefix_path/zed_components
[0.238s] -- Up-to-date: /home/umdloop/Downloads/ros2_ws/install/zed_components/share/zed_components/environment/ament_prefix_path.sh
[0.238s] -- Up-to-date: /home/umdloop/Downloads/ros2_ws/install/zed_components/share/zed_components/environment/ament_prefix_path.dsv
[0.238s] -- Up-to-date: /home/umdloop/Downloads/ros2_ws/install/zed_components/share/zed_components/environment/path.sh
[0.238s] -- Up-to-date: /home/umdloop/Downloads/ros2_ws/install/zed_components/share/zed_components/environment/path.dsv
[0.239s] -- Up-to-date: /home/umdloop/Downloads/ros2_ws/install/zed_components/share/zed_components/local_setup.bash
[0.239s] -- Up-to-date: /home/umdloop/Downloads/ros2_ws/install/zed_components/share/zed_components/local_setup.sh
[0.239s] -- Up-to-date: /home/umdloop/Downloads/ros2_ws/install/zed_components/share/zed_components/local_setup.zsh
[0.239s] -- Up-to-date: /home/umdloop/Downloads/ros2_ws/install/zed_components/share/zed_components/local_setup.dsv
[0.239s] -- Installing: /home/umdloop/Downloads/ros2_ws/install/zed_components/share/zed_components/package.dsv
[0.239s] -- Up-to-date: /home/umdloop/Downloads/ros2_ws/install/zed_components/share/ament_index/resource_index/packages/zed_components
[0.239s] -- Up-to-date: /home/umdloop/Downloads/ros2_ws/install/zed_components/share/ament_index/resource_index/rclcpp_components/zed_components
[0.239s] -- Up-to-date: /home/umdloop/Downloads/ros2_ws/install/zed_components/share/zed_components/cmake/ament_cmake_export_include_directories-extras.cmake
[0.240s] -- Up-to-date: /home/umdloop/Downloads/ros2_ws/install/zed_components/share/zed_components/cmake/ament_cmake_export_libraries-extras.cmake
[0.240s] -- Up-to-date: /home/umdloop/Downloads/ros2_ws/install/zed_components/share/zed_components/cmake/ament_cmake_export_dependencies-extras.cmake
[0.240s] -- Up-to-date: /home/umdloop/Downloads/ros2_ws/install/zed_components/share/zed_components/cmake/zed_componentsConfig.cmake
[0.241s] -- Up-to-date: /home/umdloop/Downloads/ros2_ws/install/zed_components/share/zed_components/cmake/zed_componentsConfig-version.cmake
[0.241s] -- Up-to-date: /home/umdloop/Downloads/ros2_ws/install/zed_components/share/zed_components/package.xml
[0.244s] Invoked command in '/home/umdloop/Downloads/ros2_ws/build/zed_components' returned '0': CMAKE_PREFIX_PATH=/opt/ros/humble /usr/bin/cmake --install /home/umdloop/Downloads/ros2_ws/build/zed_components
